#
# There is insufficient memory for the Java Runtime Environment to continue.
# Native memory allocation (mmap) failed to map 266338304 bytes for G1 virtual space
# Possible reasons:
#   The system is out of physical RAM or swap space
#   The process is running with CompressedOops enabled, and the Java Heap may be blocking the growth of the native heap
# Possible solutions:
#   Reduce memory load on the system
#   Increase physical memory or swap space
#   Check if swap backing store is full
#   Decrease Java heap size (-Xmx/-Xms)
#   Decrease number of Java threads
#   Decrease Java thread stack sizes (-Xss)
#   Set larger code cache with -XX:ReservedCodeCacheSize=
#   JVM is running with Zero Based Compressed Oops mode in which the Java heap is
#     placed in the first 32GB address space. The Java Heap base address is the
#     maximum limit for the native heap growth. Please use -XX:HeapBaseMinAddress
#     to set the Java Heap base and to place the Java Heap above 32GB virtual address.
# This output file may be truncated or incomplete.
#
#  Out of Memory Error (os_windows.cpp:3469), pid=22468, tid=26880
#
# JRE version:  (17.0.1+12) (build )
# Java VM: Java HotSpot(TM) 64-Bit Server VM (17.0.1+12-LTS-39, mixed mode, emulated-client, sharing, tiered, compressed oops, compressed class ptrs, g1 gc, windows-amd64)
# No core dump will be written. Minidumps are not enabled by default on client versions of Windows
#

---------------  S U M M A R Y ------------

Command Line: -agentlib:jdwp=transport=dt_socket,address=127.0.0.1:59736,suspend=y,server=n -agentpath:C:\Users\moeha\AppData\Local\Temp\idea_libasyncProfiler_dll_temp_folder8\libasyncProfiler.dll=version,jfr,event=wall,interval=10ms,cstack=no,file=C:\Users\moeha\IdeaSnapshots\Application_2026_06_13_151635.jfr,dbghelppath=C:\Users\moeha\AppData\Local\Temp\idea_dbghelp_dll_temp_folder3\dbghelp.dll,log=C:\Users\moeha\AppData\Local\Temp\Application_2026_06_13_151635.jfr.log.txt,logLevel=DEBUG -XX:TieredStopAtLevel=1 -Dspring.output.ansi.enabled=always -javaagent:C:\Users\moeha\AppData\Local\JetBrains\IntelliJIdea2024.3\captureAgent\debugger-agent.jar -Dkotlinx.coroutines.debug.enable.creation.stack.trace=false -Ddebugger.agent.enable.coroutines=true -Dkotlinx.coroutines.debug.enable.flows.stack.trace=true -Dkotlinx.coroutines.debug.enable.mutable.state.flows.stack.trace=true -Dfile.encoding=UTF-8 bs.olympic.academy.management.Application

Host: Intel(R) Core(TM) i7-8850H CPU @ 2.60GHz, 12 cores, 15G,  Windows 10 , 64 bit Build 26100 (10.0.26100.7705)
Time: Sat Jun 13 15:16:36 2026 Egypt Daylight Time elapsed time: 0.042206 seconds (0d 0h 0m 0s)

---------------  T H R E A D  ---------------

Current thread (0x00000227373ae150):  JavaThread "Unknown thread" [_thread_in_vm, id=26880, stack(0x00000064c4500000,0x00000064c4600000)]

Stack: [0x00000064c4500000,0x00000064c4600000]
Native frames: (J=compiled Java code, j=interpreted, Vv=VM code, C=native code)
V  [jvm.dll+0x66fa1a]
V  [jvm.dll+0x7ce5a4]
V  [jvm.dll+0x7cfd4e]
V  [jvm.dll+0x7d03b3]
V  [jvm.dll+0x242b05]
V  [jvm.dll+0x66ca39]
V  [jvm.dll+0x661502]
V  [jvm.dll+0x30081b]
V  [jvm.dll+0x307da6]
V  [jvm.dll+0x357a1e]
V  [jvm.dll+0x357c4f]
V  [jvm.dll+0x2d7ad8]
V  [jvm.dll+0x2d8a44]
V  [jvm.dll+0x7a01e1]
V  [jvm.dll+0x365791]
V  [jvm.dll+0x77f6cc]
V  [jvm.dll+0x3e812f]
V  [jvm.dll+0x3e9bd1]
C  [jli.dll+0x527b]
C  [ucrtbase.dll+0x37b0]
C  [KERNEL32.DLL+0x2e8d7]
C  [ntdll.dll+0x8c40c]


---------------  P R O C E S S  ---------------

Threads class SMR info:
_java_thread_list=0x00007ff9e04a7818, length=0, elements={
}

Java Threads: ( => current thread )

Other Threads:
  0x000002273ed91c20 GCTaskThread "GC Thread#0" [stack: 0x00000064c4600000,0x00000064c4700000] [id=26792]
  0x000002273eda37b0 ConcurrentGCThread "G1 Main Marker" [stack: 0x00000064c4700000,0x00000064c4800000] [id=17420]
  0x000002273eda4960 ConcurrentGCThread "G1 Conc#0" [stack: 0x00000064c4800000,0x00000064c4900000] [id=23720]

[error occurred during error reporting (printing all threads), id 0xc0000005, EXCEPTION_ACCESS_VIOLATION (0xc0000005) at pc=0x00007ff9dfcf84b7]

VM state: not at safepoint (not fully initialized)

VM Mutex/Monitor currently owned by a thread:  ([mutex/lock_event])
[0x000002273ed34400] Heap_lock - owner thread: 0x00000227373ae150

Heap address: 0x0000000703400000, size: 4044 MB, Compressed Oops mode: Zero based, Oop shift amount: 3

CDS archive(s) mapped at: [0x0000000000000000-0x0000000000000000-0x0000000000000000), size 0, SharedBaseAddress: 0x0000000800000000, ArchiveRelocationMode: 0.
Narrow klass base: 0x0000000000000000, Narrow klass shift: 0, Narrow klass range: 0x0

GC Precious Log:
<Empty>

Heap:
 garbage-first heap   total 0K, used 0K [0x0000000703400000, 0x0000000800000000)
  region size 2048K, 0 young (0K), 0 survivors (0K)

[error occurred during error reporting (printing heap information), id 0xc0000005, EXCEPTION_ACCESS_VIOLATION (0xc0000005) at pc=0x00007ff9e00d8d89]

GC Heap History (0 events):
No events

Deoptimization events (0 events):
No events

Classes unloaded (0 events):
No events

Classes redefined (0 events):
No events

Internal exceptions (0 events):
No events

VM Operations (0 events):
No events

Events (2 events):
Event: 0.030 Loaded shared library C:\Program Files\Java\jdk-17.0.1\bin\java.dll
Event: 0.034 Loaded shared library C:\Program Files\Java\jdk-17.0.1\bin\zip.dll


Dynamic libraries:
0x00007ff7f33c0000 - 0x00007ff7f33d0000 	C:\Program Files\Java\jdk-17.0.1\bin\java.exe
0x00007ffa58060000 - 0x00007ffa582c8000 	C:\WINDOWS\SYSTEM32\ntdll.dll
0x00007ffa57200000 - 0x00007ffa572c9000 	C:\WINDOWS\System32\KERNEL32.DLL
0x00007ffa54940000 - 0x00007ffa54d31000 	C:\WINDOWS\System32\KERNELBASE.dll
0x00007ffa54e00000 - 0x00007ffa54f4b000 	C:\WINDOWS\System32\ucrtbase.dll
0x00007ffa39200000 - 0x00007ffa3921a000 	C:\Program Files\Java\jdk-17.0.1\bin\VCRUNTIME140.dll
0x00007ffa391e0000 - 0x00007ffa391f8000 	C:\Program Files\Java\jdk-17.0.1\bin\jli.dll
0x00007ffa56240000 - 0x00007ffa562f4000 	C:\WINDOWS\System32\ADVAPI32.dll
0x00007ffa57880000 - 0x00007ffa57929000 	C:\WINDOWS\System32\msvcrt.dll
0x00007ffa55ec0000 - 0x00007ffa55f66000 	C:\WINDOWS\System32\sechost.dll
0x00007ffa57d50000 - 0x00007ffa57e68000 	C:\WINDOWS\System32\RPCRT4.dll
0x00007ffa56300000 - 0x00007ffa564c6000 	C:\WINDOWS\System32\USER32.dll
0x00007ffa31c50000 - 0x00007ffa31ee3000 	C:\WINDOWS\WinSxS\amd64_microsoft.windows.common-controls_6595b64144ccf1df_6.0.26100.7824_none_3e0870b2e3345462\COMCTL32.dll
0x00007ffa55b00000 - 0x00007ffa55b27000 	C:\WINDOWS\System32\win32u.dll
0x00007ffa56210000 - 0x00007ffa5623b000 	C:\WINDOWS\System32\GDI32.dll
0x00007ffa54fe0000 - 0x00007ffa5510b000 	C:\WINDOWS\System32\gdi32full.dll
0x00007ffa4cf40000 - 0x00007ffa4cf4b000 	C:\WINDOWS\SYSTEM32\VERSION.dll
0x00007ffa55b30000 - 0x00007ffa55bd3000 	C:\WINDOWS\System32\msvcp_win.dll
0x00007ffa566a0000 - 0x00007ffa566d1000 	C:\WINDOWS\System32\IMM32.DLL
0x00007ffa500d0000 - 0x00007ffa500dc000 	C:\Program Files\Java\jdk-17.0.1\bin\vcruntime140_1.dll
0x00007ff9e8700000 - 0x00007ff9e878d000 	C:\Program Files\Java\jdk-17.0.1\bin\msvcp140.dll
0x00007ff9dfa10000 - 0x00007ff9e05ce000 	C:\Program Files\Java\jdk-17.0.1\bin\server\jvm.dll
0x00007ffa56200000 - 0x00007ffa56208000 	C:\WINDOWS\System32\PSAPI.DLL
0x00007ffa48ce0000 - 0x00007ffa48cea000 	C:\WINDOWS\SYSTEM32\WSOCK32.dll
0x00007ffa45650000 - 0x00007ffa45685000 	C:\WINDOWS\SYSTEM32\WINMM.dll
0x00007ffa57930000 - 0x00007ffa579a4000 	C:\WINDOWS\System32\WS2_32.dll
0x00007ffa537c0000 - 0x00007ffa537db000 	C:\WINDOWS\SYSTEM32\kernel.appcore.dll
0x00007ffa4f5e0000 - 0x00007ffa4f5ea000 	C:\Program Files\Java\jdk-17.0.1\bin\jimage.dll
0x00007ffa52850000 - 0x00007ffa52a92000 	C:\WINDOWS\SYSTEM32\DBGHELP.DLL
0x00007ffa579b0000 - 0x00007ffa57d36000 	C:\WINDOWS\System32\combase.dll
0x00007ffa55fa0000 - 0x00007ffa56077000 	C:\WINDOWS\System32\OLEAUT32.dll
0x00007ffa37360000 - 0x00007ffa3739b000 	C:\WINDOWS\SYSTEM32\dbgcore.DLL
0x00007ffa55d50000 - 0x00007ffa55df5000 	C:\WINDOWS\System32\bcryptPrimitives.dll
0x00007ffa13530000 - 0x00007ffa1356b000 	C:\Program Files\Java\jdk-17.0.1\bin\jdwp.dll
0x00007ff9e1580000 - 0x00007ff9e178e000 	C:\Users\moeha\AppData\Local\Temp\idea_libasyncProfiler_dll_temp_folder8\libasyncProfiler.dll
0x00007ffa2e460000 - 0x00007ffa2e46e000 	C:\Program Files\Java\jdk-17.0.1\bin\instrument.dll
0x00007ff9e9fd0000 - 0x00007ff9e9ff5000 	C:\Program Files\Java\jdk-17.0.1\bin\java.dll
0x00007ffa0c740000 - 0x00007ffa0c758000 	C:\Program Files\Java\jdk-17.0.1\bin\zip.dll

dbghelp: loaded successfully - version: 4.0.5 - missing functions: none
symbol engine: initialized successfully - sym options: 0x614 - pdb path: .;C:\Program Files\Java\jdk-17.0.1\bin;C:\WINDOWS\SYSTEM32;C:\WINDOWS\WinSxS\amd64_microsoft.windows.common-controls_6595b64144ccf1df_6.0.26100.7824_none_3e0870b2e3345462;C:\Program Files\Java\jdk-17.0.1\bin\server;C:\Users\moeha\AppData\Local\Temp\idea_libasyncProfiler_dll_temp_folder8

VM Arguments:
jvm_args: -agentlib:jdwp=transport=dt_socket,address=127.0.0.1:59736,suspend=y,server=n -agentpath:C:\Users\moeha\AppData\Local\Temp\idea_libasyncProfiler_dll_temp_folder8\libasyncProfiler.dll=version,jfr,event=wall,interval=10ms,cstack=no,file=C:\Users\moeha\IdeaSnapshots\Application_2026_06_13_151635.jfr,dbghelppath=C:\Users\moeha\AppData\Local\Temp\idea_dbghelp_dll_temp_folder3\dbghelp.dll,log=C:\Users\moeha\AppData\Local\Temp\Application_2026_06_13_151635.jfr.log.txt,logLevel=DEBUG -XX:TieredStopAtLevel=1 -Dspring.output.ansi.enabled=always -javaagent:C:\Users\moeha\AppData\Local\JetBrains\IntelliJIdea2024.3\captureAgent\debugger-agent.jar -Dkotlinx.coroutines.debug.enable.creation.stack.trace=false -Ddebugger.agent.enable.coroutines=true -Dkotlinx.coroutines.debug.enable.flows.stack.trace=true -Dkotlinx.coroutines.debug.enable.mutable.state.flows.stack.trace=true -Dfile.encoding=UTF-8 
java_command: bs.olympic.academy.management.Application
java_class_path (initial): C:\Program Files\JetBrains\IntelliJ IDEA 2024.3.1.1\lib\idea_rt.jar
Launcher Type: SUN_STANDARD

[Global flags]
     intx CICompilerCount                          = 4                                         {product} {ergonomic}
     uint ConcGCThreads                            = 3                                         {product} {ergonomic}
     uint G1ConcRefinementThreads                  = 10                                        {product} {ergonomic}
   size_t G1HeapRegionSize                         = 2097152                                   {product} {ergonomic}
    uintx GCDrainStackTargetSize                   = 64                                        {product} {ergonomic}
   size_t InitialHeapSize                          = 266338304                                 {product} {ergonomic}
   size_t MarkStackSize                            = 4194304                                   {product} {ergonomic}
   size_t MaxHeapSize                              = 4240441344                                {product} {ergonomic}
   size_t MinHeapDeltaBytes                        = 2097152                                   {product} {ergonomic}
   size_t MinHeapSize                              = 8388608                                   {product} {ergonomic}
    uintx NonProfiledCodeHeapSize                  = 0                                      {pd product} {ergonomic}
     bool ProfileInterpreter                       = false                                  {pd product} {command line}
    uintx ProfiledCodeHeapSize                     = 0                                      {pd product} {ergonomic}
   size_t SoftMaxHeapSize                          = 4240441344                             {manageable} {ergonomic}
     intx TieredStopAtLevel                        = 1                                         {product} {command line}
     bool UseCompressedClassPointers               = true                           {product lp64_product} {ergonomic}
     bool UseCompressedOops                        = true                           {product lp64_product} {ergonomic}
     bool UseG1GC                                  = true                                      {product} {ergonomic}
     bool UseLargePagesIndividualAllocation        = false                                  {pd product} {ergonomic}

Logging:
Log output configuration:
 #0: stdout all=warning uptime,level,tags
 #1: stderr all=off uptime,level,tags

Environment Variables:
JAVA_HOME=C:\Program Files\Java\jdk-17.0.1
PATH=C:\Program Files\Java\jdk-17.0.1\bin;C:\Program Files\Java\jdk-17.0.1\bin;C:\Program Files\Common Files\Oracle\Java\javapath;C:\Program Files (x86)\Common Files\Oracle\Java\javapath;C:\WINDOWS\system32;C:\WINDOWS;C:\WINDOWS\System32\Wbem;C:\WINDOWS\System32\WindowsPowerShell\v1.0\;C:\WINDOWS\System32\OpenSSH\;C:\Program Files\nodejs\;C:\ProgramData\chocolatey\bin;C:\apache-maven-3.9.5\bin;C:\xampp\php;C:\Users\moeha\AppData\Local\Programs\Python\Python311\Scripts;C:\Program Files\Git\cmd;C:\Program Files (x86)\Microsoft SQL Server\160\DTS\Binn\;C:\Program Files\PuTTY\;C:\Users\moeha\AppData\Local\Programs\Python\Python311\;C:\msys64\mingw64\bin;C:\Program Files\dotnet\;C:\Users\moeha\AppData\Roaming\Python\Scripts;C:\Program Files\Heroku\bin;C:\Program Files\Java\jdk-23.0.1\bin;C:\Program Files\Docker\Docker\resources\bin;C:\Program Files\PowerShell\7-preview\preview;C:\Program Files\PowerShell\7\;c:\Users\moeha\AppData\Local\Programs\cursor\resources\app\codeBin;c:\Users\moeha\AppData\Local\Programs\Trae\bin;%PYTHON_HOME%;C:\Users\moeha\AppData\Local\Programs\Python\Python312\Scripts\;C:\Users\moeha\AppData\Local\Programs\Python\Python312\;C:\Program Files\MySQL\MySQL Shell 8.0\bin\;C:\Users\moeha\AppData\Local\Microsoft\WindowsApps;C:\Users\moeha\AppData\Local\Programs\Microsoft VS Code\bin;C:\Users\moeha\AppData\Roaming\npm;C:\Users\moeha\.dotnet\tools;C:\Program Files\JetBrains\PyCharm 2024.2.2\bin;;C:\msys64\mingw64\lib\python3.11\site-packages\pip;C:\Program Files\heroku\bin;C:\Program Files\JetBrains\IntelliJ IDEA 2024.3.1.1\bin;;C:\Users\moeha\AppData\Local\GitHubDesktop\bin;C:\Users\moeha\AppData\Local\Programs\cursor\resources\app\bin
USERNAME=BOBO
OS=Windows_NT
PROCESSOR_IDENTIFIER=Intel64 Family 6 Model 158 Stepping 10, GenuineIntel



---------------  S Y S T E M  ---------------

OS:
 Windows 10 , 64 bit Build 26100 (10.0.26100.7705)
OS uptime: 0 days 23:50 hours
Hyper-V role detected

CPU: total 12 (initial active 12) (6 cores per cpu, 2 threads per core) family 6 model 158 stepping 10 microcode 0xf8, cx8, cmov, fxsr, ht, mmx, 3dnowpref, sse, sse2, sse3, ssse3, sse4.1, sse4.2, popcnt, lzcnt, tsc, tscinvbit, avx, avx2, aes, erms, clmul, bmi1, bmi2, rtm, adx, fma, vzeroupper, clflush, clflushopt, hv

Memory: 4k page, system-wide physical 16175M (1164M free)
TotalPageFile size 26561M (AvailPageFile size 96M)
current process WorkingSet (physical memory assigned to process): 14M, peak: 14M
current process commit charge ("private bytes"): 70M, peak: 324M

vm_info: Java HotSpot(TM) 64-Bit Server VM (17.0.1+12-LTS-39) for windows-amd64 JRE (17.0.1+12-LTS-39), built on Sep 27 2021 18:41:35 by "mach5one" with MS VC++ 16.8 (VS2019)

END.
