#
# There is insufficient memory for the Java Runtime Environment to continue.
# Native memory allocation (mmap) failed to map 1843200 bytes for G1 virtual space
# Possible reasons:
#   The system is out of physical RAM or swap space
#   The process is running with CompressedOops enabled, and the Java Heap may be blocking the growth of the native heap
# Possible solutions:
#   Reduce memory load on the system
#   Increase physical memory or swap space
#   Check if swap backing store is full
#   Decrease Java heap size (-Xmx/-Xms)
#   Decrease number of Java threads
#   Decrease Java thread stack sizes (-Xss)
#   Set larger code cache with -XX:ReservedCodeCacheSize=
#   JVM is running with Zero Based Compressed Oops mode in which the Java heap is
#     placed in the first 32GB address space. The Java Heap base address is the
#     maximum limit for the native heap growth. Please use -XX:HeapBaseMinAddress
#     to set the Java Heap base and to place the Java Heap above 32GB virtual address.
# This output file may be truncated or incomplete.
#
#  Out of Memory Error (os_windows.cpp:3469), pid=19124, tid=22204
#
# JRE version: Java(TM) SE Runtime Environment (17.0.1+12) (build 17.0.1+12-LTS-39)
# Java VM: Java HotSpot(TM) 64-Bit Server VM (17.0.1+12-LTS-39, mixed mode, sharing, tiered, compressed oops, compressed class ptrs, g1 gc, windows-amd64)
# No core dump will be written. Minidumps are not enabled by default on client versions of Windows
#

---------------  S U M M A R Y ------------

Command Line: -Dmaven.multiModuleProjectDirectory=D:\BOB Projects\OlympicAcadmyManagement\olympic-academy-management -Djansi.passthrough=true -Dmaven.home=C:\Users\moeha\.m2\wrapper\dists\apache-maven-3.9.15-bin\4rlcemksed9vjmkvgss0jpc4po\apache-maven-3.9.15 -Dclassworlds.conf=C:\Users\moeha\.m2\wrapper\dists\apache-maven-3.9.15-bin\4rlcemksed9vjmkvgss0jpc4po\apache-maven-3.9.15\bin\m2.conf -Dmaven.ext.class.path=C:\Program Files\JetBrains\IntelliJ IDEA 2024.3.1.1\plugins\maven\lib\maven-event-listener.jar -javaagent:C:\Program Files\JetBrains\IntelliJ IDEA 2024.3.1.1\lib\idea_rt.jar=50750:C:\Program Files\JetBrains\IntelliJ IDEA 2024.3.1.1\bin -Dfile.encoding=UTF-8 org.codehaus.classworlds.Launcher -Didea.version=2024.3.1.1 clean install

Host: Intel(R) Core(TM) i7-8850H CPU @ 2.60GHz, 12 cores, 15G,  Windows 10 , 64 bit Build 26100 (10.0.26100.7705)
Time: Sun May 31 21:23:37 2026 Egypt Daylight Time elapsed time: 47.582086 seconds (0d 0h 0m 47s)

---------------  T H R E A D  ---------------

Current thread (0x0000024fc606d210):  VMThread "VM Thread" [stack: 0x000000e8eb800000,0x000000e8eb900000] [id=22204]

Stack: [0x000000e8eb800000,0x000000e8eb900000]
Native frames: (J=compiled Java code, j=interpreted, Vv=VM code, C=native code)
V  [jvm.dll+0x66fa1a]
V  [jvm.dll+0x7ce5a4]
V  [jvm.dll+0x7cfd4e]
V  [jvm.dll+0x7d03b3]
V  [jvm.dll+0x242b05]
V  [jvm.dll+0x66ca39]
V  [jvm.dll+0x661502]
V  [jvm.dll+0x30081b]
V  [jvm.dll+0x307da6]
V  [jvm.dll+0x357a59]
V  [jvm.dll+0x357c4f]
V  [jvm.dll+0x2d7ad8]
V  [jvm.dll+0x2d5da4]
V  [jvm.dll+0x2d53ac]
V  [jvm.dll+0x318d0b]
V  [jvm.dll+0x7d484b]
V  [jvm.dll+0x7d5584]
V  [jvm.dll+0x7d5a9c]
V  [jvm.dll+0x7d5e74]
V  [jvm.dll+0x7d5f40]
V  [jvm.dll+0x77e91a]
V  [jvm.dll+0x66e845]
C  [ucrtbase.dll+0x37b0]
C  [KERNEL32.DLL+0x2e8d7]
C  [ntdll.dll+0x8c40c]

VM_Operation (0x000000e8eb2fa9e0): G1CollectForAllocation, mode: safepoint, requested by thread 0x0000024fa30473d0


---------------  P R O C E S S  ---------------

Threads class SMR info:
_java_thread_list=0x0000024fcda0c390, length=14, elements={
0x0000024fa30473d0, 0x0000024fc6c040a0, 0x0000024fc6c05970, 0x0000024fc6c1c360,
0x0000024fc6c1cc20, 0x0000024fc6c1d5d0, 0x0000024fc6c1df80, 0x0000024fc6c1ec60,
0x0000024fc6c1f700, 0x0000024fc6c20700, 0x0000024fc605f250, 0x0000024fc6dd7440,
0x0000024fc6dd7910, 0x0000024fc7ddd350
}

Java Threads: ( => current thread )
  0x0000024fa30473d0 JavaThread "main" [_thread_blocked, id=10304, stack(0x000000e8eb200000,0x000000e8eb300000)]
  0x0000024fc6c040a0 JavaThread "Reference Handler" daemon [_thread_blocked, id=400, stack(0x000000e8eb900000,0x000000e8eba00000)]
  0x0000024fc6c05970 JavaThread "Finalizer" daemon [_thread_blocked, id=11156, stack(0x000000e8eba00000,0x000000e8ebb00000)]
  0x0000024fc6c1c360 JavaThread "Signal Dispatcher" daemon [_thread_blocked, id=20948, stack(0x000000e8ebb00000,0x000000e8ebc00000)]
  0x0000024fc6c1cc20 JavaThread "Attach Listener" daemon [_thread_blocked, id=12400, stack(0x000000e8ebc00000,0x000000e8ebd00000)]
  0x0000024fc6c1d5d0 JavaThread "Service Thread" daemon [_thread_blocked, id=9868, stack(0x000000e8ebd00000,0x000000e8ebe00000)]
  0x0000024fc6c1df80 JavaThread "Monitor Deflation Thread" daemon [_thread_blocked, id=15452, stack(0x000000e8ebe00000,0x000000e8ebf00000)]
  0x0000024fc6c1ec60 JavaThread "C2 CompilerThread0" daemon [_thread_blocked, id=13568, stack(0x000000e8ebf00000,0x000000e8ec000000)]
  0x0000024fc6c1f700 JavaThread "C1 CompilerThread0" daemon [_thread_blocked, id=11420, stack(0x000000e8ec000000,0x000000e8ec100000)]
  0x0000024fc6c20700 JavaThread "Sweeper thread" daemon [_thread_blocked, id=11064, stack(0x000000e8ec100000,0x000000e8ec200000)]
  0x0000024fc605f250 JavaThread "Common-Cleaner" daemon [_thread_blocked, id=8124, stack(0x000000e8ec200000,0x000000e8ec300000)]
  0x0000024fc6dd7440 JavaThread "Monitor Ctrl-Break" daemon [_thread_in_native, id=18116, stack(0x000000e8ec300000,0x000000e8ec400000)]
  0x0000024fc6dd7910 JavaThread "Notification Thread" daemon [_thread_blocked, id=9776, stack(0x000000e8ec400000,0x000000e8ec500000)]
  0x0000024fc7ddd350 JavaThread "Thread-1" daemon [_thread_blocked, id=5884, stack(0x000000e8ecf00000,0x000000e8ed000000)]

Other Threads:
=>0x0000024fc606d210 VMThread "VM Thread" [stack: 0x000000e8eb800000,0x000000e8eb900000] [id=22204]
  0x0000024fc6ddc440 WatcherThread [stack: 0x000000e8ec500000,0x000000e8ec600000] [id=17136]
  0x0000024fa3096ca0 GCTaskThread "GC Thread#0" [stack: 0x000000e8eb300000,0x000000e8eb400000] [id=20364]
  0x0000024fc6e53190 GCTaskThread "GC Thread#1" [stack: 0x000000e8ec700000,0x000000e8ec800000] [id=2384]
  0x0000024fc75c2be0 GCTaskThread "GC Thread#2" [stack: 0x000000e8ec800000,0x000000e8ec900000] [id=3056]
  0x0000024fc75c2e90 GCTaskThread "GC Thread#3" [stack: 0x000000e8ec900000,0x000000e8eca00000] [id=21656]
  0x0000024fc75c3140 GCTaskThread "GC Thread#4" [stack: 0x000000e8eca00000,0x000000e8ecb00000] [id=8004]
  0x0000024fc75c33f0 GCTaskThread "GC Thread#5" [stack: 0x000000e8ecb00000,0x000000e8ecc00000] [id=19744]
  0x0000024fc75e09a0 GCTaskThread "GC Thread#6" [stack: 0x000000e8ecc00000,0x000000e8ecd00000] [id=7212]
  0x0000024fc7dd0d00 GCTaskThread "GC Thread#7" [stack: 0x000000e8ece00000,0x000000e8ecf00000] [id=21708]
  0x0000024fc94b1850 GCTaskThread "GC Thread#8" [stack: 0x000000e8ed000000,0x000000e8ed100000] [id=7968]
  0x0000024fc94b12f0 GCTaskThread "GC Thread#9" [stack: 0x000000e8ed100000,0x000000e8ed200000] [id=1376]
  0x0000024fa30a3960 ConcurrentGCThread "G1 Main Marker" [stack: 0x000000e8eb400000,0x000000e8eb500000] [id=6604]
  0x0000024fa30a5f60 ConcurrentGCThread "G1 Conc#0" [stack: 0x000000e8eb500000,0x000000e8eb600000] [id=19520]
  0x0000024fc94b0d90 ConcurrentGCThread "G1 Conc#1" [stack: 0x000000e8eda00000,0x000000e8edb00000] [id=21668]
  0x0000024fc94b2310 ConcurrentGCThread "G1 Conc#2" [stack: 0x000000e8edb00000,0x000000e8edc00000] [id=5284]
  0x0000024fa310e860 ConcurrentGCThread "G1 Refine#0" [stack: 0x000000e8eb600000,0x000000e8eb700000] [id=8636]
  0x0000024fc79c06f0 ConcurrentGCThread "G1 Refine#1" [stack: 0x000000e8ed200000,0x000000e8ed300000] [id=11352]
  0x0000024fc79c0f90 ConcurrentGCThread "G1 Refine#2" [stack: 0x000000e8ed300000,0x000000e8ed400000] [id=8036]
  0x0000024fc79c1b10 ConcurrentGCThread "G1 Refine#3" [stack: 0x000000e8ed400000,0x000000e8ed500000] [id=8164]
  0x0000024fc79c1270 ConcurrentGCThread "G1 Refine#4" [stack: 0x000000e8ed500000,0x000000e8ed600000] [id=1844]
  0x0000024fc79c1550 ConcurrentGCThread "G1 Refine#5" [stack: 0x000000e8ed600000,0x000000e8ed700000] [id=9764]
  0x0000024fc79c1830 ConcurrentGCThread "G1 Refine#6" [stack: 0x000000e8ed700000,0x000000e8ed800000] [id=21996]
  0x0000024fc79c0130 ConcurrentGCThread "G1 Refine#7" [stack: 0x000000e8ed800000,0x000000e8ed900000] [id=8128]
  0x0000024fc91a2100 ConcurrentGCThread "G1 Refine#8" [stack: 0x000000e8ed900000,0x000000e8eda00000] [id=9780]
  0x0000024fc5f24a70 ConcurrentGCThread "G1 Service" [stack: 0x000000e8eb700000,0x000000e8eb800000] [id=21116]

Threads with active compile tasks:

VM state: at safepoint (normal execution)

VM Mutex/Monitor currently owned by a thread:  ([mutex/lock_event])
[0x0000024fa30437a0] Threads_lock - owner thread: 0x0000024fc606d210
[0x0000024fa3043e60] Heap_lock - owner thread: 0x0000024fa30473d0

Heap address: 0x0000000703400000, size: 4044 MB, Compressed Oops mode: Zero based, Oop shift amount: 3

CDS archive(s) mapped at: [0x0000000800000000-0x0000000800bc0000-0x0000000800bc0000), size 12320768, SharedBaseAddress: 0x0000000800000000, ArchiveRelocationMode: 0.
Compressed class space mapped at: 0x0000000800c00000-0x0000000840c00000, reserved size: 1073741824
Narrow klass base: 0x0000000800000000, Narrow klass shift: 0, Narrow klass range: 0x100000000

GC Precious Log:
 CPUs: 12 total, 12 available
 Memory: 16175M
 Large Page Support: Disabled
 NUMA Support: Disabled
 Compressed Oops: Enabled (Zero based)
 Heap Region Size: 2M
 Heap Min Capacity: 8M
 Heap Initial Capacity: 254M
 Heap Max Capacity: 4044M
 Pre-touch: Disabled
 Parallel Workers: 10
 Concurrent Workers: 3
 Concurrent Refinement Workers: 10
 Periodic GC: Disabled

Heap:
 garbage-first heap   total 602112K, used 164900K [0x0000000703400000, 0x0000000800000000)
  region size 2048K, 4 young (8192K), 4 survivors (8192K)
 Metaspace       used 67537K, committed 70784K, reserved 1130496K
  class space    used 7935K, committed 9024K, reserved 1048576K

Heap Regions: E=young(eden), S=young(survivor), O=old, HS=humongous(starts), HC=humongous(continues), CS=collection set, F=free, OA=open archive, CA=closed archive, TAMS=top-at-mark-start (previous, next)
|   0|0x0000000703400000, 0x0000000703600000, 0x0000000703600000|100%| O|  |TAMS 0x0000000703600000, 0x0000000703400000| Untracked 
|   1|0x0000000703600000, 0x0000000703800000, 0x0000000703800000|100%| O|  |TAMS 0x0000000703800000, 0x0000000703600000| Untracked 
|   2|0x0000000703800000, 0x0000000703800000, 0x0000000703a00000|  0%| F|  |TAMS 0x0000000703800000, 0x0000000703800000| Untracked 
|   3|0x0000000703a00000, 0x0000000703c00000, 0x0000000703c00000|100%| O|  |TAMS 0x0000000703c00000, 0x0000000703a00000| Untracked 
|   4|0x0000000703c00000, 0x0000000703e00000, 0x0000000703e00000|100%| O|  |TAMS 0x0000000703e00000, 0x0000000703c00000| Untracked 
|   5|0x0000000703e00000, 0x0000000704000000, 0x0000000704000000|100%|HS|  |TAMS 0x0000000704000000, 0x0000000703e00000| Complete 
|   6|0x0000000704000000, 0x0000000704200000, 0x0000000704200000|100%| O|  |TAMS 0x0000000704200000, 0x0000000704000000| Untracked 
|   7|0x0000000704200000, 0x0000000704400000, 0x0000000704400000|100%| O|  |TAMS 0x0000000704400000, 0x0000000704200000| Untracked 
|   8|0x0000000704400000, 0x0000000704600000, 0x0000000704600000|100%| O|  |TAMS 0x0000000704600000, 0x0000000704400000| Untracked 
|   9|0x0000000704600000, 0x0000000704800000, 0x0000000704800000|100%| O|  |TAMS 0x0000000704800000, 0x0000000704600000| Untracked 
|  10|0x0000000704800000, 0x0000000704a00000, 0x0000000704a00000|100%| O|  |TAMS 0x0000000704a00000, 0x0000000704800000| Untracked 
|  11|0x0000000704a00000, 0x0000000704c00000, 0x0000000704c00000|100%| O|  |TAMS 0x0000000704c00000, 0x0000000704a00000| Untracked 
|  12|0x0000000704c00000, 0x0000000704e00000, 0x0000000704e00000|100%| O|  |TAMS 0x0000000704e00000, 0x0000000704c00000| Untracked 
|  13|0x0000000704e00000, 0x0000000705000000, 0x0000000705000000|100%| O|  |TAMS 0x0000000705000000, 0x0000000704e00000| Untracked 
|  14|0x0000000705000000, 0x0000000705200000, 0x0000000705200000|100%| O|  |TAMS 0x0000000705200000, 0x0000000705000000| Untracked 
|  15|0x0000000705200000, 0x0000000705400000, 0x0000000705400000|100%| O|  |TAMS 0x0000000705400000, 0x0000000705200000| Untracked 
|  16|0x0000000705400000, 0x0000000705600000, 0x0000000705600000|100%| O|  |TAMS 0x0000000705600000, 0x0000000705400000| Untracked 
|  17|0x0000000705600000, 0x0000000705800000, 0x0000000705800000|100%| O|  |TAMS 0x0000000705800000, 0x0000000705600000| Untracked 
|  18|0x0000000705800000, 0x0000000705a00000, 0x0000000705a00000|100%| O|  |TAMS 0x0000000705a00000, 0x0000000705800000| Untracked 
|  19|0x0000000705a00000, 0x0000000705c00000, 0x0000000705c00000|100%| O|  |TAMS 0x0000000705c00000, 0x0000000705a00000| Untracked 
|  20|0x0000000705c00000, 0x0000000705e00000, 0x0000000705e00000|100%| O|  |TAMS 0x0000000705e00000, 0x0000000705c00000| Untracked 
|  21|0x0000000705e00000, 0x0000000706000000, 0x0000000706000000|100%| O|  |TAMS 0x0000000706000000, 0x0000000705e00000| Untracked 
|  22|0x0000000706000000, 0x0000000706200000, 0x0000000706200000|100%| O|  |TAMS 0x0000000706200000, 0x0000000706000000| Untracked 
|  23|0x0000000706200000, 0x0000000706400000, 0x0000000706400000|100%|HS|  |TAMS 0x0000000706200000, 0x0000000706200000| Complete 
|  24|0x0000000706400000, 0x0000000706600000, 0x0000000706600000|100%| O|  |TAMS 0x0000000706600000, 0x0000000706400000| Untracked 
|  25|0x0000000706600000, 0x0000000706800000, 0x0000000706800000|100%| O|  |TAMS 0x0000000706800000, 0x0000000706600000| Untracked 
|  26|0x0000000706800000, 0x0000000706a00000, 0x0000000706a00000|100%|HS|  |TAMS 0x0000000706a00000, 0x0000000706800000| Complete 
|  27|0x0000000706a00000, 0x0000000706c00000, 0x0000000706c00000|100%| O|  |TAMS 0x0000000706c00000, 0x0000000706a00000| Untracked 
|  28|0x0000000706c00000, 0x0000000706e00000, 0x0000000706e00000|100%| O|  |TAMS 0x0000000706e00000, 0x0000000706c00000| Untracked 
|  29|0x0000000706e00000, 0x0000000707000000, 0x0000000707000000|100%| O|  |TAMS 0x0000000707000000, 0x0000000706e00000| Untracked 
|  30|0x0000000707000000, 0x0000000707200000, 0x0000000707200000|100%| O|  |TAMS 0x0000000707200000, 0x0000000707000000| Untracked 
|  31|0x0000000707200000, 0x0000000707400000, 0x0000000707400000|100%| O|  |TAMS 0x0000000707400000, 0x0000000707200000| Untracked 
|  32|0x0000000707400000, 0x0000000707600000, 0x0000000707600000|100%|HS|  |TAMS 0x0000000707600000, 0x0000000707400000| Complete 
|  33|0x0000000707600000, 0x0000000707800000, 0x0000000707800000|100%|HC|  |TAMS 0x0000000707800000, 0x0000000707600000| Complete 
|  34|0x0000000707800000, 0x0000000707a00000, 0x0000000707a00000|100%| O|  |TAMS 0x0000000707800000, 0x0000000707800000| Untracked 
|  35|0x0000000707a00000, 0x0000000707c00000, 0x0000000707c00000|100%| O|  |TAMS 0x0000000707a00000, 0x0000000707a00000| Untracked 
|  36|0x0000000707c00000, 0x0000000707c00000, 0x0000000707e00000|  0%| F|  |TAMS 0x0000000707c00000, 0x0000000707c00000| Untracked 
|  37|0x0000000707e00000, 0x0000000708000000, 0x0000000708000000|100%| O|  |TAMS 0x0000000708000000, 0x0000000707e00000| Untracked 
|  38|0x0000000708000000, 0x0000000708000000, 0x0000000708200000|  0%| F|  |TAMS 0x0000000708000000, 0x0000000708000000| Untracked 
|  39|0x0000000708200000, 0x0000000708200000, 0x0000000708400000|  0%| F|  |TAMS 0x0000000708200000, 0x0000000708200000| Untracked 
|  40|0x0000000708400000, 0x0000000708600000, 0x0000000708600000|100%|HS|  |TAMS 0x0000000708600000, 0x0000000708400000| Complete 
|  41|0x0000000708600000, 0x0000000708800000, 0x0000000708800000|100%| O|  |TAMS 0x0000000708800000, 0x0000000708600000| Untracked 
|  42|0x0000000708800000, 0x0000000708a00000, 0x0000000708a00000|100%|HS|  |TAMS 0x0000000708a00000, 0x0000000708800000| Complete 
|  43|0x0000000708a00000, 0x0000000708c00000, 0x0000000708c00000|100%| O|  |TAMS 0x0000000708c00000, 0x0000000708a00000| Untracked 
|  44|0x0000000708c00000, 0x0000000708e00000, 0x0000000708e00000|100%| O|  |TAMS 0x0000000708e00000, 0x0000000708c00000| Untracked 
|  45|0x0000000708e00000, 0x0000000709000000, 0x0000000709000000|100%| O|  |TAMS 0x0000000709000000, 0x0000000708e00000| Untracked 
|  46|0x0000000709000000, 0x0000000709200000, 0x0000000709200000|100%| O|  |TAMS 0x0000000709200000, 0x0000000709000000| Untracked 
|  47|0x0000000709200000, 0x0000000709400000, 0x0000000709400000|100%|HS|  |TAMS 0x0000000709400000, 0x0000000709200000| Complete 
|  48|0x0000000709400000, 0x0000000709600000, 0x0000000709600000|100%| O|  |TAMS 0x0000000709600000, 0x0000000709400000| Untracked 
|  49|0x0000000709600000, 0x0000000709600000, 0x0000000709800000|  0%| F|  |TAMS 0x0000000709600000, 0x0000000709600000| Untracked 
|  50|0x0000000709800000, 0x0000000709800000, 0x0000000709a00000|  0%| F|  |TAMS 0x0000000709800000, 0x0000000709800000| Untracked 
|  51|0x0000000709a00000, 0x0000000709c00000, 0x0000000709c00000|100%| O|  |TAMS 0x0000000709a00000, 0x0000000709a00000| Untracked 
|  52|0x0000000709c00000, 0x0000000709e00000, 0x0000000709e00000|100%| O|  |TAMS 0x0000000709c00000, 0x0000000709c00000| Untracked 
|  53|0x0000000709e00000, 0x0000000709f06200, 0x000000070a000000| 51%| O|  |TAMS 0x0000000709e00000, 0x0000000709e00000| Untracked 
|  54|0x000000070a000000, 0x000000070a200000, 0x000000070a200000|100%| O|  |TAMS 0x000000070a200000, 0x000000070a000000| Untracked 
|  55|0x000000070a200000, 0x000000070a200000, 0x000000070a400000|  0%| F|  |TAMS 0x000000070a200000, 0x000000070a200000| Untracked 
|  56|0x000000070a400000, 0x000000070a400000, 0x000000070a600000|  0%| F|  |TAMS 0x000000070a400000, 0x000000070a400000| Untracked 
|  57|0x000000070a600000, 0x000000070a600000, 0x000000070a800000|  0%| F|  |TAMS 0x000000070a600000, 0x000000070a600000| Untracked 
|  58|0x000000070a800000, 0x000000070aa00000, 0x000000070aa00000|100%| O|  |TAMS 0x000000070aa00000, 0x000000070a800000| Untracked 
|  59|0x000000070aa00000, 0x000000070aa00000, 0x000000070ac00000|  0%| F|  |TAMS 0x000000070aa00000, 0x000000070aa00000| Untracked 
|  60|0x000000070ac00000, 0x000000070ac00000, 0x000000070ae00000|  0%| F|  |TAMS 0x000000070ac00000, 0x000000070ac00000| Untracked 
|  61|0x000000070ae00000, 0x000000070b000000, 0x000000070b000000|100%| O|  |TAMS 0x000000070b000000, 0x000000070ae00000| Untracked 
|  62|0x000000070b000000, 0x000000070b200000, 0x000000070b200000|100%| O|  |TAMS 0x000000070b200000, 0x000000070b000000| Untracked 
|  63|0x000000070b200000, 0x000000070b400000, 0x000000070b400000|100%| O|  |TAMS 0x000000070b400000, 0x000000070b200000| Untracked 
|  64|0x000000070b400000, 0x000000070b600000, 0x000000070b600000|100%| O|  |TAMS 0x000000070b600000, 0x000000070b400000| Untracked 
|  65|0x000000070b600000, 0x000000070b600000, 0x000000070b800000|  0%| F|  |TAMS 0x000000070b600000, 0x000000070b600000| Untracked 
|  66|0x000000070b800000, 0x000000070b800000, 0x000000070ba00000|  0%| F|  |TAMS 0x000000070b800000, 0x000000070b800000| Untracked 
|  67|0x000000070ba00000, 0x000000070bc00000, 0x000000070bc00000|100%| O|  |TAMS 0x000000070bc00000, 0x000000070ba00000| Untracked 
|  68|0x000000070bc00000, 0x000000070bc00000, 0x000000070be00000|  0%| F|  |TAMS 0x000000070bc00000, 0x000000070bc00000| Untracked 
|  69|0x000000070be00000, 0x000000070be00000, 0x000000070c000000|  0%| F|  |TAMS 0x000000070be00000, 0x000000070be00000| Untracked 
|  70|0x000000070c000000, 0x000000070c000000, 0x000000070c200000|  0%| F|  |TAMS 0x000000070c000000, 0x000000070c000000| Untracked 
|  71|0x000000070c200000, 0x000000070c200000, 0x000000070c400000|  0%| F|  |TAMS 0x000000070c200000, 0x000000070c200000| Untracked 
|  72|0x000000070c400000, 0x000000070c600000, 0x000000070c600000|100%| O|  |TAMS 0x000000070c600000, 0x000000070c400000| Untracked 
|  73|0x000000070c600000, 0x000000070c600000, 0x000000070c800000|  0%| F|  |TAMS 0x000000070c600000, 0x000000070c600000| Untracked 
|  74|0x000000070c800000, 0x000000070c800000, 0x000000070ca00000|  0%| F|  |TAMS 0x000000070c800000, 0x000000070c800000| Untracked 
|  75|0x000000070ca00000, 0x000000070ca00000, 0x000000070cc00000|  0%| F|  |TAMS 0x000000070ca00000, 0x000000070ca00000| Untracked 
|  76|0x000000070cc00000, 0x000000070ce00000, 0x000000070ce00000|100%| O|  |TAMS 0x000000070ce00000, 0x000000070cc00000| Untracked 
|  77|0x000000070ce00000, 0x000000070ce00000, 0x000000070d000000|  0%| F|  |TAMS 0x000000070ce00000, 0x000000070ce00000| Untracked 
|  78|0x000000070d000000, 0x000000070d000000, 0x000000070d200000|  0%| F|  |TAMS 0x000000070d000000, 0x000000070d000000| Untracked 
|  79|0x000000070d200000, 0x000000070d400000, 0x000000070d400000|100%| O|  |TAMS 0x000000070d400000, 0x000000070d200000| Untracked 
|  80|0x000000070d400000, 0x000000070d400000, 0x000000070d600000|  0%| F|  |TAMS 0x000000070d400000, 0x000000070d400000| Untracked 
|  81|0x000000070d600000, 0x000000070d600000, 0x000000070d800000|  0%| F|  |TAMS 0x000000070d600000, 0x000000070d600000| Untracked 
|  82|0x000000070d800000, 0x000000070d800000, 0x000000070da00000|  0%| F|  |TAMS 0x000000070d800000, 0x000000070d800000| Untracked 
|  83|0x000000070da00000, 0x000000070da00000, 0x000000070dc00000|  0%| F|  |TAMS 0x000000070da00000, 0x000000070da00000| Untracked 
|  84|0x000000070dc00000, 0x000000070dc00000, 0x000000070de00000|  0%| F|  |TAMS 0x000000070dc00000, 0x000000070dc00000| Untracked 
|  85|0x000000070de00000, 0x000000070de00000, 0x000000070e000000|  0%| F|  |TAMS 0x000000070de00000, 0x000000070de00000| Untracked 
|  86|0x000000070e000000, 0x000000070e000000, 0x000000070e200000|  0%| F|  |TAMS 0x000000070e000000, 0x000000070e000000| Untracked 
|  87|0x000000070e200000, 0x000000070e200000, 0x000000070e400000|  0%| F|  |TAMS 0x000000070e200000, 0x000000070e200000| Untracked 
|  88|0x000000070e400000, 0x000000070e400000, 0x000000070e600000|  0%| F|  |TAMS 0x000000070e400000, 0x000000070e400000| Untracked 
|  89|0x000000070e600000, 0x000000070e600000, 0x000000070e800000|  0%| F|  |TAMS 0x000000070e600000, 0x000000070e600000| Untracked 
|  90|0x000000070e800000, 0x000000070e800000, 0x000000070ea00000|  0%| F|  |TAMS 0x000000070e800000, 0x000000070e800000| Untracked 
|  91|0x000000070ea00000, 0x000000070ea00000, 0x000000070ec00000|  0%| F|  |TAMS 0x000000070ea00000, 0x000000070ea00000| Untracked 
|  92|0x000000070ec00000, 0x000000070ec00000, 0x000000070ee00000|  0%| F|  |TAMS 0x000000070ec00000, 0x000000070ec00000| Untracked 
|  93|0x000000070ee00000, 0x000000070ee00000, 0x000000070f000000|  0%| F|  |TAMS 0x000000070ee00000, 0x000000070ee00000| Untracked 
|  94|0x000000070f000000, 0x000000070f200000, 0x000000070f200000|100%|HS|  |TAMS 0x000000070f200000, 0x000000070f000000| Complete 
|  95|0x000000070f200000, 0x000000070f400000, 0x000000070f400000|100%|HS|  |TAMS 0x000000070f400000, 0x000000070f200000| Complete 
|  96|0x000000070f400000, 0x000000070f400000, 0x000000070f600000|  0%| F|  |TAMS 0x000000070f400000, 0x000000070f400000| Untracked 
|  97|0x000000070f600000, 0x000000070f800000, 0x000000070f800000|100%| O|  |TAMS 0x000000070f800000, 0x000000070f600000| Untracked 
|  98|0x000000070f800000, 0x000000070f800000, 0x000000070fa00000|  0%| F|  |TAMS 0x000000070f800000, 0x000000070f800000| Untracked 
|  99|0x000000070fa00000, 0x000000070fc00000, 0x000000070fc00000|100%| O|  |TAMS 0x000000070fc00000, 0x000000070fa00000| Untracked 
| 100|0x000000070fc00000, 0x000000070fe00000, 0x000000070fe00000|100%|HS|  |TAMS 0x000000070fe00000, 0x000000070fc00000| Complete 
| 101|0x000000070fe00000, 0x0000000710000000, 0x0000000710000000|100%| O|  |TAMS 0x000000070fe89c00, 0x000000070fe00000| Untracked 
| 102|0x0000000710000000, 0x0000000710200000, 0x0000000710200000|100%| O|  |TAMS 0x0000000710000000, 0x0000000710000000| Untracked 
| 103|0x0000000710200000, 0x0000000710400000, 0x0000000710400000|100%| O|  |TAMS 0x0000000710200000, 0x0000000710200000| Untracked 
| 104|0x0000000710400000, 0x0000000710600000, 0x0000000710600000|100%| O|  |TAMS 0x0000000710400000, 0x0000000710400000| Untracked 
| 105|0x0000000710600000, 0x0000000710800000, 0x0000000710800000|100%| O|  |TAMS 0x0000000710600000, 0x0000000710600000| Untracked 
| 106|0x0000000710800000, 0x0000000710a00000, 0x0000000710a00000|100%| O|  |TAMS 0x0000000710800000, 0x0000000710800000| Untracked 
| 107|0x0000000710a00000, 0x0000000710c00000, 0x0000000710c00000|100%| O|  |TAMS 0x0000000710a00000, 0x0000000710a00000| Untracked 
| 108|0x0000000710c00000, 0x0000000710e00000, 0x0000000710e00000|100%| O|  |TAMS 0x0000000710c00000, 0x0000000710c00000| Untracked 
| 109|0x0000000710e00000, 0x0000000711000000, 0x0000000711000000|100%| O|  |TAMS 0x0000000710e00000, 0x0000000710e00000| Untracked 
| 110|0x0000000711000000, 0x0000000711200000, 0x0000000711200000|100%| O|  |TAMS 0x0000000711000000, 0x0000000711000000| Untracked 
| 111|0x0000000711200000, 0x0000000711400000, 0x0000000711400000|100%| O|  |TAMS 0x0000000711200000, 0x0000000711200000| Untracked 
| 112|0x0000000711400000, 0x0000000711600000, 0x0000000711600000|100%| O|  |TAMS 0x0000000711400000, 0x0000000711400000| Untracked 
| 113|0x0000000711600000, 0x0000000711800000, 0x0000000711800000|100%| O|  |TAMS 0x0000000711600000, 0x0000000711600000| Untracked 
| 114|0x0000000711800000, 0x0000000711a00000, 0x0000000711a00000|100%| O|  |TAMS 0x0000000711800000, 0x0000000711800000| Untracked 
| 115|0x0000000711a00000, 0x0000000711c00000, 0x0000000711c00000|100%| O|  |TAMS 0x0000000711a00000, 0x0000000711a00000| Untracked 
| 116|0x0000000711c00000, 0x0000000711c00000, 0x0000000711e00000|  0%| F|  |TAMS 0x0000000711c00000, 0x0000000711c00000| Untracked 
| 117|0x0000000711e00000, 0x0000000711e00000, 0x0000000712000000|  0%| F|  |TAMS 0x0000000711e00000, 0x0000000711e00000| Untracked 
| 118|0x0000000712000000, 0x0000000712000000, 0x0000000712200000|  0%| F|  |TAMS 0x0000000712000000, 0x0000000712000000| Untracked 
| 119|0x0000000712200000, 0x0000000712200000, 0x0000000712400000|  0%| F|  |TAMS 0x0000000712200000, 0x0000000712200000| Untracked 
| 120|0x0000000712400000, 0x0000000712400000, 0x0000000712600000|  0%| F|  |TAMS 0x0000000712400000, 0x0000000712400000| Untracked 
| 121|0x0000000712600000, 0x0000000712600000, 0x0000000712800000|  0%| F|  |TAMS 0x0000000712600000, 0x0000000712600000| Untracked 
| 122|0x0000000712800000, 0x0000000712800000, 0x0000000712a00000|  0%| F|  |TAMS 0x0000000712800000, 0x0000000712800000| Untracked 
| 123|0x0000000712a00000, 0x0000000712a00000, 0x0000000712c00000|  0%| F|  |TAMS 0x0000000712a00000, 0x0000000712a00000| Untracked 
| 124|0x0000000712c00000, 0x0000000712c00000, 0x0000000712e00000|  0%| F|  |TAMS 0x0000000712c00000, 0x0000000712c00000| Untracked 
| 125|0x0000000712e00000, 0x0000000712e00000, 0x0000000713000000|  0%| F|  |TAMS 0x0000000712e00000, 0x0000000712e00000| Untracked 
| 126|0x0000000713000000, 0x0000000713000000, 0x0000000713200000|  0%| F|  |TAMS 0x0000000713000000, 0x0000000713000000| Untracked 
| 127|0x0000000713200000, 0x0000000713200000, 0x0000000713400000|  0%| F|  |TAMS 0x0000000713200000, 0x0000000713200000| Untracked 
| 128|0x0000000713400000, 0x0000000713400000, 0x0000000713600000|  0%| F|  |TAMS 0x0000000713400000, 0x0000000713400000| Untracked 
| 129|0x0000000713600000, 0x0000000713600000, 0x0000000713800000|  0%| F|  |TAMS 0x0000000713600000, 0x0000000713600000| Untracked 
| 130|0x0000000713800000, 0x0000000713800000, 0x0000000713a00000|  0%| F|  |TAMS 0x0000000713800000, 0x0000000713800000| Untracked 
| 131|0x0000000713a00000, 0x0000000713a00000, 0x0000000713c00000|  0%| F|  |TAMS 0x0000000713a00000, 0x0000000713a00000| Untracked 
| 132|0x0000000713c00000, 0x0000000713c00000, 0x0000000713e00000|  0%| F|  |TAMS 0x0000000713c00000, 0x0000000713c00000| Untracked 
| 133|0x0000000713e00000, 0x0000000713e00000, 0x0000000714000000|  0%| F|  |TAMS 0x0000000713e00000, 0x0000000713e00000| Untracked 
| 134|0x0000000714000000, 0x00000007140031b0, 0x0000000714200000|  0%| S|CS|TAMS 0x0000000714000000, 0x0000000714000000| Complete 
| 135|0x0000000714200000, 0x0000000714400000, 0x0000000714400000|100%| S|CS|TAMS 0x0000000714200000, 0x0000000714200000| Complete 
| 136|0x0000000714400000, 0x0000000714600000, 0x0000000714600000|100%| S|CS|TAMS 0x0000000714400000, 0x0000000714400000| Complete 
| 137|0x0000000714600000, 0x0000000714800000, 0x0000000714800000|100%| S|CS|TAMS 0x0000000714600000, 0x0000000714600000| Complete 
| 138|0x0000000714800000, 0x0000000714800000, 0x0000000714a00000|  0%| F|  |TAMS 0x0000000714800000, 0x0000000714800000| Untracked 
| 139|0x0000000714a00000, 0x0000000714a00000, 0x0000000714c00000|  0%| F|  |TAMS 0x0000000714a00000, 0x0000000714a00000| Untracked 
| 140|0x0000000714c00000, 0x0000000714c00000, 0x0000000714e00000|  0%| F|  |TAMS 0x0000000714c00000, 0x0000000714c00000| Untracked 
| 141|0x0000000714e00000, 0x0000000714e00000, 0x0000000715000000|  0%| F|  |TAMS 0x0000000714e00000, 0x0000000714e00000| Untracked 
| 142|0x0000000715000000, 0x0000000715000000, 0x0000000715200000|  0%| F|  |TAMS 0x0000000715000000, 0x0000000715000000| Untracked 
| 143|0x0000000715200000, 0x0000000715200000, 0x0000000715400000|  0%| F|  |TAMS 0x0000000715200000, 0x0000000715200000| Untracked 
| 144|0x0000000715400000, 0x0000000715400000, 0x0000000715600000|  0%| F|  |TAMS 0x0000000715400000, 0x0000000715400000| Untracked 
| 145|0x0000000715600000, 0x0000000715600000, 0x0000000715800000|  0%| F|  |TAMS 0x0000000715600000, 0x0000000715600000| Untracked 
| 146|0x0000000715800000, 0x0000000715800000, 0x0000000715a00000|  0%| F|  |TAMS 0x0000000715800000, 0x0000000715800000| Untracked 
| 147|0x0000000715a00000, 0x0000000715a00000, 0x0000000715c00000|  0%| F|  |TAMS 0x0000000715a00000, 0x0000000715a00000| Untracked 
| 148|0x0000000715c00000, 0x0000000715c00000, 0x0000000715e00000|  0%| F|  |TAMS 0x0000000715c00000, 0x0000000715c00000| Untracked 
| 149|0x0000000715e00000, 0x0000000715e00000, 0x0000000716000000|  0%| F|  |TAMS 0x0000000715e00000, 0x0000000715e00000| Untracked 
| 150|0x0000000716000000, 0x0000000716000000, 0x0000000716200000|  0%| F|  |TAMS 0x0000000716000000, 0x0000000716000000| Untracked 
| 151|0x0000000716200000, 0x0000000716200000, 0x0000000716400000|  0%| F|  |TAMS 0x0000000716200000, 0x0000000716200000| Untracked 
| 152|0x0000000716400000, 0x0000000716400000, 0x0000000716600000|  0%| F|  |TAMS 0x0000000716400000, 0x0000000716400000| Untracked 
| 153|0x0000000716600000, 0x0000000716600000, 0x0000000716800000|  0%| F|  |TAMS 0x0000000716600000, 0x0000000716600000| Untracked 
| 154|0x0000000716800000, 0x0000000716800000, 0x0000000716a00000|  0%| F|  |TAMS 0x0000000716800000, 0x0000000716800000| Untracked 
| 155|0x0000000716a00000, 0x0000000716a00000, 0x0000000716c00000|  0%| F|  |TAMS 0x0000000716a00000, 0x0000000716a00000| Untracked 
| 156|0x0000000716c00000, 0x0000000716c00000, 0x0000000716e00000|  0%| F|  |TAMS 0x0000000716c00000, 0x0000000716c00000| Untracked 
| 157|0x0000000716e00000, 0x0000000716e00000, 0x0000000717000000|  0%| F|  |TAMS 0x0000000716e00000, 0x0000000716e00000| Untracked 
| 158|0x0000000717000000, 0x0000000717000000, 0x0000000717200000|  0%| F|  |TAMS 0x0000000717000000, 0x0000000717000000| Untracked 
| 159|0x0000000717200000, 0x0000000717200000, 0x0000000717400000|  0%| F|  |TAMS 0x0000000717200000, 0x0000000717200000| Untracked 
| 160|0x0000000717400000, 0x0000000717400000, 0x0000000717600000|  0%| F|  |TAMS 0x0000000717400000, 0x0000000717400000| Untracked 
| 161|0x0000000717600000, 0x0000000717600000, 0x0000000717800000|  0%| F|  |TAMS 0x0000000717600000, 0x0000000717600000| Untracked 
| 162|0x0000000717800000, 0x0000000717800000, 0x0000000717a00000|  0%| F|  |TAMS 0x0000000717800000, 0x0000000717800000| Untracked 
| 163|0x0000000717a00000, 0x0000000717a00000, 0x0000000717c00000|  0%| F|  |TAMS 0x0000000717a00000, 0x0000000717a00000| Untracked 
| 164|0x0000000717c00000, 0x0000000717c00000, 0x0000000717e00000|  0%| F|  |TAMS 0x0000000717c00000, 0x0000000717c00000| Untracked 
| 165|0x0000000717e00000, 0x0000000717e00000, 0x0000000718000000|  0%| F|  |TAMS 0x0000000717e00000, 0x0000000717e00000| Untracked 
| 166|0x0000000718000000, 0x0000000718000000, 0x0000000718200000|  0%| F|  |TAMS 0x0000000718000000, 0x0000000718000000| Untracked 
| 167|0x0000000718200000, 0x0000000718200000, 0x0000000718400000|  0%| F|  |TAMS 0x0000000718200000, 0x0000000718200000| Untracked 
| 168|0x0000000718400000, 0x0000000718400000, 0x0000000718600000|  0%| F|  |TAMS 0x0000000718400000, 0x0000000718400000| Untracked 
| 169|0x0000000718600000, 0x0000000718600000, 0x0000000718800000|  0%| F|  |TAMS 0x0000000718600000, 0x0000000718600000| Untracked 
| 170|0x0000000718800000, 0x0000000718800000, 0x0000000718a00000|  0%| F|  |TAMS 0x0000000718800000, 0x0000000718800000| Untracked 
| 171|0x0000000718a00000, 0x0000000718a00000, 0x0000000718c00000|  0%| F|  |TAMS 0x0000000718a00000, 0x0000000718a00000| Untracked 
| 172|0x0000000718c00000, 0x0000000718c00000, 0x0000000718e00000|  0%| F|  |TAMS 0x0000000718c00000, 0x0000000718c00000| Untracked 
| 173|0x0000000718e00000, 0x0000000718e00000, 0x0000000719000000|  0%| F|  |TAMS 0x0000000718e00000, 0x0000000718e00000| Untracked 
| 174|0x0000000719000000, 0x0000000719000000, 0x0000000719200000|  0%| F|  |TAMS 0x0000000719000000, 0x0000000719000000| Untracked 
| 175|0x0000000719200000, 0x0000000719200000, 0x0000000719400000|  0%| F|  |TAMS 0x0000000719200000, 0x0000000719200000| Untracked 
| 176|0x0000000719400000, 0x0000000719400000, 0x0000000719600000|  0%| F|  |TAMS 0x0000000719400000, 0x0000000719400000| Untracked 
| 177|0x0000000719600000, 0x0000000719600000, 0x0000000719800000|  0%| F|  |TAMS 0x0000000719600000, 0x0000000719600000| Untracked 
| 178|0x0000000719800000, 0x0000000719800000, 0x0000000719a00000|  0%| F|  |TAMS 0x0000000719800000, 0x0000000719800000| Untracked 
| 179|0x0000000719a00000, 0x0000000719a00000, 0x0000000719c00000|  0%| F|  |TAMS 0x0000000719a00000, 0x0000000719a00000| Untracked 
| 180|0x0000000719c00000, 0x0000000719c00000, 0x0000000719e00000|  0%| F|  |TAMS 0x0000000719c00000, 0x0000000719c00000| Untracked 
| 181|0x0000000719e00000, 0x0000000719e00000, 0x000000071a000000|  0%| F|  |TAMS 0x0000000719e00000, 0x0000000719e00000| Untracked 
| 182|0x000000071a000000, 0x000000071a000000, 0x000000071a200000|  0%| F|  |TAMS 0x000000071a000000, 0x000000071a000000| Untracked 
| 183|0x000000071a200000, 0x000000071a200000, 0x000000071a400000|  0%| F|  |TAMS 0x000000071a200000, 0x000000071a200000| Untracked 
| 184|0x000000071a400000, 0x000000071a400000, 0x000000071a600000|  0%| F|  |TAMS 0x000000071a400000, 0x000000071a400000| Untracked 
| 185|0x000000071a600000, 0x000000071a600000, 0x000000071a800000|  0%| F|  |TAMS 0x000000071a600000, 0x000000071a600000| Untracked 
| 186|0x000000071a800000, 0x000000071a800000, 0x000000071aa00000|  0%| F|  |TAMS 0x000000071a800000, 0x000000071a800000| Untracked 
| 187|0x000000071aa00000, 0x000000071aa00000, 0x000000071ac00000|  0%| F|  |TAMS 0x000000071aa00000, 0x000000071aa00000| Untracked 
| 188|0x000000071ac00000, 0x000000071ac00000, 0x000000071ae00000|  0%| F|  |TAMS 0x000000071ac00000, 0x000000071ac00000| Untracked 
| 189|0x000000071ae00000, 0x000000071ae00000, 0x000000071b000000|  0%| F|  |TAMS 0x000000071ae00000, 0x000000071ae00000| Untracked 
| 190|0x000000071b000000, 0x000000071b000000, 0x000000071b200000|  0%| F|  |TAMS 0x000000071b000000, 0x000000071b000000| Untracked 
| 191|0x000000071b200000, 0x000000071b200000, 0x000000071b400000|  0%| F|  |TAMS 0x000000071b200000, 0x000000071b200000| Untracked 
| 192|0x000000071b400000, 0x000000071b400000, 0x000000071b600000|  0%| F|  |TAMS 0x000000071b400000, 0x000000071b400000| Untracked 
| 193|0x000000071b600000, 0x000000071b600000, 0x000000071b800000|  0%| F|  |TAMS 0x000000071b600000, 0x000000071b600000| Untracked 
| 194|0x000000071b800000, 0x000000071b800000, 0x000000071ba00000|  0%| F|  |TAMS 0x000000071b800000, 0x000000071b800000| Untracked 
| 195|0x000000071ba00000, 0x000000071ba00000, 0x000000071bc00000|  0%| F|  |TAMS 0x000000071ba00000, 0x000000071ba00000| Untracked 
| 196|0x000000071bc00000, 0x000000071bc00000, 0x000000071be00000|  0%| F|  |TAMS 0x000000071bc00000, 0x000000071bc00000| Untracked 
| 197|0x000000071be00000, 0x000000071be00000, 0x000000071c000000|  0%| F|  |TAMS 0x000000071be00000, 0x000000071be00000| Untracked 
| 198|0x000000071c000000, 0x000000071c000000, 0x000000071c200000|  0%| F|  |TAMS 0x000000071c000000, 0x000000071c000000| Untracked 
| 199|0x000000071c200000, 0x000000071c200000, 0x000000071c400000|  0%| F|  |TAMS 0x000000071c200000, 0x000000071c200000| Untracked 
| 200|0x000000071c400000, 0x000000071c400000, 0x000000071c600000|  0%| F|  |TAMS 0x000000071c400000, 0x000000071c400000| Untracked 
| 201|0x000000071c600000, 0x000000071c600000, 0x000000071c800000|  0%| F|  |TAMS 0x000000071c600000, 0x000000071c600000| Untracked 
| 202|0x000000071c800000, 0x000000071c800000, 0x000000071ca00000|  0%| F|  |TAMS 0x000000071c800000, 0x000000071c800000| Untracked 
| 203|0x000000071ca00000, 0x000000071ca00000, 0x000000071cc00000|  0%| F|  |TAMS 0x000000071ca00000, 0x000000071ca00000| Untracked 
| 204|0x000000071cc00000, 0x000000071cc00000, 0x000000071ce00000|  0%| F|  |TAMS 0x000000071cc00000, 0x000000071cc00000| Untracked 
| 205|0x000000071ce00000, 0x000000071ce00000, 0x000000071d000000|  0%| F|  |TAMS 0x000000071ce00000, 0x000000071ce00000| Untracked 
| 206|0x000000071d000000, 0x000000071d000000, 0x000000071d200000|  0%| F|  |TAMS 0x000000071d000000, 0x000000071d000000| Untracked 
| 207|0x000000071d200000, 0x000000071d200000, 0x000000071d400000|  0%| F|  |TAMS 0x000000071d200000, 0x000000071d200000| Untracked 
| 208|0x000000071d400000, 0x000000071d400000, 0x000000071d600000|  0%| F|  |TAMS 0x000000071d400000, 0x000000071d400000| Untracked 
| 209|0x000000071d600000, 0x000000071d600000, 0x000000071d800000|  0%| F|  |TAMS 0x000000071d600000, 0x000000071d600000| Untracked 
| 210|0x000000071d800000, 0x000000071d800000, 0x000000071da00000|  0%| F|  |TAMS 0x000000071d800000, 0x000000071d800000| Untracked 
| 211|0x000000071da00000, 0x000000071da00000, 0x000000071dc00000|  0%| F|  |TAMS 0x000000071da00000, 0x000000071da00000| Untracked 
| 212|0x000000071dc00000, 0x000000071dc00000, 0x000000071de00000|  0%| F|  |TAMS 0x000000071dc00000, 0x000000071dc00000| Untracked 
| 213|0x000000071de00000, 0x000000071de00000, 0x000000071e000000|  0%| F|  |TAMS 0x000000071de00000, 0x000000071de00000| Untracked 
| 214|0x000000071e000000, 0x000000071e000000, 0x000000071e200000|  0%| F|  |TAMS 0x000000071e000000, 0x000000071e000000| Untracked 
| 215|0x000000071e200000, 0x000000071e200000, 0x000000071e400000|  0%| F|  |TAMS 0x000000071e200000, 0x000000071e200000| Untracked 
| 216|0x000000071e400000, 0x000000071e400000, 0x000000071e600000|  0%| F|  |TAMS 0x000000071e400000, 0x000000071e400000| Untracked 
| 217|0x000000071e600000, 0x000000071e600000, 0x000000071e800000|  0%| F|  |TAMS 0x000000071e600000, 0x000000071e600000| Untracked 
| 218|0x000000071e800000, 0x000000071e800000, 0x000000071ea00000|  0%| F|  |TAMS 0x000000071e800000, 0x000000071e800000| Untracked 
| 219|0x000000071ea00000, 0x000000071ea00000, 0x000000071ec00000|  0%| F|  |TAMS 0x000000071ea00000, 0x000000071ea00000| Untracked 
| 220|0x000000071ec00000, 0x000000071ec00000, 0x000000071ee00000|  0%| F|  |TAMS 0x000000071ec00000, 0x000000071ec00000| Untracked 
| 221|0x000000071ee00000, 0x000000071ee00000, 0x000000071f000000|  0%| F|  |TAMS 0x000000071ee00000, 0x000000071ee00000| Untracked 
| 222|0x000000071f000000, 0x000000071f000000, 0x000000071f200000|  0%| F|  |TAMS 0x000000071f000000, 0x000000071f000000| Untracked 
| 223|0x000000071f200000, 0x000000071f200000, 0x000000071f400000|  0%| F|  |TAMS 0x000000071f200000, 0x000000071f200000| Untracked 
| 224|0x000000071f400000, 0x000000071f400000, 0x000000071f600000|  0%| F|  |TAMS 0x000000071f400000, 0x000000071f400000| Untracked 
| 225|0x000000071f600000, 0x000000071f600000, 0x000000071f800000|  0%| F|  |TAMS 0x000000071f600000, 0x000000071f600000| Untracked 
| 226|0x000000071f800000, 0x000000071f800000, 0x000000071fa00000|  0%| F|  |TAMS 0x000000071f800000, 0x000000071f800000| Untracked 
| 227|0x000000071fa00000, 0x000000071fa00000, 0x000000071fc00000|  0%| F|  |TAMS 0x000000071fa00000, 0x000000071fa00000| Untracked 
| 228|0x000000071fc00000, 0x000000071fc00000, 0x000000071fe00000|  0%| F|  |TAMS 0x000000071fc00000, 0x000000071fc00000| Untracked 
| 229|0x000000071fe00000, 0x000000071fe00000, 0x0000000720000000|  0%| F|  |TAMS 0x000000071fe00000, 0x000000071fe00000| Untracked 
| 230|0x0000000720000000, 0x0000000720000000, 0x0000000720200000|  0%| F|  |TAMS 0x0000000720000000, 0x0000000720000000| Untracked 
| 231|0x0000000720200000, 0x0000000720200000, 0x0000000720400000|  0%| F|  |TAMS 0x0000000720200000, 0x0000000720200000| Untracked 
| 232|0x0000000720400000, 0x0000000720400000, 0x0000000720600000|  0%| F|  |TAMS 0x0000000720400000, 0x0000000720400000| Untracked 
| 233|0x0000000720600000, 0x0000000720600000, 0x0000000720800000|  0%| F|  |TAMS 0x0000000720600000, 0x0000000720600000| Untracked 
| 234|0x0000000720800000, 0x0000000720800000, 0x0000000720a00000|  0%| F|  |TAMS 0x0000000720800000, 0x0000000720800000| Untracked 
| 235|0x0000000720a00000, 0x0000000720a00000, 0x0000000720c00000|  0%| F|  |TAMS 0x0000000720a00000, 0x0000000720a00000| Untracked 
| 236|0x0000000720c00000, 0x0000000720c00000, 0x0000000720e00000|  0%| F|  |TAMS 0x0000000720c00000, 0x0000000720c00000| Untracked 
| 237|0x0000000720e00000, 0x0000000720e00000, 0x0000000721000000|  0%| F|  |TAMS 0x0000000720e00000, 0x0000000720e00000| Untracked 
| 238|0x0000000721000000, 0x0000000721000000, 0x0000000721200000|  0%| F|  |TAMS 0x0000000721000000, 0x0000000721000000| Untracked 
| 239|0x0000000721200000, 0x0000000721200000, 0x0000000721400000|  0%| F|  |TAMS 0x0000000721200000, 0x0000000721200000| Untracked 
| 240|0x0000000721400000, 0x0000000721400000, 0x0000000721600000|  0%| F|  |TAMS 0x0000000721400000, 0x0000000721400000| Untracked 
| 241|0x0000000721600000, 0x0000000721600000, 0x0000000721800000|  0%| F|  |TAMS 0x0000000721600000, 0x0000000721600000| Untracked 
| 242|0x0000000721800000, 0x0000000721800000, 0x0000000721a00000|  0%| F|  |TAMS 0x0000000721800000, 0x0000000721800000| Untracked 
| 243|0x0000000721a00000, 0x0000000721a00000, 0x0000000721c00000|  0%| F|  |TAMS 0x0000000721a00000, 0x0000000721a00000| Untracked 
| 244|0x0000000721c00000, 0x0000000721c00000, 0x0000000721e00000|  0%| F|  |TAMS 0x0000000721c00000, 0x0000000721c00000| Untracked 
| 245|0x0000000721e00000, 0x0000000721e00000, 0x0000000722000000|  0%| F|  |TAMS 0x0000000721e00000, 0x0000000721e00000| Untracked 
| 246|0x0000000722000000, 0x0000000722000000, 0x0000000722200000|  0%| F|  |TAMS 0x0000000722000000, 0x0000000722000000| Untracked 
| 247|0x0000000722200000, 0x0000000722200000, 0x0000000722400000|  0%| F|  |TAMS 0x0000000722200000, 0x0000000722200000| Untracked 
| 248|0x0000000722400000, 0x0000000722400000, 0x0000000722600000|  0%| F|  |TAMS 0x0000000722400000, 0x0000000722400000| Untracked 
| 249|0x0000000722600000, 0x0000000722600000, 0x0000000722800000|  0%| F|  |TAMS 0x0000000722600000, 0x0000000722600000| Untracked 
| 250|0x0000000722800000, 0x0000000722800000, 0x0000000722a00000|  0%| F|  |TAMS 0x0000000722800000, 0x0000000722800000| Untracked 
| 251|0x0000000722a00000, 0x0000000722a00000, 0x0000000722c00000|  0%| F|  |TAMS 0x0000000722a00000, 0x0000000722a00000| Untracked 
| 252|0x0000000722c00000, 0x0000000722c00000, 0x0000000722e00000|  0%| F|  |TAMS 0x0000000722c00000, 0x0000000722c00000| Untracked 
| 253|0x0000000722e00000, 0x0000000722e00000, 0x0000000723000000|  0%| F|  |TAMS 0x0000000722e00000, 0x0000000722e00000| Untracked 
| 254|0x0000000723000000, 0x0000000723000000, 0x0000000723200000|  0%| F|  |TAMS 0x0000000723000000, 0x0000000723000000| Untracked 
| 255|0x0000000723200000, 0x0000000723200000, 0x0000000723400000|  0%| F|  |TAMS 0x0000000723200000, 0x0000000723200000| Untracked 
| 256|0x0000000723400000, 0x0000000723400000, 0x0000000723600000|  0%| F|  |TAMS 0x0000000723400000, 0x0000000723400000| Untracked 
| 257|0x0000000723600000, 0x0000000723600000, 0x0000000723800000|  0%| F|  |TAMS 0x0000000723600000, 0x0000000723600000| Untracked 
| 258|0x0000000723800000, 0x0000000723800000, 0x0000000723a00000|  0%| F|  |TAMS 0x0000000723800000, 0x0000000723800000| Untracked 
| 259|0x0000000723a00000, 0x0000000723a00000, 0x0000000723c00000|  0%| F|  |TAMS 0x0000000723a00000, 0x0000000723a00000| Untracked 
| 260|0x0000000723c00000, 0x0000000723c00000, 0x0000000723e00000|  0%| F|  |TAMS 0x0000000723c00000, 0x0000000723c00000| Untracked 
| 261|0x0000000723e00000, 0x0000000723e00000, 0x0000000724000000|  0%| F|  |TAMS 0x0000000723e00000, 0x0000000723e00000| Untracked 
| 262|0x0000000724000000, 0x0000000724000000, 0x0000000724200000|  0%| F|  |TAMS 0x0000000724000000, 0x0000000724000000| Untracked 
| 263|0x0000000724200000, 0x0000000724200000, 0x0000000724400000|  0%| F|  |TAMS 0x0000000724200000, 0x0000000724200000| Untracked 
| 264|0x0000000724400000, 0x0000000724400000, 0x0000000724600000|  0%| F|  |TAMS 0x0000000724400000, 0x0000000724400000| Untracked 
| 265|0x0000000724600000, 0x0000000724600000, 0x0000000724800000|  0%| F|  |TAMS 0x0000000724600000, 0x0000000724600000| Untracked 
| 266|0x0000000724800000, 0x0000000724800000, 0x0000000724a00000|  0%| F|  |TAMS 0x0000000724800000, 0x0000000724800000| Untracked 
| 267|0x0000000724a00000, 0x0000000724a00000, 0x0000000724c00000|  0%| F|  |TAMS 0x0000000724a00000, 0x0000000724a00000| Untracked 
| 268|0x0000000724c00000, 0x0000000724c00000, 0x0000000724e00000|  0%| F|  |TAMS 0x0000000724c00000, 0x0000000724c00000| Untracked 
| 269|0x0000000724e00000, 0x0000000724e00000, 0x0000000725000000|  0%| F|  |TAMS 0x0000000724e00000, 0x0000000724e00000| Untracked 
| 270|0x0000000725000000, 0x0000000725000000, 0x0000000725200000|  0%| F|  |TAMS 0x0000000725000000, 0x0000000725000000| Untracked 
| 271|0x0000000725200000, 0x0000000725200000, 0x0000000725400000|  0%| F|  |TAMS 0x0000000725200000, 0x0000000725200000| Untracked 
| 272|0x0000000725400000, 0x0000000725400000, 0x0000000725600000|  0%| F|  |TAMS 0x0000000725400000, 0x0000000725400000| Untracked 
| 273|0x0000000725600000, 0x0000000725600000, 0x0000000725800000|  0%| F|  |TAMS 0x0000000725600000, 0x0000000725600000| Untracked 
| 274|0x0000000725800000, 0x0000000725800000, 0x0000000725a00000|  0%| F|  |TAMS 0x0000000725800000, 0x0000000725800000| Untracked 
| 275|0x0000000725a00000, 0x0000000725a00000, 0x0000000725c00000|  0%| F|  |TAMS 0x0000000725a00000, 0x0000000725a00000| Untracked 
| 276|0x0000000725c00000, 0x0000000725c00000, 0x0000000725e00000|  0%| F|  |TAMS 0x0000000725c00000, 0x0000000725c00000| Untracked 
| 277|0x0000000725e00000, 0x0000000725e00000, 0x0000000726000000|  0%| F|  |TAMS 0x0000000725e00000, 0x0000000725e00000| Untracked 
| 278|0x0000000726000000, 0x0000000726000000, 0x0000000726200000|  0%| F|  |TAMS 0x0000000726000000, 0x0000000726000000| Untracked 
| 279|0x0000000726200000, 0x0000000726200000, 0x0000000726400000|  0%| F|  |TAMS 0x0000000726200000, 0x0000000726200000| Untracked 
| 280|0x0000000726400000, 0x0000000726400000, 0x0000000726600000|  0%| F|  |TAMS 0x0000000726400000, 0x0000000726400000| Untracked 
| 281|0x0000000726600000, 0x0000000726600000, 0x0000000726800000|  0%| F|  |TAMS 0x0000000726600000, 0x0000000726600000| Untracked 
| 282|0x0000000726800000, 0x0000000726800000, 0x0000000726a00000|  0%| F|  |TAMS 0x0000000726800000, 0x0000000726800000| Untracked 
| 283|0x0000000726a00000, 0x0000000726a00000, 0x0000000726c00000|  0%| F|  |TAMS 0x0000000726a00000, 0x0000000726a00000| Untracked 
| 284|0x0000000726c00000, 0x0000000726c00000, 0x0000000726e00000|  0%| F|  |TAMS 0x0000000726c00000, 0x0000000726c00000| Untracked 
| 285|0x0000000726e00000, 0x0000000726e00000, 0x0000000727000000|  0%| F|  |TAMS 0x0000000726e00000, 0x0000000726e00000| Untracked 
| 286|0x0000000727000000, 0x0000000727000000, 0x0000000727200000|  0%| F|  |TAMS 0x0000000727000000, 0x0000000727000000| Untracked 
| 287|0x0000000727200000, 0x0000000727200000, 0x0000000727400000|  0%| F|  |TAMS 0x0000000727200000, 0x0000000727200000| Untracked 
| 288|0x0000000727400000, 0x0000000727400000, 0x0000000727600000|  0%| F|  |TAMS 0x0000000727400000, 0x0000000727400000| Untracked 
| 289|0x0000000727600000, 0x0000000727600000, 0x0000000727800000|  0%| F|  |TAMS 0x0000000727600000, 0x0000000727600000| Untracked 
| 290|0x0000000727800000, 0x0000000727800000, 0x0000000727a00000|  0%| F|  |TAMS 0x0000000727800000, 0x0000000727800000| Untracked 
| 291|0x0000000727a00000, 0x0000000727a00000, 0x0000000727c00000|  0%| F|  |TAMS 0x0000000727a00000, 0x0000000727a00000| Untracked 
| 292|0x0000000727c00000, 0x0000000727c00000, 0x0000000727e00000|  0%| F|  |TAMS 0x0000000727c00000, 0x0000000727c00000| Untracked 
| 293|0x0000000727e00000, 0x0000000727e00000, 0x0000000728000000|  0%| F|  |TAMS 0x0000000727e00000, 0x0000000727e00000| Untracked 

Card table byte_map: [0x0000024fba580000,0x0000024fbad70000] _byte_map_base: 0x0000024fb6d66000

Marking Bits (Prev, Next): (CMBitMap*) 0x0000024fa30972f0, (CMBitMap*) 0x0000024fa30972b0
 Prev Bits: [0x0000024fbf490000, 0x0000024fc33c0000)
 Next Bits: [0x0000024fbb560000, 0x0000024fbf490000)

Polling page: 0x0000024fa13b0000

Metaspace:

Usage:
  Non-class:     58.20 MB used.
      Class:      7.75 MB used.
       Both:     65.95 MB used.

Virtual space:
  Non-class space:       80.00 MB reserved,      60.31 MB ( 75%) committed,  10 nodes.
      Class space:        1.00 GB reserved,       8.81 MB ( <1%) committed,  1 nodes.
             Both:        1.08 GB reserved,      69.12 MB (  6%) committed. 

Chunk freelists:
   Non-Class:  21.13 MB
       Class:  3.80 MB
        Both:  24.92 MB

MaxMetaspaceSize: unlimited
CompressedClassSpaceSize: 1.00 GB
Initial GC threshold: 21.00 MB
Current GC threshold: 115.25 MB
CDS: on
MetaspaceReclaimPolicy: balanced
 - commit_granule_bytes: 65536.
 - commit_granule_words: 8192.
 - virtual_space_node_default_size: 1048576.
 - enlarge_chunks_in_place: 1.
 - new_chunks_are_fully_committed: 0.
 - uncommit_free_chunks: 1.
 - use_allocation_guard: 0.
 - handle_deallocations: 1.


Internal statistics:

num_allocs_failed_limit: 15.
num_arena_births: 864.
num_arena_deaths: 148.
num_vsnodes_births: 11.
num_vsnodes_deaths: 0.
num_space_committed: 1645.
num_space_uncommitted: 542.
num_chunks_returned_to_freelist: 2036.
num_chunks_taken_from_freelist: 5405.
num_chunk_merges: 665.
num_chunk_splits: 3760.
num_chunks_enlarged: 3013.
num_purges: 6.
num_inconsistent_stats: 0.

CodeHeap 'non-profiled nmethods': size=120000Kb used=11914Kb max_used=13347Kb free=108085Kb
 bounds [0x0000024fb2310000, 0x0000024fb3020000, 0x0000024fb9840000]
CodeHeap 'profiled nmethods': size=120000Kb used=26467Kb max_used=32484Kb free=93532Kb
 bounds [0x0000024faade0000, 0x0000024facda0000, 0x0000024fb2310000]
CodeHeap 'non-nmethods': size=5760Kb used=1262Kb max_used=1426Kb free=4498Kb
 bounds [0x0000024faa840000, 0x0000024faaab0000, 0x0000024faade0000]
 total_blobs=12944 nmethods=12368 adapters=487
 compilation: enabled
              stopped_count=0, restarted_count=0
 full_count=0

Compilation events (20 events):
Event: 47.534 Thread 0x0000024fc6c1f700 19030       3       lombok.core.configuration.ConfigurationFile$RegularConfigurationFile::parent (39 bytes)
Event: 47.535 Thread 0x0000024fc6c1f700 nmethod 19030 0x0000024fac1e9490 code [0x0000024fac1e96a0, 0x0000024fac1e9e08]
Event: 47.535 Thread 0x0000024fc6c1f700 19032       3       lombok.core.configuration.ConfigurationFile::equals (24 bytes)
Event: 47.535 Thread 0x0000024fc6c1f700 nmethod 19032 0x0000024fab67ce10 code [0x0000024fab67cfc0, 0x0000024fab67d388]
Event: 47.535 Thread 0x0000024fc6c1f700 19033       1       lombok.core.AST::top (5 bytes)
Event: 47.535 Thread 0x0000024fc6c1f700 nmethod 19033 0x0000024fb2937210 code [0x0000024fb29373a0, 0x0000024fb2937478]
Event: 47.539 Thread 0x0000024fc6c1f700 19034       3       lombok.javac.JavacNode::getAst (5 bytes)
Event: 47.539 Thread 0x0000024fc6c1f700 nmethod 19034 0x0000024fab7ffd10 code [0x0000024fab7ffea0, 0x0000024fab7fffd8]
Event: 47.543 Thread 0x0000024fc6c1f700 19035       3       lombok.javac.JavacAST::addIfNotNull (13 bytes)
Event: 47.543 Thread 0x0000024fc6c1f700 nmethod 19035 0x0000024fab750f10 code [0x0000024fab7510c0, 0x0000024fab7512a8]
Event: 47.543 Thread 0x0000024fc6c1f700 19036       3       java.util.HashMap$HashIterator::remove (75 bytes)
Event: 47.543 Thread 0x0000024fc6c1f700 nmethod 19036 0x0000024fab03c290 code [0x0000024fab03c460, 0x0000024fab03c868]
Event: 47.544 Thread 0x0000024fc6c1f700 19038       1       lombok.javac.JavacTransformer::access$0 (5 bytes)
Event: 47.544 Thread 0x0000024fc6c1ec60 19037       4       lombok.core.LombokImmutableList$1::next (43 bytes)
Event: 47.544 Thread 0x0000024fc6c1f700 nmethod 19038 0x0000024fb2936f10 code [0x0000024fb29370a0, 0x0000024fb2937158]
Event: 47.544 Thread 0x0000024fc6c1f700 19039       1       lombok.core.AST::getImportList (5 bytes)
Event: 47.544 Thread 0x0000024fc6c1f700 nmethod 19039 0x0000024fb2b6f990 code [0x0000024fb2b6fb20, 0x0000024fb2b6fbf8]
Event: 47.545 Thread 0x0000024fc6c1ec60 nmethod 19037 0x0000024fb2bf1590 code [0x0000024fb2bf1700, 0x0000024fb2bf17f8]
Event: 47.545 Thread 0x0000024fc6c1ec60 19040       4       lombok.javac.JavacNode::calculateIsStructurallySignificant (65 bytes)
Event: 47.545 Thread 0x0000024fc6c1ec60 nmethod 19040 0x0000024fb2e0b310 code [0x0000024fb2e0b4a0, 0x0000024fb2e0b5d8]

GC Heap History (20 events):
Event: 42.139 GC heap after
{Heap after GC invocations=57 (full 0):
 garbage-first heap   total 430080K, used 199957K [0x0000000703400000, 0x0000000800000000)
  region size 2048K, 4 young (8192K), 4 survivors (8192K)
 Metaspace       used 77605K, committed 78720K, reserved 1122304K
  class space    used 8938K, committed 9472K, reserved 1048576K
}
Event: 43.197 GC heap before
{Heap before GC invocations=57 (full 0):
 garbage-first heap   total 430080K, used 359701K [0x0000000703400000, 0x0000000800000000)
  region size 2048K, 82 young (167936K), 4 survivors (8192K)
 Metaspace       used 78197K, committed 79296K, reserved 1122304K
  class space    used 8979K, committed 9536K, reserved 1048576K
}
Event: 43.204 GC heap after
{Heap after GC invocations=58 (full 0):
 garbage-first heap   total 430080K, used 206029K [0x0000000703400000, 0x0000000800000000)
  region size 2048K, 6 young (12288K), 6 survivors (12288K)
 Metaspace       used 78197K, committed 79296K, reserved 1122304K
  class space    used 8979K, committed 9536K, reserved 1048576K
}
Event: 43.750 GC heap before
{Heap before GC invocations=58 (full 0):
 garbage-first heap   total 430080K, used 357581K [0x0000000703400000, 0x0000000800000000)
  region size 2048K, 81 young (165888K), 6 survivors (12288K)
 Metaspace       used 79647K, committed 80704K, reserved 1122304K
  class space    used 9149K, committed 9664K, reserved 1048576K
}
Event: 43.757 GC heap after
{Heap after GC invocations=59 (full 0):
 garbage-first heap   total 430080K, used 213297K [0x0000000703400000, 0x0000000800000000)
  region size 2048K, 10 young (20480K), 10 survivors (20480K)
 Metaspace       used 79647K, committed 80704K, reserved 1122304K
  class space    used 9149K, committed 9664K, reserved 1048576K
}
Event: 44.533 GC heap before
{Heap before GC invocations=59 (full 0):
 garbage-first heap   total 430080K, used 360753K [0x0000000703400000, 0x0000000800000000)
  region size 2048K, 82 young (167936K), 10 survivors (20480K)
 Metaspace       used 81266K, committed 82432K, reserved 1122304K
  class space    used 9335K, committed 9920K, reserved 1048576K
}
Event: 44.540 GC heap after
{Heap after GC invocations=60 (full 0):
 garbage-first heap   total 430080K, used 216476K [0x0000000703400000, 0x0000000800000000)
  region size 2048K, 7 young (14336K), 7 survivors (14336K)
 Metaspace       used 81266K, committed 82432K, reserved 1122304K
  class space    used 9335K, committed 9920K, reserved 1048576K
}
Event: 45.141 GC heap before
{Heap before GC invocations=60 (full 0):
 garbage-first heap   total 430080K, used 357788K [0x0000000703400000, 0x0000000800000000)
  region size 2048K, 76 young (155648K), 7 survivors (14336K)
 Metaspace       used 81463K, committed 82560K, reserved 1122304K
  class space    used 9349K, committed 9920K, reserved 1048576K
}
Event: 45.146 GC heap after
{Heap after GC invocations=61 (full 0):
 garbage-first heap   total 430080K, used 221564K [0x0000000703400000, 0x0000000800000000)
  region size 2048K, 7 young (14336K), 7 survivors (14336K)
 Metaspace       used 81463K, committed 82560K, reserved 1122304K
  class space    used 9349K, committed 9920K, reserved 1048576K
}
Event: 46.035 GC heap before
{Heap before GC invocations=61 (full 0):
 garbage-first heap   total 430080K, used 309628K [0x0000000703400000, 0x0000000800000000)
  region size 2048K, 51 young (104448K), 7 survivors (14336K)
 Metaspace       used 88050K, committed 89216K, reserved 1130496K
  class space    used 10237K, committed 10816K, reserved 1048576K
}
Event: 46.043 GC heap after
{Heap after GC invocations=62 (full 0):
 garbage-first heap   total 430080K, used 227915K [0x0000000703400000, 0x0000000800000000)
  region size 2048K, 4 young (8192K), 4 survivors (8192K)
 Metaspace       used 88050K, committed 89216K, reserved 1130496K
  class space    used 10237K, committed 10816K, reserved 1048576K
}
Event: 46.163 GC heap before
{Heap before GC invocations=62 (full 0):
 garbage-first heap   total 546816K, used 348747K [0x0000000703400000, 0x0000000800000000)
  region size 2048K, 65 young (133120K), 4 survivors (8192K)
 Metaspace       used 65657K, committed 70784K, reserved 1130496K
  class space    used 7726K, committed 9024K, reserved 1048576K
}
Event: 46.167 GC heap after
{Heap after GC invocations=63 (full 0):
 garbage-first heap   total 546816K, used 225714K [0x0000000703400000, 0x0000000800000000)
  region size 2048K, 4 young (8192K), 4 survivors (8192K)
 Metaspace       used 65657K, committed 70784K, reserved 1130496K
  class space    used 7726K, committed 9024K, reserved 1048576K
}
Event: 46.836 GC heap before
{Heap before GC invocations=64 (full 0):
 garbage-first heap   total 546816K, used 434610K [0x0000000703400000, 0x0000000800000000)
  region size 2048K, 106 young (217088K), 4 survivors (8192K)
 Metaspace       used 65888K, committed 70784K, reserved 1130496K
  class space    used 7742K, committed 9024K, reserved 1048576K
}
Event: 46.840 GC heap after
{Heap after GC invocations=65 (full 0):
 garbage-first heap   total 546816K, used 228478K [0x0000000703400000, 0x0000000800000000)
  region size 2048K, 4 young (8192K), 4 survivors (8192K)
 Metaspace       used 65888K, committed 70784K, reserved 1130496K
  class space    used 7742K, committed 9024K, reserved 1048576K
}
Event: 46.957 GC heap before
{Heap before GC invocations=65 (full 0):
 garbage-first heap   total 546816K, used 244862K [0x0000000703400000, 0x0000000800000000)
  region size 2048K, 13 young (26624K), 4 survivors (8192K)
 Metaspace       used 65896K, committed 70784K, reserved 1130496K
  class space    used 7742K, committed 9024K, reserved 1048576K
}
Event: 46.965 GC heap after
{Heap after GC invocations=66 (full 0):
 garbage-first heap   total 546816K, used 181254K [0x0000000703400000, 0x0000000800000000)
  region size 2048K, 2 young (4096K), 2 survivors (4096K)
 Metaspace       used 65896K, committed 70784K, reserved 1130496K
  class space    used 7742K, committed 9024K, reserved 1048576K
}
Event: 46.972 GC heap before
{Heap before GC invocations=66 (full 0):
 garbage-first heap   total 546816K, used 201734K [0x0000000703400000, 0x0000000800000000)
  region size 2048K, 13 young (26624K), 2 survivors (4096K)
 Metaspace       used 65896K, committed 70784K, reserved 1130496K
  class space    used 7742K, committed 9024K, reserved 1048576K
}
Event: 46.978 GC heap after
{Heap after GC invocations=67 (full 0):
 garbage-first heap   total 546816K, used 158800K [0x0000000703400000, 0x0000000800000000)
  region size 2048K, 1 young (2048K), 1 survivors (2048K)
 Metaspace       used 65896K, committed 70784K, reserved 1130496K
  class space    used 7742K, committed 9024K, reserved 1048576K
}
Event: 47.571 GC heap before
{Heap before GC invocations=67 (full 0):
 garbage-first heap   total 546816K, used 418896K [0x0000000703400000, 0x0000000800000000)
  region size 2048K, 129 young (264192K), 1 survivors (2048K)
 Metaspace       used 67537K, committed 70784K, reserved 1130496K
  class space    used 7935K, committed 9024K, reserved 1048576K
}

Deoptimization events (20 events):
Event: 46.415 Thread 0x0000024fa30473d0 DEOPT PACKING pc=0x0000024fb2ffb5e4 sp=0x000000e8eb2fdaa0
Event: 46.415 Thread 0x0000024fa30473d0 DEOPT UNPACKING pc=0x0000024faa8923a3 sp=0x000000e8eb2fda48 mode 2
Event: 46.439 Thread 0x0000024fa30473d0 DEOPT PACKING pc=0x0000024fab359f71 sp=0x000000e8eb2fd480
Event: 46.439 Thread 0x0000024fa30473d0 DEOPT UNPACKING pc=0x0000024faa892b43 sp=0x000000e8eb2fc910 mode 0
Event: 46.566 Thread 0x0000024fa30473d0 Uncommon trap: trap_request=0xffffffc6 fr.pc=0x0000024fb2ffb5e4 relative=0x0000000000000224
Event: 46.566 Thread 0x0000024fa30473d0 Uncommon trap: reason=bimorphic_or_optimized_type_check action=maybe_recompile pc=0x0000024fb2ffb5e4 method=java.util.Optional.map(Ljava/util/function/Function;)Ljava/util/Optional; @ 21 c2
Event: 46.566 Thread 0x0000024fa30473d0 DEOPT PACKING pc=0x0000024fb2ffb5e4 sp=0x000000e8eb2fdaa0
Event: 46.566 Thread 0x0000024fa30473d0 DEOPT UNPACKING pc=0x0000024faa8923a3 sp=0x000000e8eb2fda48 mode 2
Event: 46.860 Thread 0x0000024fa30473d0 DEOPT PACKING pc=0x0000024fab7c2ac5 sp=0x000000e8eb2fd190
Event: 46.860 Thread 0x0000024fa30473d0 DEOPT UNPACKING pc=0x0000024faa892b43 sp=0x000000e8eb2fc638 mode 0
Event: 47.244 Thread 0x0000024fa30473d0 DEOPT PACKING pc=0x0000024fab89526d sp=0x000000e8eb2f8e80
Event: 47.244 Thread 0x0000024fa30473d0 DEOPT UNPACKING pc=0x0000024faa892b43 sp=0x000000e8eb2f8330 mode 0
Event: 47.246 Thread 0x0000024fa30473d0 DEOPT PACKING pc=0x0000024fab89526d sp=0x000000e8eb2f8a20
Event: 47.246 Thread 0x0000024fa30473d0 DEOPT UNPACKING pc=0x0000024faa892b43 sp=0x000000e8eb2f7ed0 mode 0
Event: 47.251 Thread 0x0000024fa30473d0 DEOPT PACKING pc=0x0000024fab89526d sp=0x000000e8eb2fc2d0
Event: 47.251 Thread 0x0000024fa30473d0 DEOPT UNPACKING pc=0x0000024faa892b43 sp=0x000000e8eb2fb780 mode 0
Event: 47.258 Thread 0x0000024fa30473d0 DEOPT PACKING pc=0x0000024fab89526d sp=0x000000e8eb2f8ab0
Event: 47.258 Thread 0x0000024fa30473d0 DEOPT UNPACKING pc=0x0000024faa892b43 sp=0x000000e8eb2f7f60 mode 0
Event: 47.269 Thread 0x0000024fa30473d0 DEOPT PACKING pc=0x0000024fab89526d sp=0x000000e8eb2f8ab0
Event: 47.269 Thread 0x0000024fa30473d0 DEOPT UNPACKING pc=0x0000024faa892b43 sp=0x000000e8eb2f7f60 mode 0

Classes unloaded (20 events):
Event: 46.115 Thread 0x0000024fc606d210 Unloading class 0x0000000801072d10 'org/mapstruct/ap/MappingProcessor$$Lambda$645+0x0000000801072d10'
Event: 46.115 Thread 0x0000024fc606d210 Unloading class 0x0000000801072ac0 'org/mapstruct/ap/MappingProcessor$$Lambda$644+0x0000000801072ac0'
Event: 46.115 Thread 0x0000024fc606d210 Unloading class 0x00000008010728c8 'org/mapstruct/ap/spi/BuilderProvider'
Event: 46.115 Thread 0x0000024fc606d210 Unloading class 0x00000008010726d0 'org/mapstruct/ap/spi/AccessorNamingStrategy'
Event: 46.115 Thread 0x0000024fc606d210 Unloading class 0x0000000801072458 'org/mapstruct/ap/internal/util/AnnotationProcessorContext'
Event: 46.115 Thread 0x0000024fc606d210 Unloading class 0x0000000801072260 'org/mapstruct/ap/spi/MapStructProcessingEnvironment'
Event: 46.115 Thread 0x0000024fc606d210 Unloading class 0x0000000801072000 'org/mapstruct/ap/internal/option/Options'
Event: 46.115 Thread 0x0000024fc606d210 Unloading class 0x0000000801042dc0 'org/mapstruct/ap/internal/util/Services'
Event: 46.115 Thread 0x0000024fc606d210 Unloading class 0x0000000801042bc8 'org/mapstruct/ap/spi/AdditionalSupportedOptionsProvider'
Event: 46.115 Thread 0x0000024fc606d210 Unloading class 0x00000008010429d0 'org/mapstruct/ap/internal/processor/ModelElementProcessor$ProcessorContext'
Event: 46.115 Thread 0x0000024fc606d210 Unloading class 0x0000000801042770 'org/mapstruct/ap/spi/TypeHierarchyErroneousException'
Event: 46.115 Thread 0x0000024fc606d210 Unloading class 0x0000000801042500 'org/mapstruct/ap/internal/util/AnnotationProcessingException'
Event: 46.115 Thread 0x0000024fc606d210 Unloading class 0x0000000801042280 'org/mapstruct/ap/MappingProcessor'
Event: 46.115 Thread 0x0000024fc606d210 Unloading class 0x0000000801042000 'lombok/launch/AnnotationProcessorHider$ClaimingProcessor'
Event: 46.115 Thread 0x0000024fc606d210 Unloading class 0x00000008010e6c98 'lombok/launch/AnnotationProcessorHider$AstModificationNotifierData'
Event: 46.115 Thread 0x0000024fc606d210 Unloading class 0x00000008010e6a18 'lombok/launch/ClassFileMetaData'
Event: 46.115 Thread 0x0000024fc606d210 Unloading class 0x00000008010e6800 'lombok/launch/PackageShader'
Event: 46.115 Thread 0x0000024fc606d210 Unloading class 0x000000080110cc80 'lombok/launch/ShadowClassLoader'
Event: 46.115 Thread 0x0000024fc606d210 Unloading class 0x000000080110ca80 'lombok/launch/Main'
Event: 46.115 Thread 0x0000024fc606d210 Unloading class 0x000000080110c800 'lombok/launch/AnnotationProcessorHider$AnnotationProcessor'

Classes redefined (0 events):
No events

Internal exceptions (20 events):
Event: 47.556 Thread 0x0000024fa30473d0 Exception <a 'sun/nio/fs/WindowsException'{0x000000071aca8ff8}> (0x000000071aca8ff8) 
thrown [t:\workspace\open\src\hotspot\share\prims\jni.cpp, line 516]
Event: 47.556 Thread 0x0000024fa30473d0 Exception <a 'sun/nio/fs/WindowsException'{0x000000071aca92b0}> (0x000000071aca92b0) 
thrown [t:\workspace\open\src\hotspot\share\prims\jni.cpp, line 516]
Event: 47.556 Thread 0x0000024fa30473d0 Exception <a 'sun/nio/fs/WindowsException'{0x000000071acaa708}> (0x000000071acaa708) 
thrown [t:\workspace\open\src\hotspot\share\prims\jni.cpp, line 516]
Event: 47.556 Thread 0x0000024fa30473d0 Exception <a 'sun/nio/fs/WindowsException'{0x000000071acaa9f8}> (0x000000071acaa9f8) 
thrown [t:\workspace\open\src\hotspot\share\prims\jni.cpp, line 516]
Event: 47.556 Thread 0x0000024fa30473d0 Exception <a 'sun/nio/fs/WindowsException'{0x000000071acee6a0}> (0x000000071acee6a0) 
thrown [t:\workspace\open\src\hotspot\share\prims\jni.cpp, line 516]
Event: 47.556 Thread 0x0000024fa30473d0 Exception <a 'sun/nio/fs/WindowsException'{0x000000071acee948}> (0x000000071acee948) 
thrown [t:\workspace\open\src\hotspot\share\prims\jni.cpp, line 516]
Event: 47.556 Thread 0x0000024fa30473d0 Exception <a 'sun/nio/fs/WindowsException'{0x000000071acefda8}> (0x000000071acefda8) 
thrown [t:\workspace\open\src\hotspot\share\prims\jni.cpp, line 516]
Event: 47.556 Thread 0x0000024fa30473d0 Exception <a 'sun/nio/fs/WindowsException'{0x000000071aceffa8}> (0x000000071aceffa8) 
thrown [t:\workspace\open\src\hotspot\share\prims\jni.cpp, line 516]
Event: 47.556 Thread 0x0000024fa30473d0 Exception <a 'sun/nio/fs/WindowsException'{0x000000071acf1540}> (0x000000071acf1540) 
thrown [t:\workspace\open\src\hotspot\share\prims\jni.cpp, line 516]
Event: 47.556 Thread 0x0000024fa30473d0 Exception <a 'sun/nio/fs/WindowsException'{0x000000071acf17e0}> (0x000000071acf17e0) 
thrown [t:\workspace\open\src\hotspot\share\prims\jni.cpp, line 516]
Event: 47.556 Thread 0x0000024fa30473d0 Exception <a 'sun/nio/fs/WindowsException'{0x000000071acf2c28}> (0x000000071acf2c28) 
thrown [t:\workspace\open\src\hotspot\share\prims\jni.cpp, line 516]
Event: 47.556 Thread 0x0000024fa30473d0 Exception <a 'sun/nio/fs/WindowsException'{0x000000071acf2f10}> (0x000000071acf2f10) 
thrown [t:\workspace\open\src\hotspot\share\prims\jni.cpp, line 516]
Event: 47.557 Thread 0x0000024fa30473d0 Exception <a 'sun/nio/fs/WindowsException'{0x000000071ad33438}> (0x000000071ad33438) 
thrown [t:\workspace\open\src\hotspot\share\prims\jni.cpp, line 516]
Event: 47.557 Thread 0x0000024fa30473d0 Exception <a 'sun/nio/fs/WindowsException'{0x000000071ad336f0}> (0x000000071ad336f0) 
thrown [t:\workspace\open\src\hotspot\share\prims\jni.cpp, line 516]
Event: 47.557 Thread 0x0000024fa30473d0 Exception <a 'sun/nio/fs/WindowsException'{0x000000071ad34b70}> (0x000000071ad34b70) 
thrown [t:\workspace\open\src\hotspot\share\prims\jni.cpp, line 516]
Event: 47.557 Thread 0x0000024fa30473d0 Exception <a 'sun/nio/fs/WindowsException'{0x000000071ad34d80}> (0x000000071ad34d80) 
thrown [t:\workspace\open\src\hotspot\share\prims\jni.cpp, line 516]
Event: 47.557 Thread 0x0000024fa30473d0 Exception <a 'sun/nio/fs/WindowsException'{0x000000071ad36330}> (0x000000071ad36330) 
thrown [t:\workspace\open\src\hotspot\share\prims\jni.cpp, line 516]
Event: 47.557 Thread 0x0000024fa30473d0 Exception <a 'sun/nio/fs/WindowsException'{0x000000071ad365e8}> (0x000000071ad365e8) 
thrown [t:\workspace\open\src\hotspot\share\prims\jni.cpp, line 516]
Event: 47.557 Thread 0x0000024fa30473d0 Exception <a 'sun/nio/fs/WindowsException'{0x000000071ad37a40}> (0x000000071ad37a40) 
thrown [t:\workspace\open\src\hotspot\share\prims\jni.cpp, line 516]
Event: 47.557 Thread 0x0000024fa30473d0 Exception <a 'sun/nio/fs/WindowsException'{0x000000071ad37d30}> (0x000000071ad37d30) 
thrown [t:\workspace\open\src\hotspot\share\prims\jni.cpp, line 516]

VM Operations (20 events):
Event: 46.188 Executing VM operation: HandshakeAllThreads done
Event: 46.209 Executing VM operation: ICBufferFull
Event: 46.209 Executing VM operation: ICBufferFull done
Event: 46.323 Executing VM operation: ICBufferFull
Event: 46.324 Executing VM operation: ICBufferFull done
Event: 46.329 Executing VM operation: ICBufferFull
Event: 46.329 Executing VM operation: ICBufferFull done
Event: 46.333 Executing VM operation: ICBufferFull
Event: 46.333 Executing VM operation: ICBufferFull done
Event: 46.349 Executing VM operation: ICBufferFull
Event: 46.349 Executing VM operation: ICBufferFull done
Event: 46.513 Executing VM operation: ICBufferFull
Event: 46.526 Executing VM operation: ICBufferFull done
Event: 46.836 Executing VM operation: G1CollectForAllocation
Event: 46.840 Executing VM operation: G1CollectForAllocation done
Event: 46.957 Executing VM operation: G1CollectForAllocation
Event: 46.965 Executing VM operation: G1CollectForAllocation done
Event: 46.972 Executing VM operation: G1CollectForAllocation
Event: 46.978 Executing VM operation: G1CollectForAllocation done
Event: 47.571 Executing VM operation: G1CollectForAllocation

Events (20 events):
Event: 46.435 Thread 0x0000024fc71d0490 Thread added: 0x0000024fc71d0490
Event: 46.436 Thread 0x0000024fc71d34b0 Thread added: 0x0000024fc71d34b0
Event: 46.436 Thread 0x0000024fc71d1300 Thread added: 0x0000024fc71d1300
Event: 46.438 Thread 0x0000024fc91bada0 Thread exited: 0x0000024fc91bada0
Event: 46.438 Thread 0x0000024fc71d0490 Thread exited: 0x0000024fc71d0490
Event: 46.438 Thread 0x0000024fc71d2b10 Thread exited: 0x0000024fc71d2b10
Event: 46.438 Thread 0x0000024fc91bc0e0 Thread exited: 0x0000024fc91bc0e0
Event: 46.438 Thread 0x0000024fc71d34b0 Thread exited: 0x0000024fc71d34b0
Event: 46.438 Thread 0x0000024fc71d0e30 Thread exited: 0x0000024fc71d0e30
Event: 46.438 Thread 0x0000024fc71d0960 Thread exited: 0x0000024fc71d0960
Event: 46.438 Thread 0x0000024fc71d1300 Thread exited: 0x0000024fc71d1300
Event: 46.438 Thread 0x0000024fc748d910 Thread exited: 0x0000024fc748d910
Event: 46.573 Thread 0x0000024fc91bada0 Thread added: 0x0000024fc91bada0
Event: 46.573 Thread 0x0000024fc748d910 Thread added: 0x0000024fc748d910
Event: 46.575 Thread 0x0000024fc91bada0 Thread exited: 0x0000024fc91bada0
Event: 46.575 Thread 0x0000024fc748d910 Thread exited: 0x0000024fc748d910
Event: 46.858 Thread 0x0000024fca712680 Thread exited: 0x0000024fca712680
Event: 46.858 Thread 0x0000024fca710d30 Thread exited: 0x0000024fca710d30
Event: 47.138 loading class jdk/internal/module/IllegalAccessLogger
Event: 47.138 loading class jdk/internal/module/IllegalAccessLogger done


Dynamic libraries:
0x00007ff6475d0000 - 0x00007ff6475e0000 	C:\Program Files\Java\jdk-17.0.1\bin\java.exe
0x00007fff55ae0000 - 0x00007fff55d48000 	C:\WINDOWS\SYSTEM32\ntdll.dll
0x00007fff538f0000 - 0x00007fff539b9000 	C:\WINDOWS\System32\KERNEL32.DLL
0x00007fff53480000 - 0x00007fff53871000 	C:\WINDOWS\System32\KERNELBASE.dll
0x00007fff53090000 - 0x00007fff531db000 	C:\WINDOWS\System32\ucrtbase.dll
0x00007fff49980000 - 0x00007fff49998000 	C:\Program Files\Java\jdk-17.0.1\bin\jli.dll
0x00007fff49960000 - 0x00007fff4997a000 	C:\Program Files\Java\jdk-17.0.1\bin\VCRUNTIME140.dll
0x00007fff54970000 - 0x00007fff54a24000 	C:\WINDOWS\System32\ADVAPI32.dll
0x00007fff53cf0000 - 0x00007fff53d99000 	C:\WINDOWS\System32\msvcrt.dll
0x00007fff54a30000 - 0x00007fff54ad6000 	C:\WINDOWS\System32\sechost.dll
0x00007fff55200000 - 0x00007fff55318000 	C:\WINDOWS\System32\RPCRT4.dll
0x00007fff539c0000 - 0x00007fff53b86000 	C:\WINDOWS\System32\USER32.dll
0x00007fff52e20000 - 0x00007fff52e47000 	C:\WINDOWS\System32\win32u.dll
0x00007fff34600000 - 0x00007fff34893000 	C:\WINDOWS\WinSxS\amd64_microsoft.windows.common-controls_6595b64144ccf1df_6.0.26100.7824_none_3e0870b2e3345462\COMCTL32.dll
0x00007fff55490000 - 0x00007fff554bb000 	C:\WINDOWS\System32\GDI32.dll
0x00007fff53350000 - 0x00007fff5347b000 	C:\WINDOWS\System32\gdi32full.dll
0x00007fff523c0000 - 0x00007fff52463000 	C:\WINDOWS\System32\msvcp_win.dll
0x00007fff47f20000 - 0x00007fff47f2b000 	C:\WINDOWS\SYSTEM32\VERSION.dll
0x00007fff53ba0000 - 0x00007fff53bd1000 	C:\WINDOWS\System32\IMM32.DLL
0x00007fff4f740000 - 0x00007fff4f74c000 	C:\Program Files\Java\jdk-17.0.1\bin\vcruntime140_1.dll
0x00007fff35dd0000 - 0x00007fff35e5d000 	C:\Program Files\Java\jdk-17.0.1\bin\msvcp140.dll
0x00007ffea1ab0000 - 0x00007ffea266e000 	C:\Program Files\Java\jdk-17.0.1\bin\server\jvm.dll
0x00007fff53b90000 - 0x00007fff53b98000 	C:\WINDOWS\System32\PSAPI.DLL
0x00007fff48470000 - 0x00007fff4847a000 	C:\WINDOWS\SYSTEM32\WSOCK32.dll
0x00007fff3c680000 - 0x00007fff3c6b5000 	C:\WINDOWS\SYSTEM32\WINMM.dll
0x00007fff559c0000 - 0x00007fff55a34000 	C:\WINDOWS\System32\WS2_32.dll
0x00007fff51240000 - 0x00007fff5125b000 	C:\WINDOWS\SYSTEM32\kernel.appcore.dll
0x00007fff48590000 - 0x00007fff4859a000 	C:\Program Files\Java\jdk-17.0.1\bin\jimage.dll
0x00007fff50240000 - 0x00007fff50482000 	C:\WINDOWS\SYSTEM32\DBGHELP.DLL
0x00007fff54e70000 - 0x00007fff551f6000 	C:\WINDOWS\System32\combase.dll
0x00007fff54cc0000 - 0x00007fff54d97000 	C:\WINDOWS\System32\OLEAUT32.dll
0x00007fff373c0000 - 0x00007fff373fb000 	C:\WINDOWS\SYSTEM32\dbgcore.DLL
0x00007fff52470000 - 0x00007fff52515000 	C:\WINDOWS\System32\bcryptPrimitives.dll
0x00007fff48110000 - 0x00007fff4811e000 	C:\Program Files\Java\jdk-17.0.1\bin\instrument.dll
0x00007fff48560000 - 0x00007fff48585000 	C:\Program Files\Java\jdk-17.0.1\bin\java.dll
0x00007fff31b20000 - 0x00007fff31bf6000 	C:\Program Files\Java\jdk-17.0.1\bin\svml.dll
0x00007fff54050000 - 0x00007fff547a2000 	C:\WINDOWS\System32\SHELL32.dll
0x00007fff531e0000 - 0x00007fff5334a000 	C:\WINDOWS\System32\wintypes.dll
0x00007fff52520000 - 0x00007fff52d83000 	C:\WINDOWS\System32\windows.storage.dll
0x00007fff53da0000 - 0x00007fff53e96000 	C:\WINDOWS\System32\SHCORE.dll
0x00007fff53880000 - 0x00007fff538e7000 	C:\WINDOWS\System32\shlwapi.dll
0x00007fff522e0000 - 0x00007fff52309000 	C:\WINDOWS\SYSTEM32\profapi.dll
0x00007fff35db0000 - 0x00007fff35dc8000 	C:\Program Files\Java\jdk-17.0.1\bin\zip.dll
0x00007fff484b0000 - 0x00007fff484c9000 	C:\Program Files\Java\jdk-17.0.1\bin\net.dll
0x00007fff4aac0000 - 0x00007fff4abe7000 	C:\WINDOWS\SYSTEM32\WINHTTP.dll
0x00007fff51790000 - 0x00007fff517fb000 	C:\WINDOWS\system32\mswsock.dll
0x00007fff46040000 - 0x00007fff46055000 	C:\Program Files\Java\jdk-17.0.1\bin\nio.dll
0x00007fff34f90000 - 0x00007fff34faa000 	C:\Program Files\JetBrains\IntelliJ IDEA 2024.3.1.1\bin\breakgen64.dll
0x00007fff319b0000 - 0x00007fff319d4000 	C:\Users\moeha\AppData\Local\Temp\jansi-2.4.3-855e31cc8ceaeae4-jansi.dll
0x00007fff31990000 - 0x00007fff319a0000 	C:\Program Files\Java\jdk-17.0.1\bin\verify.dll
0x00007fff51360000 - 0x00007fff51396000 	C:\WINDOWS\SYSTEM32\ntmarta.dll

dbghelp: loaded successfully - version: 4.0.5 - missing functions: none
symbol engine: initialized successfully - sym options: 0x614 - pdb path: .;C:\Program Files\Java\jdk-17.0.1\bin;C:\WINDOWS\SYSTEM32;C:\WINDOWS\WinSxS\amd64_microsoft.windows.common-controls_6595b64144ccf1df_6.0.26100.7824_none_3e0870b2e3345462;C:\Program Files\Java\jdk-17.0.1\bin\server;C:\Program Files\JetBrains\IntelliJ IDEA 2024.3.1.1\bin;C:\Users\moeha\AppData\Local\Temp

VM Arguments:
jvm_args: -Dmaven.multiModuleProjectDirectory=D:\BOB Projects\OlympicAcadmyManagement\olympic-academy-management -Djansi.passthrough=true -Dmaven.home=C:\Users\moeha\.m2\wrapper\dists\apache-maven-3.9.15-bin\4rlcemksed9vjmkvgss0jpc4po\apache-maven-3.9.15 -Dclassworlds.conf=C:\Users\moeha\.m2\wrapper\dists\apache-maven-3.9.15-bin\4rlcemksed9vjmkvgss0jpc4po\apache-maven-3.9.15\bin\m2.conf -Dmaven.ext.class.path=C:\Program Files\JetBrains\IntelliJ IDEA 2024.3.1.1\plugins\maven\lib\maven-event-listener.jar -javaagent:C:\Program Files\JetBrains\IntelliJ IDEA 2024.3.1.1\lib\idea_rt.jar=50750:C:\Program Files\JetBrains\IntelliJ IDEA 2024.3.1.1\bin -Dfile.encoding=UTF-8 
java_command: org.codehaus.classworlds.Launcher -Didea.version=2024.3.1.1 clean install
java_class_path (initial): C:\Users\moeha\.m2\wrapper\dists\apache-maven-3.9.15-bin\4rlcemksed9vjmkvgss0jpc4po\apache-maven-3.9.15\boot\plexus-classworlds-2.9.0.jar;C:\Users\moeha\.m2\wrapper\dists\apache-maven-3.9.15-bin\4rlcemksed9vjmkvgss0jpc4po\apache-maven-3.9.15\boot\plexus-classworlds.license
Launcher Type: SUN_STANDARD

[Global flags]
     intx CICompilerCount                          = 4                                         {product} {ergonomic}
     uint ConcGCThreads                            = 3                                         {product} {ergonomic}
     uint G1ConcRefinementThreads                  = 10                                        {product} {ergonomic}
   size_t G1HeapRegionSize                         = 2097152                                   {product} {ergonomic}
    uintx GCDrainStackTargetSize                   = 64                                        {product} {ergonomic}
   size_t InitialHeapSize                          = 266338304                                 {product} {ergonomic}
   size_t MarkStackSize                            = 4194304                                   {product} {ergonomic}
   size_t MaxHeapSize                              = 4240441344                                {product} {ergonomic}
   size_t MaxNewSize                               = 2543845376                                {product} {ergonomic}
   size_t MinHeapDeltaBytes                        = 2097152                                   {product} {ergonomic}
   size_t MinHeapSize                              = 8388608                                   {product} {ergonomic}
    uintx NonNMethodCodeHeapSize                   = 5839372                                {pd product} {ergonomic}
    uintx NonProfiledCodeHeapSize                  = 122909434                              {pd product} {ergonomic}
    uintx ProfiledCodeHeapSize                     = 122909434                              {pd product} {ergonomic}
    uintx ReservedCodeCacheSize                    = 251658240                              {pd product} {ergonomic}
     bool SegmentedCodeCache                       = true                                      {product} {ergonomic}
   size_t SoftMaxHeapSize                          = 4240441344                             {manageable} {ergonomic}
     bool UseCompressedClassPointers               = true                           {product lp64_product} {ergonomic}
     bool UseCompressedOops                        = true                           {product lp64_product} {ergonomic}
     bool UseG1GC                                  = true                                      {product} {ergonomic}
     bool UseLargePagesIndividualAllocation        = false                                  {pd product} {ergonomic}

Logging:
Log output configuration:
 #0: stdout all=warning uptime,level,tags
 #1: stderr all=off uptime,level,tags

Environment Variables:
JAVA_HOME=C:\Program Files\Java\jdk-17.0.1
PATH=C:\Program Files\Java\jdk-17.0.1\bin;C:\Program Files\Java\jdk-17.0.1\bin;C:\Program Files\Common Files\Oracle\Java\javapath;C:\Program Files (x86)\Common Files\Oracle\Java\javapath;C:\WINDOWS\system32;C:\WINDOWS;C:\WINDOWS\System32\Wbem;C:\WINDOWS\System32\WindowsPowerShell\v1.0\;C:\WINDOWS\System32\OpenSSH\;C:\Program Files\nodejs\;C:\ProgramData\chocolatey\bin;C:\apache-maven-3.9.5\bin;C:\xampp\php;C:\Users\moeha\AppData\Local\Programs\Python\Python311\Scripts;C:\Program Files\Git\cmd;C:\Program Files (x86)\Microsoft SQL Server\160\DTS\Binn\;C:\Program Files\PuTTY\;C:\Users\moeha\AppData\Local\Programs\Python\Python311\;C:\msys64\mingw64\bin;C:\Program Files\dotnet\;C:\Users\moeha\AppData\Roaming\Python\Scripts;C:\Program Files\Heroku\bin;C:\Program Files\Java\jdk-23.0.1\bin;C:\Program Files\Docker\Docker\resources\bin;C:\Program Files\PowerShell\7-preview\preview;C:\Program Files\PowerShell\7\;c:\Users\moeha\AppData\Local\Programs\cursor\resources\app\codeBin;c:\Users\moeha\AppData\Local\Programs\Trae\bin;%PYTHON_HOME%;C:\Users\moeha\AppData\Local\Programs\Python\Python312\Scripts\;C:\Users\moeha\AppData\Local\Programs\Python\Python312\;C:\Program Files\MySQL\MySQL Shell 8.0\bin\;C:\Users\moeha\AppData\Local\Microsoft\WindowsApps;C:\Users\moeha\AppData\Local\Programs\Microsoft VS Code\bin;C:\Users\moeha\AppData\Roaming\npm;C:\Users\moeha\.dotnet\tools;C:\Program Files\JetBrains\PyCharm 2024.2.2\bin;;C:\msys64\mingw64\lib\python3.11\site-packages\pip;C:\Program Files\heroku\bin;C:\Program Files\JetBrains\IntelliJ IDEA 2024.3.1.1\bin;;C:\Users\moeha\AppData\Local\GitHubDesktop\bin;C:\Users\moeha\AppData\Local\Programs\cursor\resources\app\bin
USERNAME=BOBO
OS=Windows_NT
PROCESSOR_IDENTIFIER=Intel64 Family 6 Model 158 Stepping 10, GenuineIntel



---------------  S Y S T E M  ---------------

OS:
 Windows 10 , 64 bit Build 26100 (10.0.26100.7705)
OS uptime: 0 days 18:47 hours
Hyper-V role detected

CPU: total 12 (initial active 12) (6 cores per cpu, 2 threads per core) family 6 model 158 stepping 10 microcode 0xf8, cx8, cmov, fxsr, ht, mmx, 3dnowpref, sse, sse2, sse3, ssse3, sse4.1, sse4.2, popcnt, lzcnt, tsc, tscinvbit, avx, avx2, aes, erms, clmul, bmi1, bmi2, rtm, adx, fma, vzeroupper, clflush, clflushopt, hv

Memory: 4k page, system-wide physical 16175M (2714M free)
TotalPageFile size 24770M (AvailPageFile size 5M)
current process WorkingSet (physical memory assigned to process): 796M, peak: 834M
current process commit charge ("private bytes"): 1822M, peak: 1823M

vm_info: Java HotSpot(TM) 64-Bit Server VM (17.0.1+12-LTS-39) for windows-amd64 JRE (17.0.1+12-LTS-39), built on Sep 27 2021 18:41:35 by "mach5one" with MS VC++ 16.8 (VS2019)

END.
