#
# There is insufficient memory for the Java Runtime Environment to continue.
# Native memory allocation (malloc) failed to allocate 739216 bytes for Chunk::new
# Possible reasons:
#   The system is out of physical RAM or swap space
#   The process is running with CompressedOops enabled, and the Java Heap may be blocking the growth of the native heap
# Possible solutions:
#   Reduce memory load on the system
#   Increase physical memory or swap space
#   Check if swap backing store is full
#   Decrease Java heap size (-Xmx/-Xms)
#   Decrease number of Java threads
#   Decrease Java thread stack sizes (-Xss)
#   Set larger code cache with -XX:ReservedCodeCacheSize=
#   JVM is running with Zero Based Compressed Oops mode in which the Java heap is
#     placed in the first 32GB address space. The Java Heap base address is the
#     maximum limit for the native heap growth. Please use -XX:HeapBaseMinAddress
#     to set the Java Heap base and to place the Java Heap above 32GB virtual address.
# This output file may be truncated or incomplete.
#
#  Out of Memory Error (arena.cpp:189), pid=33484, tid=37252
#
# JRE version: Java(TM) SE Runtime Environment (17.0.1+12) (build 17.0.1+12-LTS-39)
# Java VM: Java HotSpot(TM) 64-Bit Server VM (17.0.1+12-LTS-39, mixed mode, sharing, tiered, compressed oops, compressed class ptrs, g1 gc, windows-amd64)
# No core dump will be written. Minidumps are not enabled by default on client versions of Windows
#

---------------  S U M M A R Y ------------

Command Line: -Dclassworlds.conf=C:\apache-maven-3.9.5\bin\m2.conf -Dmaven.home=C:\apache-maven-3.9.5 -Dlibrary.jansi.path=C:\apache-maven-3.9.5\lib\jansi-native -Dmaven.multiModuleProjectDirectory=D:\BOB Projects\OlympicAcadmyManagement\olympic-academy-management org.codehaus.plexus.classworlds.launcher.Launcher generate-sources -Pservice-swagger-models -Dproject-name.dot-separated=service -Dservice-name.dot-separated=trainee -Dservice-name.dash-separated=trainee -Dservice-name.slash-separated=trainee

Host: Intel(R) Core(TM) i7-8850H CPU @ 2.60GHz, 12 cores, 15G,  Windows 10 , 64 bit Build 26100 (10.0.26100.7705)
Time: Sat Jun 20 16:46:39 2026 Egypt Daylight Time elapsed time: 3.481971 seconds (0d 0h 0m 3s)

---------------  T H R E A D  ---------------

Current thread (0x000001969e8bfc30):  JavaThread "C2 CompilerThread1" daemon [_thread_in_native, id=37252, stack(0x0000007d46500000,0x0000007d46600000)]


Current CompileTask:
C2:   3482 2489   !   4       java.net.URL::<init> (543 bytes)

Stack: [0x0000007d46500000,0x0000007d46600000]
Native frames: (J=compiled Java code, j=interpreted, Vv=VM code, C=native code)
V  [jvm.dll+0x66fa1a]
V  [jvm.dll+0x7ce5a4]
V  [jvm.dll+0x7cfd4e]
V  [jvm.dll+0x7d03b3]
V  [jvm.dll+0x242b05]
V  [jvm.dll+0xaa05b]
V  [jvm.dll+0xaa5ec]
V  [jvm.dll+0x35fa07]
V  [jvm.dll+0x329f51]
V  [jvm.dll+0x3293fa]
V  [jvm.dll+0x215bf1]
V  [jvm.dll+0x215011]
V  [jvm.dll+0x1a168d]
V  [jvm.dll+0x224848]
V  [jvm.dll+0x2229ac]
V  [jvm.dll+0x78435b]
V  [jvm.dll+0x77e91a]
V  [jvm.dll+0x66e845]
C  [ucrtbase.dll+0x37b0]
C  [KERNEL32.DLL+0x2e8d7]
C  [ntdll.dll+0x8c40c]


---------------  P R O C E S S  ---------------

Threads class SMR info:
_java_thread_list=0x000001969eba0dc0, length=13, elements={
0x00000196f85c3280, 0x00000196ff043bc0, 0x00000196ff044770, 0x00000196ff05d5b0,
0x00000196ff05df60, 0x00000196ff05e910, 0x00000196ff05f2c0, 0x00000196ff068060,
0x00000196ff06e420, 0x00000196ffc250b0, 0x00000196ffd5e6f0, 0x00000196ffd625c0,
0x000001969e8bfc30
}

Java Threads: ( => current thread )
  0x00000196f85c3280 JavaThread "main" [_thread_in_native, id=28260, stack(0x0000007d45200000,0x0000007d45300000)]
  0x00000196ff043bc0 JavaThread "Reference Handler" daemon [_thread_blocked, id=53544, stack(0x0000007d45900000,0x0000007d45a00000)]
  0x00000196ff044770 JavaThread "Finalizer" daemon [_thread_blocked, id=5328, stack(0x0000007d45a00000,0x0000007d45b00000)]
  0x00000196ff05d5b0 JavaThread "Signal Dispatcher" daemon [_thread_blocked, id=38828, stack(0x0000007d45b00000,0x0000007d45c00000)]
  0x00000196ff05df60 JavaThread "Attach Listener" daemon [_thread_blocked, id=53924, stack(0x0000007d45c00000,0x0000007d45d00000)]
  0x00000196ff05e910 JavaThread "Service Thread" daemon [_thread_blocked, id=19464, stack(0x0000007d45d00000,0x0000007d45e00000)]
  0x00000196ff05f2c0 JavaThread "Monitor Deflation Thread" daemon [_thread_blocked, id=30644, stack(0x0000007d45e00000,0x0000007d45f00000)]
  0x00000196ff068060 JavaThread "C2 CompilerThread0" daemon [_thread_in_native, id=33916, stack(0x0000007d45f00000,0x0000007d46000000)]
  0x00000196ff06e420 JavaThread "C1 CompilerThread0" daemon [_thread_blocked, id=53648, stack(0x0000007d46000000,0x0000007d46100000)]
  0x00000196ffc250b0 JavaThread "Sweeper thread" daemon [_thread_blocked, id=27620, stack(0x0000007d46100000,0x0000007d46200000)]
  0x00000196ffd5e6f0 JavaThread "Notification Thread" daemon [_thread_blocked, id=50260, stack(0x0000007d46200000,0x0000007d46300000)]
  0x00000196ffd625c0 JavaThread "Common-Cleaner" daemon [_thread_blocked, id=12056, stack(0x0000007d46400000,0x0000007d46500000)]
=>0x000001969e8bfc30 JavaThread "C2 CompilerThread1" daemon [_thread_in_native, id=37252, stack(0x0000007d46500000,0x0000007d46600000)]

Other Threads:
  0x00000196ff040130 VMThread "VM Thread" [stack: 0x0000007d45800000,0x0000007d45900000] [id=42244]
  0x00000196f86352d0 WatcherThread [stack: 0x0000007d46300000,0x0000007d46400000] [id=47812]
  0x00000196f8616060 GCTaskThread "GC Thread#0" [stack: 0x0000007d45300000,0x0000007d45400000] [id=53896]
  0x000001969ed71370 GCTaskThread "GC Thread#1" [stack: 0x0000007d46700000,0x0000007d46800000] [id=54068]
  0x000001969ed8ead0 GCTaskThread "GC Thread#2" [stack: 0x0000007d46800000,0x0000007d46900000] [id=16360]
  0x000001969eba0f40 GCTaskThread "GC Thread#3" [stack: 0x0000007d46900000,0x0000007d46a00000] [id=30520]
  0x000001969eba11f0 GCTaskThread "GC Thread#4" [stack: 0x0000007d46a00000,0x0000007d46b00000] [id=27948]
  0x000001969eba14a0 GCTaskThread "GC Thread#5" [stack: 0x0000007d46b00000,0x0000007d46c00000] [id=23148]
  0x000001969ed8c8e0 GCTaskThread "GC Thread#6" [stack: 0x0000007d46c00000,0x0000007d46d00000] [id=49804]
  0x000001969eba1990 GCTaskThread "GC Thread#7" [stack: 0x0000007d46d00000,0x0000007d46e00000] [id=30612]
  0x000001969edc9b20 GCTaskThread "GC Thread#8" [stack: 0x0000007d46600000,0x0000007d46700000] [id=4412]
  0x000001969eaf3b20 GCTaskThread "GC Thread#9" [stack: 0x0000007d46e00000,0x0000007d46f00000] [id=8556]
  0x00000196f8626c60 ConcurrentGCThread "G1 Main Marker" [stack: 0x0000007d45400000,0x0000007d45500000] [id=54148]
  0x00000196f8628340 ConcurrentGCThread "G1 Conc#0" [stack: 0x0000007d45500000,0x0000007d45600000] [id=31392]
  0x00000196feef34e0 ConcurrentGCThread "G1 Refine#0" [stack: 0x0000007d45600000,0x0000007d45700000] [id=14936]
  0x00000196f868cfc0 ConcurrentGCThread "G1 Service" [stack: 0x0000007d45700000,0x0000007d45800000] [id=28252]

Threads with active compile tasks:
C2 CompilerThread0     3525 2506       4       org.codehaus.plexus.util.xml.pull.MXParser::parseStartTag (1190 bytes)
C2 CompilerThread1     3525 2489   !   4       java.net.URL::<init> (543 bytes)

VM state: not at safepoint (normal execution)

VM Mutex/Monitor currently owned by a thread: None

Heap address: 0x0000000703400000, size: 4044 MB, Compressed Oops mode: Zero based, Oop shift amount: 3

CDS archive(s) mapped at: [0x0000000800000000-0x0000000800bc0000-0x0000000800bc0000), size 12320768, SharedBaseAddress: 0x0000000800000000, ArchiveRelocationMode: 0.
Compressed class space mapped at: 0x0000000800c00000-0x0000000840c00000, reserved size: 1073741824
Narrow klass base: 0x0000000800000000, Narrow klass shift: 0, Narrow klass range: 0x100000000

GC Precious Log:
 CPUs: 12 total, 12 available
 Memory: 16175M
 Large Page Support: Disabled
 NUMA Support: Disabled
 Compressed Oops: Enabled (Zero based)
 Heap Region Size: 2M
 Heap Min Capacity: 8M
 Heap Initial Capacity: 254M
 Heap Max Capacity: 4044M
 Pre-touch: Disabled
 Parallel Workers: 10
 Concurrent Workers: 3
 Concurrent Refinement Workers: 10
 Periodic GC: Disabled

Heap:
 garbage-first heap   total 260096K, used 27627K [0x0000000703400000, 0x0000000800000000)
  region size 2048K, 13 young (26624K), 1 survivors (2048K)
 Metaspace       used 13939K, committed 14144K, reserved 1064960K
  class space    used 1714K, committed 1792K, reserved 1048576K

Heap Regions: E=young(eden), S=young(survivor), O=old, HS=humongous(starts), HC=humongous(continues), CS=collection set, F=free, OA=open archive, CA=closed archive, TAMS=top-at-mark-start (previous, next)
|   0|0x0000000703400000, 0x0000000703600000, 0x0000000703600000|100%| O|  |TAMS 0x0000000703400000, 0x0000000703400000| Untracked 
|   1|0x0000000703600000, 0x0000000703779800, 0x0000000703800000| 73%| O|  |TAMS 0x0000000703600000, 0x0000000703600000| Untracked 
|   2|0x0000000703800000, 0x0000000703800000, 0x0000000703a00000|  0%| F|  |TAMS 0x0000000703800000, 0x0000000703800000| Untracked 
|   3|0x0000000703a00000, 0x0000000703a00000, 0x0000000703c00000|  0%| F|  |TAMS 0x0000000703a00000, 0x0000000703a00000| Untracked 
|   4|0x0000000703c00000, 0x0000000703c00000, 0x0000000703e00000|  0%| F|  |TAMS 0x0000000703c00000, 0x0000000703c00000| Untracked 
|   5|0x0000000703e00000, 0x0000000703e00000, 0x0000000704000000|  0%| F|  |TAMS 0x0000000703e00000, 0x0000000703e00000| Untracked 
|   6|0x0000000704000000, 0x0000000704000000, 0x0000000704200000|  0%| F|  |TAMS 0x0000000704000000, 0x0000000704000000| Untracked 
|   7|0x0000000704200000, 0x0000000704200000, 0x0000000704400000|  0%| F|  |TAMS 0x0000000704200000, 0x0000000704200000| Untracked 
|   8|0x0000000704400000, 0x0000000704400000, 0x0000000704600000|  0%| F|  |TAMS 0x0000000704400000, 0x0000000704400000| Untracked 
|   9|0x0000000704600000, 0x0000000704600000, 0x0000000704800000|  0%| F|  |TAMS 0x0000000704600000, 0x0000000704600000| Untracked 
|  10|0x0000000704800000, 0x0000000704800000, 0x0000000704a00000|  0%| F|  |TAMS 0x0000000704800000, 0x0000000704800000| Untracked 
|  11|0x0000000704a00000, 0x0000000704a00000, 0x0000000704c00000|  0%| F|  |TAMS 0x0000000704a00000, 0x0000000704a00000| Untracked 
|  12|0x0000000704c00000, 0x0000000704c00000, 0x0000000704e00000|  0%| F|  |TAMS 0x0000000704c00000, 0x0000000704c00000| Untracked 
|  13|0x0000000704e00000, 0x0000000704e00000, 0x0000000705000000|  0%| F|  |TAMS 0x0000000704e00000, 0x0000000704e00000| Untracked 
|  14|0x0000000705000000, 0x0000000705000000, 0x0000000705200000|  0%| F|  |TAMS 0x0000000705000000, 0x0000000705000000| Untracked 
|  15|0x0000000705200000, 0x0000000705200000, 0x0000000705400000|  0%| F|  |TAMS 0x0000000705200000, 0x0000000705200000| Untracked 
|  16|0x0000000705400000, 0x0000000705400000, 0x0000000705600000|  0%| F|  |TAMS 0x0000000705400000, 0x0000000705400000| Untracked 
|  17|0x0000000705600000, 0x0000000705600000, 0x0000000705800000|  0%| F|  |TAMS 0x0000000705600000, 0x0000000705600000| Untracked 
|  18|0x0000000705800000, 0x0000000705800000, 0x0000000705a00000|  0%| F|  |TAMS 0x0000000705800000, 0x0000000705800000| Untracked 
|  19|0x0000000705a00000, 0x0000000705a00000, 0x0000000705c00000|  0%| F|  |TAMS 0x0000000705a00000, 0x0000000705a00000| Untracked 
|  20|0x0000000705c00000, 0x0000000705c00000, 0x0000000705e00000|  0%| F|  |TAMS 0x0000000705c00000, 0x0000000705c00000| Untracked 
|  21|0x0000000705e00000, 0x0000000705e00000, 0x0000000706000000|  0%| F|  |TAMS 0x0000000705e00000, 0x0000000705e00000| Untracked 
|  22|0x0000000706000000, 0x0000000706000000, 0x0000000706200000|  0%| F|  |TAMS 0x0000000706000000, 0x0000000706000000| Untracked 
|  23|0x0000000706200000, 0x0000000706200000, 0x0000000706400000|  0%| F|  |TAMS 0x0000000706200000, 0x0000000706200000| Untracked 
|  24|0x0000000706400000, 0x0000000706400000, 0x0000000706600000|  0%| F|  |TAMS 0x0000000706400000, 0x0000000706400000| Untracked 
|  25|0x0000000706600000, 0x0000000706600000, 0x0000000706800000|  0%| F|  |TAMS 0x0000000706600000, 0x0000000706600000| Untracked 
|  26|0x0000000706800000, 0x0000000706800000, 0x0000000706a00000|  0%| F|  |TAMS 0x0000000706800000, 0x0000000706800000| Untracked 
|  27|0x0000000706a00000, 0x0000000706a00000, 0x0000000706c00000|  0%| F|  |TAMS 0x0000000706a00000, 0x0000000706a00000| Untracked 
|  28|0x0000000706c00000, 0x0000000706c00000, 0x0000000706e00000|  0%| F|  |TAMS 0x0000000706c00000, 0x0000000706c00000| Untracked 
|  29|0x0000000706e00000, 0x0000000706e00000, 0x0000000707000000|  0%| F|  |TAMS 0x0000000706e00000, 0x0000000706e00000| Untracked 
|  30|0x0000000707000000, 0x0000000707000000, 0x0000000707200000|  0%| F|  |TAMS 0x0000000707000000, 0x0000000707000000| Untracked 
|  31|0x0000000707200000, 0x0000000707200000, 0x0000000707400000|  0%| F|  |TAMS 0x0000000707200000, 0x0000000707200000| Untracked 
|  32|0x0000000707400000, 0x0000000707400000, 0x0000000707600000|  0%| F|  |TAMS 0x0000000707400000, 0x0000000707400000| Untracked 
|  33|0x0000000707600000, 0x0000000707600000, 0x0000000707800000|  0%| F|  |TAMS 0x0000000707600000, 0x0000000707600000| Untracked 
|  34|0x0000000707800000, 0x0000000707800000, 0x0000000707a00000|  0%| F|  |TAMS 0x0000000707800000, 0x0000000707800000| Untracked 
|  35|0x0000000707a00000, 0x0000000707a00000, 0x0000000707c00000|  0%| F|  |TAMS 0x0000000707a00000, 0x0000000707a00000| Untracked 
|  36|0x0000000707c00000, 0x0000000707c00000, 0x0000000707e00000|  0%| F|  |TAMS 0x0000000707c00000, 0x0000000707c00000| Untracked 
|  37|0x0000000707e00000, 0x0000000707e00000, 0x0000000708000000|  0%| F|  |TAMS 0x0000000707e00000, 0x0000000707e00000| Untracked 
|  38|0x0000000708000000, 0x0000000708000000, 0x0000000708200000|  0%| F|  |TAMS 0x0000000708000000, 0x0000000708000000| Untracked 
|  39|0x0000000708200000, 0x0000000708200000, 0x0000000708400000|  0%| F|  |TAMS 0x0000000708200000, 0x0000000708200000| Untracked 
|  40|0x0000000708400000, 0x0000000708400000, 0x0000000708600000|  0%| F|  |TAMS 0x0000000708400000, 0x0000000708400000| Untracked 
|  41|0x0000000708600000, 0x0000000708600000, 0x0000000708800000|  0%| F|  |TAMS 0x0000000708600000, 0x0000000708600000| Untracked 
|  42|0x0000000708800000, 0x0000000708800000, 0x0000000708a00000|  0%| F|  |TAMS 0x0000000708800000, 0x0000000708800000| Untracked 
|  43|0x0000000708a00000, 0x0000000708a00000, 0x0000000708c00000|  0%| F|  |TAMS 0x0000000708a00000, 0x0000000708a00000| Untracked 
|  44|0x0000000708c00000, 0x0000000708c00000, 0x0000000708e00000|  0%| F|  |TAMS 0x0000000708c00000, 0x0000000708c00000| Untracked 
|  45|0x0000000708e00000, 0x0000000708e00000, 0x0000000709000000|  0%| F|  |TAMS 0x0000000708e00000, 0x0000000708e00000| Untracked 
|  46|0x0000000709000000, 0x0000000709000000, 0x0000000709200000|  0%| F|  |TAMS 0x0000000709000000, 0x0000000709000000| Untracked 
|  47|0x0000000709200000, 0x0000000709200000, 0x0000000709400000|  0%| F|  |TAMS 0x0000000709200000, 0x0000000709200000| Untracked 
|  48|0x0000000709400000, 0x0000000709400000, 0x0000000709600000|  0%| F|  |TAMS 0x0000000709400000, 0x0000000709400000| Untracked 
|  49|0x0000000709600000, 0x0000000709600000, 0x0000000709800000|  0%| F|  |TAMS 0x0000000709600000, 0x0000000709600000| Untracked 
|  50|0x0000000709800000, 0x0000000709800000, 0x0000000709a00000|  0%| F|  |TAMS 0x0000000709800000, 0x0000000709800000| Untracked 
|  51|0x0000000709a00000, 0x0000000709a00000, 0x0000000709c00000|  0%| F|  |TAMS 0x0000000709a00000, 0x0000000709a00000| Untracked 
|  52|0x0000000709c00000, 0x0000000709c00000, 0x0000000709e00000|  0%| F|  |TAMS 0x0000000709c00000, 0x0000000709c00000| Untracked 
|  53|0x0000000709e00000, 0x0000000709e00000, 0x000000070a000000|  0%| F|  |TAMS 0x0000000709e00000, 0x0000000709e00000| Untracked 
|  54|0x000000070a000000, 0x000000070a000000, 0x000000070a200000|  0%| F|  |TAMS 0x000000070a000000, 0x000000070a000000| Untracked 
|  55|0x000000070a200000, 0x000000070a200000, 0x000000070a400000|  0%| F|  |TAMS 0x000000070a200000, 0x000000070a200000| Untracked 
|  56|0x000000070a400000, 0x000000070a400000, 0x000000070a600000|  0%| F|  |TAMS 0x000000070a400000, 0x000000070a400000| Untracked 
|  57|0x000000070a600000, 0x000000070a600000, 0x000000070a800000|  0%| F|  |TAMS 0x000000070a600000, 0x000000070a600000| Untracked 
|  58|0x000000070a800000, 0x000000070a800000, 0x000000070aa00000|  0%| F|  |TAMS 0x000000070a800000, 0x000000070a800000| Untracked 
|  59|0x000000070aa00000, 0x000000070aa00000, 0x000000070ac00000|  0%| F|  |TAMS 0x000000070aa00000, 0x000000070aa00000| Untracked 
|  60|0x000000070ac00000, 0x000000070ac00000, 0x000000070ae00000|  0%| F|  |TAMS 0x000000070ac00000, 0x000000070ac00000| Untracked 
|  61|0x000000070ae00000, 0x000000070ae00000, 0x000000070b000000|  0%| F|  |TAMS 0x000000070ae00000, 0x000000070ae00000| Untracked 
|  62|0x000000070b000000, 0x000000070b000000, 0x000000070b200000|  0%| F|  |TAMS 0x000000070b000000, 0x000000070b000000| Untracked 
|  63|0x000000070b200000, 0x000000070b200000, 0x000000070b400000|  0%| F|  |TAMS 0x000000070b200000, 0x000000070b200000| Untracked 
|  64|0x000000070b400000, 0x000000070b400000, 0x000000070b600000|  0%| F|  |TAMS 0x000000070b400000, 0x000000070b400000| Untracked 
|  65|0x000000070b600000, 0x000000070b600000, 0x000000070b800000|  0%| F|  |TAMS 0x000000070b600000, 0x000000070b600000| Untracked 
|  66|0x000000070b800000, 0x000000070b800000, 0x000000070ba00000|  0%| F|  |TAMS 0x000000070b800000, 0x000000070b800000| Untracked 
|  67|0x000000070ba00000, 0x000000070ba00000, 0x000000070bc00000|  0%| F|  |TAMS 0x000000070ba00000, 0x000000070ba00000| Untracked 
|  68|0x000000070bc00000, 0x000000070bc00000, 0x000000070be00000|  0%| F|  |TAMS 0x000000070bc00000, 0x000000070bc00000| Untracked 
|  69|0x000000070be00000, 0x000000070be00000, 0x000000070c000000|  0%| F|  |TAMS 0x000000070be00000, 0x000000070be00000| Untracked 
|  70|0x000000070c000000, 0x000000070c000000, 0x000000070c200000|  0%| F|  |TAMS 0x000000070c000000, 0x000000070c000000| Untracked 
|  71|0x000000070c200000, 0x000000070c200000, 0x000000070c400000|  0%| F|  |TAMS 0x000000070c200000, 0x000000070c200000| Untracked 
|  72|0x000000070c400000, 0x000000070c400000, 0x000000070c600000|  0%| F|  |TAMS 0x000000070c400000, 0x000000070c400000| Untracked 
|  73|0x000000070c600000, 0x000000070c600000, 0x000000070c800000|  0%| F|  |TAMS 0x000000070c600000, 0x000000070c600000| Untracked 
|  74|0x000000070c800000, 0x000000070c800000, 0x000000070ca00000|  0%| F|  |TAMS 0x000000070c800000, 0x000000070c800000| Untracked 
|  75|0x000000070ca00000, 0x000000070ca00000, 0x000000070cc00000|  0%| F|  |TAMS 0x000000070ca00000, 0x000000070ca00000| Untracked 
|  76|0x000000070cc00000, 0x000000070cc00000, 0x000000070ce00000|  0%| F|  |TAMS 0x000000070cc00000, 0x000000070cc00000| Untracked 
|  77|0x000000070ce00000, 0x000000070ce00000, 0x000000070d000000|  0%| F|  |TAMS 0x000000070ce00000, 0x000000070ce00000| Untracked 
|  78|0x000000070d000000, 0x000000070d000000, 0x000000070d200000|  0%| F|  |TAMS 0x000000070d000000, 0x000000070d000000| Untracked 
|  79|0x000000070d200000, 0x000000070d200000, 0x000000070d400000|  0%| F|  |TAMS 0x000000070d200000, 0x000000070d200000| Untracked 
|  80|0x000000070d400000, 0x000000070d400000, 0x000000070d600000|  0%| F|  |TAMS 0x000000070d400000, 0x000000070d400000| Untracked 
|  81|0x000000070d600000, 0x000000070d600000, 0x000000070d800000|  0%| F|  |TAMS 0x000000070d600000, 0x000000070d600000| Untracked 
|  82|0x000000070d800000, 0x000000070d800000, 0x000000070da00000|  0%| F|  |TAMS 0x000000070d800000, 0x000000070d800000| Untracked 
|  83|0x000000070da00000, 0x000000070da00000, 0x000000070dc00000|  0%| F|  |TAMS 0x000000070da00000, 0x000000070da00000| Untracked 
|  84|0x000000070dc00000, 0x000000070dc00000, 0x000000070de00000|  0%| F|  |TAMS 0x000000070dc00000, 0x000000070dc00000| Untracked 
|  85|0x000000070de00000, 0x000000070de00000, 0x000000070e000000|  0%| F|  |TAMS 0x000000070de00000, 0x000000070de00000| Untracked 
|  86|0x000000070e000000, 0x000000070e000000, 0x000000070e200000|  0%| F|  |TAMS 0x000000070e000000, 0x000000070e000000| Untracked 
|  87|0x000000070e200000, 0x000000070e200000, 0x000000070e400000|  0%| F|  |TAMS 0x000000070e200000, 0x000000070e200000| Untracked 
|  88|0x000000070e400000, 0x000000070e400000, 0x000000070e600000|  0%| F|  |TAMS 0x000000070e400000, 0x000000070e400000| Untracked 
|  89|0x000000070e600000, 0x000000070e600000, 0x000000070e800000|  0%| F|  |TAMS 0x000000070e600000, 0x000000070e600000| Untracked 
|  90|0x000000070e800000, 0x000000070e800000, 0x000000070ea00000|  0%| F|  |TAMS 0x000000070e800000, 0x000000070e800000| Untracked 
|  91|0x000000070ea00000, 0x000000070ea00000, 0x000000070ec00000|  0%| F|  |TAMS 0x000000070ea00000, 0x000000070ea00000| Untracked 
|  92|0x000000070ec00000, 0x000000070ec00000, 0x000000070ee00000|  0%| F|  |TAMS 0x000000070ec00000, 0x000000070ec00000| Untracked 
|  93|0x000000070ee00000, 0x000000070ee00000, 0x000000070f000000|  0%| F|  |TAMS 0x000000070ee00000, 0x000000070ee00000| Untracked 
|  94|0x000000070f000000, 0x000000070f000000, 0x000000070f200000|  0%| F|  |TAMS 0x000000070f000000, 0x000000070f000000| Untracked 
|  95|0x000000070f200000, 0x000000070f200000, 0x000000070f400000|  0%| F|  |TAMS 0x000000070f200000, 0x000000070f200000| Untracked 
|  96|0x000000070f400000, 0x000000070f400000, 0x000000070f600000|  0%| F|  |TAMS 0x000000070f400000, 0x000000070f400000| Untracked 
|  97|0x000000070f600000, 0x000000070f600000, 0x000000070f800000|  0%| F|  |TAMS 0x000000070f600000, 0x000000070f600000| Untracked 
|  98|0x000000070f800000, 0x000000070f800000, 0x000000070fa00000|  0%| F|  |TAMS 0x000000070f800000, 0x000000070f800000| Untracked 
|  99|0x000000070fa00000, 0x000000070fa00000, 0x000000070fc00000|  0%| F|  |TAMS 0x000000070fa00000, 0x000000070fa00000| Untracked 
| 100|0x000000070fc00000, 0x000000070fc00000, 0x000000070fe00000|  0%| F|  |TAMS 0x000000070fc00000, 0x000000070fc00000| Untracked 
| 101|0x000000070fe00000, 0x000000070fe00000, 0x0000000710000000|  0%| F|  |TAMS 0x000000070fe00000, 0x000000070fe00000| Untracked 
| 102|0x0000000710000000, 0x0000000710000000, 0x0000000710200000|  0%| F|  |TAMS 0x0000000710000000, 0x0000000710000000| Untracked 
| 103|0x0000000710200000, 0x0000000710200000, 0x0000000710400000|  0%| F|  |TAMS 0x0000000710200000, 0x0000000710200000| Untracked 
| 104|0x0000000710400000, 0x0000000710400000, 0x0000000710600000|  0%| F|  |TAMS 0x0000000710400000, 0x0000000710400000| Untracked 
| 105|0x0000000710600000, 0x0000000710600000, 0x0000000710800000|  0%| F|  |TAMS 0x0000000710600000, 0x0000000710600000| Untracked 
| 106|0x0000000710800000, 0x0000000710800000, 0x0000000710a00000|  0%| F|  |TAMS 0x0000000710800000, 0x0000000710800000| Untracked 
| 107|0x0000000710a00000, 0x0000000710a00000, 0x0000000710c00000|  0%| F|  |TAMS 0x0000000710a00000, 0x0000000710a00000| Untracked 
| 108|0x0000000710c00000, 0x0000000710c00000, 0x0000000710e00000|  0%| F|  |TAMS 0x0000000710c00000, 0x0000000710c00000| Untracked 
| 109|0x0000000710e00000, 0x0000000710e00000, 0x0000000711000000|  0%| F|  |TAMS 0x0000000710e00000, 0x0000000710e00000| Untracked 
| 110|0x0000000711000000, 0x0000000711181400, 0x0000000711200000| 75%| S|CS|TAMS 0x0000000711000000, 0x0000000711000000| Complete 
| 111|0x0000000711200000, 0x0000000711200000, 0x0000000711400000|  0%| F|  |TAMS 0x0000000711200000, 0x0000000711200000| Untracked 
| 112|0x0000000711400000, 0x0000000711400000, 0x0000000711600000|  0%| F|  |TAMS 0x0000000711400000, 0x0000000711400000| Untracked 
| 113|0x0000000711600000, 0x0000000711600000, 0x0000000711800000|  0%| F|  |TAMS 0x0000000711600000, 0x0000000711600000| Untracked 
| 114|0x0000000711800000, 0x0000000711800000, 0x0000000711a00000|  0%| F|  |TAMS 0x0000000711800000, 0x0000000711800000| Untracked 
| 115|0x0000000711a00000, 0x0000000711c00000, 0x0000000711c00000|100%| E|  |TAMS 0x0000000711a00000, 0x0000000711a00000| Complete 
| 116|0x0000000711c00000, 0x0000000711e00000, 0x0000000711e00000|100%| E|CS|TAMS 0x0000000711c00000, 0x0000000711c00000| Complete 
| 117|0x0000000711e00000, 0x0000000712000000, 0x0000000712000000|100%| E|CS|TAMS 0x0000000711e00000, 0x0000000711e00000| Complete 
| 118|0x0000000712000000, 0x0000000712200000, 0x0000000712200000|100%| E|CS|TAMS 0x0000000712000000, 0x0000000712000000| Complete 
| 119|0x0000000712200000, 0x0000000712400000, 0x0000000712400000|100%| E|CS|TAMS 0x0000000712200000, 0x0000000712200000| Complete 
| 120|0x0000000712400000, 0x0000000712600000, 0x0000000712600000|100%| E|CS|TAMS 0x0000000712400000, 0x0000000712400000| Complete 
| 121|0x0000000712600000, 0x0000000712800000, 0x0000000712800000|100%| E|CS|TAMS 0x0000000712600000, 0x0000000712600000| Complete 
| 122|0x0000000712800000, 0x0000000712a00000, 0x0000000712a00000|100%| E|CS|TAMS 0x0000000712800000, 0x0000000712800000| Complete 
| 123|0x0000000712a00000, 0x0000000712c00000, 0x0000000712c00000|100%| E|CS|TAMS 0x0000000712a00000, 0x0000000712a00000| Complete 
| 124|0x0000000712c00000, 0x0000000712e00000, 0x0000000712e00000|100%| E|CS|TAMS 0x0000000712c00000, 0x0000000712c00000| Complete 
| 125|0x0000000712e00000, 0x0000000713000000, 0x0000000713000000|100%| E|CS|TAMS 0x0000000712e00000, 0x0000000712e00000| Complete 
| 126|0x0000000713000000, 0x0000000713200000, 0x0000000713200000|100%| E|CS|TAMS 0x0000000713000000, 0x0000000713000000| Complete 

Card table byte_map: [0x00000196fb360000,0x00000196fbb50000] _byte_map_base: 0x00000196f7b46000

Marking Bits (Prev, Next): (CMBitMap*) 0x00000196f8616670, (CMBitMap*) 0x00000196f86166b0
 Prev Bits: [0x0000019696730000, 0x000001969a660000)
 Next Bits: [0x000001969a660000, 0x000001969e590000)

Polling page: 0x00000196f8690000

Metaspace:

Usage:
  Non-class:     11.94 MB used.
      Class:      1.67 MB used.
       Both:     13.61 MB used.

Virtual space:
  Non-class space:       16.00 MB reserved,      12.06 MB ( 75%) committed,  2 nodes.
      Class space:        1.00 GB reserved,       1.75 MB ( <1%) committed,  1 nodes.
             Both:        1.02 GB reserved,      13.81 MB (  1%) committed. 

Chunk freelists:
   Non-Class:  3.05 MB
       Class:  2.08 MB
        Both:  5.12 MB

MaxMetaspaceSize: unlimited
CompressedClassSpaceSize: 1.00 GB
Initial GC threshold: 21.00 MB
Current GC threshold: 21.00 MB
CDS: on
MetaspaceReclaimPolicy: balanced
 - commit_granule_bytes: 65536.
 - commit_granule_words: 8192.
 - virtual_space_node_default_size: 1048576.
 - enlarge_chunks_in_place: 1.
 - new_chunks_are_fully_committed: 0.
 - uncommit_free_chunks: 1.
 - use_allocation_guard: 0.
 - handle_deallocations: 1.


Internal statistics:

num_allocs_failed_limit: 0.
num_arena_births: 72.
num_arena_deaths: 0.
num_vsnodes_births: 3.
num_vsnodes_deaths: 0.
num_space_committed: 221.
num_space_uncommitted: 0.
num_chunks_returned_to_freelist: 0.
num_chunks_taken_from_freelist: 546.
num_chunk_merges: 0.
num_chunk_splits: 380.
num_chunks_enlarged: 317.
num_purges: 0.
num_inconsistent_stats: 0.

CodeHeap 'non-profiled nmethods': size=120000Kb used=1037Kb max_used=1037Kb free=118962Kb
 bounds [0x000001968f200000, 0x000001968f470000, 0x0000019696730000]
CodeHeap 'profiled nmethods': size=120000Kb used=5037Kb max_used=5037Kb free=114962Kb
 bounds [0x0000019687cd0000, 0x00000196881c0000, 0x000001968f200000]
CodeHeap 'non-nmethods': size=5760Kb used=1171Kb max_used=1217Kb free=4588Kb
 bounds [0x0000019687730000, 0x00000196879a0000, 0x0000019687cd0000]
 total_blobs=2992 nmethods=2530 adapters=374
 compilation: enabled
              stopped_count=0, restarted_count=0
 full_count=0

Compilation events (20 events):
Event: 3.467 Thread 0x00000196ff06e420 2513       1       org.apache.maven.model.InputLocation::getSource (5 bytes)
Event: 3.467 Thread 0x00000196ff06e420 nmethod 2513 0x000001968f2ffe90 code [0x000001968f300020, 0x000001968f3000f8]
Event: 3.467 Thread 0x00000196ff06e420 2516       1       org.codehaus.plexus.util.xml.Xpp3Dom::getValue (5 bytes)
Event: 3.467 Thread 0x00000196ff06e420 nmethod 2516 0x000001968f300190 code [0x000001968f300320, 0x000001968f3003f8]
Event: 3.467 Thread 0x00000196ff06e420 2517       1       org.codehaus.plexus.util.xml.Xpp3Dom::getName (5 bytes)
Event: 3.467 Thread 0x00000196ff06e420 nmethod 2517 0x000001968f300490 code [0x000001968f300620, 0x000001968f3006f8]
Event: 3.467 Thread 0x00000196ff06e420 2514       1       org.codehaus.plexus.util.xml.Xpp3Dom::setInputLocation (6 bytes)
Event: 3.468 Thread 0x00000196ff06e420 nmethod 2514 0x000001968f300790 code [0x000001968f300920, 0x000001968f300a38]
Event: 3.468 Thread 0x00000196ff06e420 2518       3       org.codehaus.plexus.util.xml.Xpp3Dom::getChildCount (20 bytes)
Event: 3.468 Thread 0x00000196ff06e420 nmethod 2518 0x00000196881ac910 code [0x00000196881acac0, 0x00000196881acd08]
Event: 3.468 Thread 0x00000196ff06e420 2519       3       org.codehaus.plexus.util.xml.Xpp3Dom::addChild (17 bytes)
Event: 3.468 Thread 0x00000196ff06e420 nmethod 2519 0x00000196881ace10 code [0x00000196881acfc0, 0x00000196881ad228]
Event: 3.468 Thread 0x00000196ff06e420 2520   !   3       com.google.inject.internal.FactoryProxy::get (29 bytes)
Event: 3.469 Thread 0x00000196ff06e420 nmethod 2520 0x00000196881ad310 code [0x00000196881ad4c0, 0x00000196881ad798]
Event: 3.469 Thread 0x00000196ff06e420 2521       1       com.google.inject.internal.InternalContext::getDependency (5 bytes)
Event: 3.470 Thread 0x00000196ff06e420 nmethod 2521 0x000001968f300a90 code [0x000001968f300c20, 0x000001968f300cf8]
Event: 3.470 Thread 0x00000196ff06e420 2522       3       java.lang.String::replace (42 bytes)
Event: 3.471 Thread 0x00000196ff06e420 nmethod 2522 0x00000196881ad910 code [0x00000196881adae0, 0x00000196881ade18]
Event: 3.473 Thread 0x00000196ff06e420 2523       3       java.util.regex.Pattern::next (33 bytes)
Event: 3.474 Thread 0x00000196ff06e420 nmethod 2523 0x00000196881adf10 code [0x00000196881ae0c0, 0x00000196881ae328]

GC Heap History (4 events):
Event: 1.175 GC heap before
{Heap before GC invocations=0 (full 0):
 garbage-first heap   total 260096K, used 22528K [0x0000000703400000, 0x0000000800000000)
  region size 2048K, 11 young (22528K), 0 survivors (0K)
 Metaspace       used 5425K, committed 5632K, reserved 1056768K
  class space    used 649K, committed 768K, reserved 1048576K
}
Event: 1.200 GC heap after
{Heap after GC invocations=1 (full 0):
 garbage-first heap   total 260096K, used 3965K [0x0000000703400000, 0x0000000800000000)
  region size 2048K, 2 young (4096K), 2 survivors (4096K)
 Metaspace       used 5425K, committed 5632K, reserved 1056768K
  class space    used 649K, committed 768K, reserved 1048576K
}
Event: 2.255 GC heap before
{Heap before GC invocations=1 (full 0):
 garbage-first heap   total 260096K, used 32637K [0x0000000703400000, 0x0000000800000000)
  region size 2048K, 16 young (32768K), 2 survivors (4096K)
 Metaspace       used 9069K, committed 9216K, reserved 1064960K
  class space    used 1098K, committed 1152K, reserved 1048576K
}
Event: 2.260 GC heap after
{Heap after GC invocations=2 (full 0):
 garbage-first heap   total 260096K, used 5099K [0x0000000703400000, 0x0000000800000000)
  region size 2048K, 1 young (2048K), 1 survivors (2048K)
 Metaspace       used 9069K, committed 9216K, reserved 1064960K
  class space    used 1098K, committed 1152K, reserved 1048576K
}

Deoptimization events (20 events):
Event: 3.455 Thread 0x00000196f85c3280 Uncommon trap: trap_request=0xffffff45 fr.pc=0x000001968f2835c0 relative=0x00000000000005a0
Event: 3.455 Thread 0x00000196f85c3280 Uncommon trap: reason=unstable_if action=reinterpret pc=0x000001968f2835c0 method=java.lang.String.replace(CC)Ljava/lang/String; @ 2 c2
Event: 3.455 Thread 0x00000196f85c3280 DEOPT PACKING pc=0x000001968f2835c0 sp=0x0000007d452fe090
Event: 3.455 Thread 0x00000196f85c3280 DEOPT UNPACKING pc=0x00000196877823a3 sp=0x0000007d452fe040 mode 2
Event: 3.456 Thread 0x00000196f85c3280 Uncommon trap: trap_request=0xffffff45 fr.pc=0x000001968f2668a0 relative=0x0000000000000300
Event: 3.456 Thread 0x00000196f85c3280 Uncommon trap: reason=unstable_if action=reinterpret pc=0x000001968f2668a0 method=java.nio.charset.CharsetDecoder.decode(Ljava/nio/ByteBuffer;Ljava/nio/CharBuffer;Z)Ljava/nio/charset/CoderResult; @ 1 c2
Event: 3.456 Thread 0x00000196f85c3280 DEOPT PACKING pc=0x000001968f2668a0 sp=0x0000007d452fde60
Event: 3.456 Thread 0x00000196f85c3280 DEOPT UNPACKING pc=0x00000196877823a3 sp=0x0000007d452fde18 mode 2
Event: 3.457 Thread 0x00000196f85c3280 Uncommon trap: trap_request=0xffffff45 fr.pc=0x000001968f258c20 relative=0x0000000000000a20
Event: 3.457 Thread 0x00000196f85c3280 Uncommon trap: reason=unstable_if action=reinterpret pc=0x000001968f258c20 method=org.codehaus.plexus.util.xml.pull.MXParser.nextImpl()I @ 973 c2
Event: 3.457 Thread 0x00000196f85c3280 DEOPT PACKING pc=0x000001968f258c20 sp=0x0000007d452fdcd0
Event: 3.457 Thread 0x00000196f85c3280 DEOPT UNPACKING pc=0x00000196877823a3 sp=0x0000007d452fdc58 mode 2
Event: 3.472 Thread 0x00000196f85c3280 Uncommon trap: trap_request=0xffffffc6 fr.pc=0x000001968f2e8000 relative=0x0000000000000a80
Event: 3.472 Thread 0x00000196f85c3280 Uncommon trap: reason=bimorphic_or_optimized_type_check action=maybe_recompile pc=0x000001968f2e8000 method=java.util.HashMap.putVal(ILjava/lang/Object;Ljava/lang/Object;ZZ)Ljava/lang/Object; @ 203 c2
Event: 3.472 Thread 0x00000196f85c3280 DEOPT PACKING pc=0x000001968f2e8000 sp=0x0000007d452fdf00
Event: 3.472 Thread 0x00000196f85c3280 DEOPT UNPACKING pc=0x00000196877823a3 sp=0x0000007d452fdea0 mode 2
Event: 3.472 Thread 0x00000196f85c3280 Uncommon trap: trap_request=0xffffffc6 fr.pc=0x000001968f2e8000 relative=0x0000000000000a80
Event: 3.472 Thread 0x00000196f85c3280 Uncommon trap: reason=bimorphic_or_optimized_type_check action=maybe_recompile pc=0x000001968f2e8000 method=java.util.HashMap.putVal(ILjava/lang/Object;Ljava/lang/Object;ZZ)Ljava/lang/Object; @ 203 c2
Event: 3.472 Thread 0x00000196f85c3280 DEOPT PACKING pc=0x000001968f2e8000 sp=0x0000007d452fdf00
Event: 3.472 Thread 0x00000196f85c3280 DEOPT UNPACKING pc=0x00000196877823a3 sp=0x0000007d452fdea0 mode 2

Classes unloaded (0 events):
No events

Classes redefined (0 events):
No events

Internal exceptions (20 events):
Event: 0.436 Thread 0x00000196f85c3280 Exception <a 'java/lang/NoSuchMethodError'{0x0000000712b69838}: 'java.lang.Object java.lang.invoke.DirectMethodHandle$Holder.invokeSpecialIFC(java.lang.Object, java.lang.Object, java.lang.Object, java.lang.Object)'> (0x0000000712b69838) 
thrown [t:\workspace\open\src\hotspot\share\interpreter\linkResolver.cpp, line 766]
Event: 0.799 Thread 0x00000196f85c3280 Exception <a 'java/lang/NoSuchMethodError'{0x00000007124d50a0}: 'java.lang.Object java.lang.invoke.DirectMethodHandle$Holder.invokeStaticInit(java.lang.Object)'> (0x00000007124d50a0) 
thrown [t:\workspace\open\src\hotspot\share\interpreter\linkResolver.cpp, line 766]
Event: 0.825 Thread 0x00000196f85c3280 Exception <a 'java/lang/NoSuchMethodError'{0x00000007124ef320}: 'void java.lang.invoke.DirectMethodHandle$Holder.invokeSpecial(java.lang.Object, java.lang.Object, java.lang.Object)'> (0x00000007124ef320) 
thrown [t:\workspace\open\src\hotspot\share\interpreter\linkResolver.cpp, line 766]
Event: 0.877 Thread 0x00000196f85c3280 Exception <a 'java/lang/NoSuchMethodError'{0x00000007122437f8}: 'java.lang.Object java.lang.invoke.DirectMethodHandle$Holder.invokeInterface(java.lang.Object, java.lang.Object)'> (0x00000007122437f8) 
thrown [t:\workspace\open\src\hotspot\share\interpreter\linkResolver.cpp, line 766]
Event: 0.907 Thread 0x00000196f85c3280 Exception <a 'java/lang/NoSuchMethodError'{0x00000007122e57a0}: 'java.lang.Object java.lang.invoke.Invokers$Holder.invokeExact_MT(java.lang.Object, java.lang.Object, java.lang.Object, java.lang.Object, java.lang.Object, java.lang.Object)'> (0x00000007122e57a0) 
thrown [t:\workspace\open\src\hotspot\share\interpreter\linkResolver.cpp, line 766]
Event: 0.911 Thread 0x00000196f85c3280 Exception <a 'java/lang/NoSuchMethodError'{0x00000007122f6ec8}: 'int java.lang.invoke.DirectMethodHandle$Holder.invokeSpecialIFC(java.lang.Object, java.lang.Object, java.lang.Object, java.lang.Object, java.lang.Object)'> (0x00000007122f6ec8) 
thrown [t:\workspace\open\src\hotspot\share\interpreter\linkResolver.cpp, line 766]
Event: 0.985 Thread 0x00000196f85c3280 Exception <a 'java/lang/NoSuchMethodError'{0x000000071208e418}: 'java.lang.Object java.lang.invoke.DirectMethodHandle$Holder.newInvokeSpecial(java.lang.Object, java.lang.Object, java.lang.Object, java.lang.Object, java.lang.Object)'> (0x000000071208e418) 
thrown [t:\workspace\open\src\hotspot\share\interpreter\linkResolver.cpp, line 766]
Event: 1.016 Thread 0x00000196f85c3280 Exception <a 'java/lang/NoSuchMethodError'{0x000000071218a468}: 'int java.lang.invoke.DirectMethodHandle$Holder.invokeStaticInit(java.lang.Object, java.lang.Object)'> (0x000000071218a468) 
thrown [t:\workspace\open\src\hotspot\share\interpreter\linkResolver.cpp, line 766]
Event: 1.034 Thread 0x00000196f85c3280 Exception <a 'java/lang/NoClassDefFoundError'{0x00000007121c1060}: javax/enterprise/inject/Typed> (0x00000007121c1060) 
thrown [t:\workspace\open\src\hotspot\share\classfile\systemDictionary.cpp, line 245]
Event: 2.485 Thread 0x00000196f85c3280 Exception <a 'java/lang/NoSuchMethodError'{0x0000000712ac13e8}: 'void java.lang.invoke.DirectMethodHandle$Holder.invokeStaticInit(java.lang.Object, java.lang.Object, java.lang.Object)'> (0x0000000712ac13e8) 
thrown [t:\workspace\open\src\hotspot\share\interpreter\linkResolver.cpp, line 766]
Event: 2.490 Thread 0x00000196f85c3280 Exception <a 'java/lang/ExceptionInInitializerError'{0x0000000712aebb90}> (0x0000000712aebb90) 
thrown [t:\workspace\open\src\hotspot\share\oops\instanceKlass.cpp, line 1163]
Event: 2.552 Thread 0x00000196f85c3280 Implicit null exception at 0x000001968f27e0af to 0x000001968f27e214
Event: 2.567 Thread 0x00000196f85c3280 Exception <a 'java/lang/NoSuchMethodError'{0x0000000712bf3c68}: 'java.lang.Object java.lang.invoke.Invokers$Holder.invokeExact_MT(java.lang.Object, int, java.lang.Object)'> (0x0000000712bf3c68) 
thrown [t:\workspace\open\src\hotspot\share\interpreter\linkResolver.cpp, line 766]
Event: 2.589 Thread 0x00000196f85c3280 Exception <a 'java/lang/NoSuchMethodError'{0x0000000712868ca8}: 'void java.lang.invoke.DirectMethodHandle$Holder.invokeStatic(java.lang.Object, java.lang.Object)'> (0x0000000712868ca8) 
thrown [t:\workspace\open\src\hotspot\share\interpreter\linkResolver.cpp, line 766]
Event: 2.603 Thread 0x00000196f85c3280 Exception <a 'java/lang/NoSuchMethodError'{0x00000007128784b0}: 'int java.lang.invoke.DirectMethodHandle$Holder.invokeSpecial(java.lang.Object, java.lang.Object, java.lang.Object, java.lang.Object)'> (0x00000007128784b0) 
thrown [t:\workspace\open\src\hotspot\share\interpreter\linkResolver.cpp, line 766]
Event: 3.089 Thread 0x00000196f85c3280 Exception <a 'java/lang/NoClassDefFoundError'{0x000000071205ec88}: com/google/inject/servlet/ServletModuleTargetVisitor> (0x000000071205ec88) 
thrown [t:\workspace\open\src\hotspot\share\classfile\systemDictionary.cpp, line 245]
Event: 3.184 Thread 0x00000196f85c3280 Exception <a 'java/lang/NoSuchMethodError'{0x00000007121e8920}: 'void java.lang.invoke.DirectMethodHandle$Holder.invokeVirtual(java.lang.Object, java.lang.Object)'> (0x00000007121e8920) 
thrown [t:\workspace\open\src\hotspot\share\interpreter\linkResolver.cpp, line 766]
Event: 3.243 Thread 0x00000196f85c3280 Exception <a 'java/lang/NoSuchMethodError'{0x0000000711e615d0}: 'java.lang.Object java.lang.invoke.DirectMethodHandle$Holder.invokeStaticInit(java.lang.Object, int, int, int, int)'> (0x0000000711e615d0) 
thrown [t:\workspace\open\src\hotspot\share\interpreter\linkResolver.cpp, line 766]
Event: 3.445 Thread 0x00000196f85c3280 Implicit null exception at 0x000001968f22a3f2 to 0x000001968f22aa4c
Event: 3.445 Thread 0x00000196f85c3280 Implicit null exception at 0x000001968f2398f2 to 0x000001968f239f6c

VM Operations (20 events):
Event: 2.499 Executing VM operation: HandshakeAllThreads
Event: 2.499 Executing VM operation: HandshakeAllThreads done
Event: 2.639 Executing VM operation: HandshakeAllThreads
Event: 2.639 Executing VM operation: HandshakeAllThreads done
Event: 2.643 Executing VM operation: HandshakeAllThreads
Event: 2.643 Executing VM operation: HandshakeAllThreads done
Event: 2.732 Executing VM operation: HandshakeAllThreads
Event: 2.732 Executing VM operation: HandshakeAllThreads done
Event: 2.853 Executing VM operation: ICBufferFull
Event: 2.853 Executing VM operation: ICBufferFull done
Event: 3.056 Executing VM operation: HandshakeAllThreads
Event: 3.056 Executing VM operation: HandshakeAllThreads done
Event: 3.204 Executing VM operation: HandshakeAllThreads
Event: 3.204 Executing VM operation: HandshakeAllThreads done
Event: 3.262 Executing VM operation: HandshakeAllThreads
Event: 3.262 Executing VM operation: HandshakeAllThreads done
Event: 3.405 Executing VM operation: HandshakeAllThreads
Event: 3.405 Executing VM operation: HandshakeAllThreads done
Event: 3.407 Executing VM operation: HandshakeAllThreads
Event: 3.407 Executing VM operation: HandshakeAllThreads done

Events (20 events):
Event: 3.308 loading class jdk/internal/math/FDBigInteger
Event: 3.308 loading class jdk/internal/math/FDBigInteger done
Event: 3.354 loading class java/lang/ProcessEnvironment$CheckedKeySet
Event: 3.354 loading class java/lang/ProcessEnvironment$CheckedKeySet done
Event: 3.405 loading class java/net/URL$2
Event: 3.405 loading class java/net/URL$2 done
Event: 3.405 loading class java/net/URL$1
Event: 3.405 loading class java/net/URL$1 done
Event: 3.405 loading class java/net/spi/URLStreamHandlerProvider
Event: 3.405 loading class java/net/spi/URLStreamHandlerProvider done
Event: 3.406 loading class sun/net/www/protocol/https/Handler
Event: 3.406 loading class sun/net/www/protocol/http/Handler
Event: 3.407 loading class sun/net/www/protocol/http/Handler done
Event: 3.407 loading class sun/net/www/protocol/https/Handler done
Event: 3.409 loading class java/util/regex/Pattern$Pos
Event: 3.410 loading class java/util/regex/Pattern$Pos done
Event: 3.419 loading class java/util/ArrayList$SubList$1
Event: 3.419 loading class java/util/ArrayList$SubList$1 done
Event: 3.473 loading class java/util/Formatter$FixedString
Event: 3.474 loading class java/util/Formatter$FixedString done


Dynamic libraries:
0x00007ff64e500000 - 0x00007ff64e510000 	C:\Program Files\Java\jdk-17.0.1\bin\java.exe
0x00007ffa58060000 - 0x00007ffa582c8000 	C:\WINDOWS\SYSTEM32\ntdll.dll
0x00007ffa57200000 - 0x00007ffa572c9000 	C:\WINDOWS\System32\KERNEL32.DLL
0x00007ffa54940000 - 0x00007ffa54d31000 	C:\WINDOWS\System32\KERNELBASE.dll
0x00007ffa54e00000 - 0x00007ffa54f4b000 	C:\WINDOWS\System32\ucrtbase.dll
0x00007ffa50080000 - 0x00007ffa5009a000 	C:\Program Files\Java\jdk-17.0.1\bin\VCRUNTIME140.dll
0x00007ffa4f630000 - 0x00007ffa4f648000 	C:\Program Files\Java\jdk-17.0.1\bin\jli.dll
0x00007ffa56240000 - 0x00007ffa562f4000 	C:\WINDOWS\System32\ADVAPI32.dll
0x00007ffa57880000 - 0x00007ffa57929000 	C:\WINDOWS\System32\msvcrt.dll
0x00007ffa55ec0000 - 0x00007ffa55f66000 	C:\WINDOWS\System32\sechost.dll
0x00007ffa57d50000 - 0x00007ffa57e68000 	C:\WINDOWS\System32\RPCRT4.dll
0x00007ffa56300000 - 0x00007ffa564c6000 	C:\WINDOWS\System32\USER32.dll
0x00007ffa31c50000 - 0x00007ffa31ee3000 	C:\WINDOWS\WinSxS\amd64_microsoft.windows.common-controls_6595b64144ccf1df_6.0.26100.7824_none_3e0870b2e3345462\COMCTL32.dll
0x00007ffa55b00000 - 0x00007ffa55b27000 	C:\WINDOWS\System32\win32u.dll
0x00007ffa56210000 - 0x00007ffa5623b000 	C:\WINDOWS\System32\GDI32.dll
0x00007ffa54fe0000 - 0x00007ffa5510b000 	C:\WINDOWS\System32\gdi32full.dll
0x00007ffa4cf40000 - 0x00007ffa4cf4b000 	C:\WINDOWS\SYSTEM32\VERSION.dll
0x00007ffa55b30000 - 0x00007ffa55bd3000 	C:\WINDOWS\System32\msvcp_win.dll
0x00007ffa566a0000 - 0x00007ffa566d1000 	C:\WINDOWS\System32\IMM32.DLL
0x00007ffa500e0000 - 0x00007ffa500ec000 	C:\Program Files\Java\jdk-17.0.1\bin\vcruntime140_1.dll
0x00007ffa49570000 - 0x00007ffa495fd000 	C:\Program Files\Java\jdk-17.0.1\bin\msvcp140.dll
0x00007ff9fca00000 - 0x00007ff9fd5be000 	C:\Program Files\Java\jdk-17.0.1\bin\server\jvm.dll
0x00007ffa56200000 - 0x00007ffa56208000 	C:\WINDOWS\System32\PSAPI.DLL
0x00007ffa4db70000 - 0x00007ffa4db7a000 	C:\WINDOWS\SYSTEM32\WSOCK32.dll
0x00007ffa45650000 - 0x00007ffa45685000 	C:\WINDOWS\SYSTEM32\WINMM.dll
0x00007ffa57930000 - 0x00007ffa579a4000 	C:\WINDOWS\System32\WS2_32.dll
0x00007ffa537c0000 - 0x00007ffa537db000 	C:\WINDOWS\SYSTEM32\kernel.appcore.dll
0x00007ffa4f620000 - 0x00007ffa4f62a000 	C:\Program Files\Java\jdk-17.0.1\bin\jimage.dll
0x00007ffa52850000 - 0x00007ffa52a92000 	C:\WINDOWS\SYSTEM32\DBGHELP.DLL
0x00007ffa579b0000 - 0x00007ffa57d36000 	C:\WINDOWS\System32\combase.dll
0x00007ffa55fa0000 - 0x00007ffa56077000 	C:\WINDOWS\System32\OLEAUT32.dll
0x00007ffa37360000 - 0x00007ffa3739b000 	C:\WINDOWS\SYSTEM32\dbgcore.DLL
0x00007ffa55d50000 - 0x00007ffa55df5000 	C:\WINDOWS\System32\bcryptPrimitives.dll
0x00007ffa49520000 - 0x00007ffa49545000 	C:\Program Files\Java\jdk-17.0.1\bin\java.dll
0x00007ffa25480000 - 0x00007ffa25556000 	C:\Program Files\Java\jdk-17.0.1\bin\svml.dll
0x00007ffa568c0000 - 0x00007ffa57012000 	C:\WINDOWS\System32\SHELL32.dll
0x00007ffa55be0000 - 0x00007ffa55d4a000 	C:\WINDOWS\System32\wintypes.dll
0x00007ffa55290000 - 0x00007ffa55af3000 	C:\WINDOWS\System32\windows.storage.dll
0x00007ffa57760000 - 0x00007ffa57856000 	C:\WINDOWS\System32\SHCORE.dll
0x00007ffa55e00000 - 0x00007ffa55e67000 	C:\WINDOWS\System32\shlwapi.dll
0x00007ffa54860000 - 0x00007ffa54889000 	C:\WINDOWS\SYSTEM32\profapi.dll
0x00007ffa4f600000 - 0x00007ffa4f619000 	C:\Program Files\Java\jdk-17.0.1\bin\net.dll
0x00007ffa4cbf0000 - 0x00007ffa4cd17000 	C:\WINDOWS\SYSTEM32\WINHTTP.dll
0x00007ffa53d10000 - 0x00007ffa53d7b000 	C:\WINDOWS\system32\mswsock.dll
0x00007ffa49a40000 - 0x00007ffa49a55000 	C:\Program Files\Java\jdk-17.0.1\bin\nio.dll
0x00007ffa48da0000 - 0x00007ffa48db8000 	C:\Program Files\Java\jdk-17.0.1\bin\zip.dll
0x0000000069ac0000 - 0x0000000069ae4000 	C:\apache-maven-3.9.5\lib\jansi-native\Windows\x86_64\jansi.dll
0x00007ffa45030000 - 0x00007ffa45040000 	C:\Program Files\Java\jdk-17.0.1\bin\verify.dll

dbghelp: loaded successfully - version: 4.0.5 - missing functions: none
symbol engine: initialized successfully - sym options: 0x614 - pdb path: .;C:\Program Files\Java\jdk-17.0.1\bin;C:\WINDOWS\SYSTEM32;C:\WINDOWS\WinSxS\amd64_microsoft.windows.common-controls_6595b64144ccf1df_6.0.26100.7824_none_3e0870b2e3345462;C:\Program Files\Java\jdk-17.0.1\bin\server;C:\apache-maven-3.9.5\lib\jansi-native\Windows\x86_64

VM Arguments:
jvm_args: -Dclassworlds.conf=C:\apache-maven-3.9.5\bin\m2.conf -Dmaven.home=C:\apache-maven-3.9.5 -Dlibrary.jansi.path=C:\apache-maven-3.9.5\lib\jansi-native -Dmaven.multiModuleProjectDirectory=D:\BOB Projects\OlympicAcadmyManagement\olympic-academy-management 
java_command: org.codehaus.plexus.classworlds.launcher.Launcher generate-sources -Pservice-swagger-models -Dproject-name.dot-separated=service -Dservice-name.dot-separated=trainee -Dservice-name.dash-separated=trainee -Dservice-name.slash-separated=trainee
java_class_path (initial): C:\apache-maven-3.9.5\boot\plexus-classworlds-2.7.0.jar
Launcher Type: SUN_STANDARD

[Global flags]
     intx CICompilerCount                          = 4                                         {product} {ergonomic}
     uint ConcGCThreads                            = 3                                         {product} {ergonomic}
     uint G1ConcRefinementThreads                  = 10                                        {product} {ergonomic}
   size_t G1HeapRegionSize                         = 2097152                                   {product} {ergonomic}
    uintx GCDrainStackTargetSize                   = 64                                        {product} {ergonomic}
   size_t InitialHeapSize                          = 266338304                                 {product} {ergonomic}
   size_t MarkStackSize                            = 4194304                                   {product} {ergonomic}
   size_t MaxHeapSize                              = 4240441344                                {product} {ergonomic}
   size_t MaxNewSize                               = 2543845376                                {product} {ergonomic}
   size_t MinHeapDeltaBytes                        = 2097152                                   {product} {ergonomic}
   size_t MinHeapSize                              = 8388608                                   {product} {ergonomic}
    uintx NonNMethodCodeHeapSize                   = 5839372                                {pd product} {ergonomic}
    uintx NonProfiledCodeHeapSize                  = 122909434                              {pd product} {ergonomic}
    uintx ProfiledCodeHeapSize                     = 122909434                              {pd product} {ergonomic}
    uintx ReservedCodeCacheSize                    = 251658240                              {pd product} {ergonomic}
     bool SegmentedCodeCache                       = true                                      {product} {ergonomic}
   size_t SoftMaxHeapSize                          = 4240441344                             {manageable} {ergonomic}
     bool UseCompressedClassPointers               = true                           {product lp64_product} {ergonomic}
     bool UseCompressedOops                        = true                           {product lp64_product} {ergonomic}
     bool UseG1GC                                  = true                                      {product} {ergonomic}
     bool UseLargePagesIndividualAllocation        = false                                  {pd product} {ergonomic}

Logging:
Log output configuration:
 #0: stdout all=warning uptime,level,tags
 #1: stderr all=off uptime,level,tags

Environment Variables:
JAVA_HOME=C:\Program Files\Java\jdk-17.0.1
PATH=C:\Program Files\Java\jdk-17.0.1\bin;C:\Program Files\Java\jdk-17.0.1\bin;C:\Program Files\Common Files\Oracle\Java\javapath;C:\Program Files (x86)\Common Files\Oracle\Java\javapath;C:\WINDOWS\system32;C:\WINDOWS;C:\WINDOWS\System32\Wbem;C:\WINDOWS\System32\WindowsPowerShell\v1.0\;C:\WINDOWS\System32\OpenSSH\;C:\Program Files\nodejs\;C:\ProgramData\chocolatey\bin;C:\apache-maven-3.9.5\bin;C:\xampp\php;C:\Users\moeha\AppData\Local\Programs\Python\Python311\Scripts;C:\Program Files\Git\cmd;C:\Program Files (x86)\Microsoft SQL Server\160\DTS\Binn\;C:\Program Files\PuTTY\;C:\Users\moeha\AppData\Local\Programs\Python\Python311\;C:\msys64\mingw64\bin;C:\Program Files\dotnet\;C:\Users\moeha\AppData\Roaming\Python\Scripts;C:\Program Files\Heroku\bin;C:\Program Files\Java\jdk-23.0.1\bin;C:\Program Files\Docker\Docker\resources\bin;C:\Program Files\PowerShell\7-preview\preview;C:\Program Files\PowerShell\7\;c:\Users\moeha\AppData\Local\Programs\cursor\resources\app\codeBin;c:\Users\moeha\AppData\Local\Programs\Trae\bin;%PYTHON_HOME%;C:\Users\moeha\AppData\Local\Programs\Python\Python312\Scripts\;C:\Users\moeha\AppData\Local\Programs\Python\Python312\;C:\Program Files\MySQL\MySQL Shell 8.0\bin\;C:\Users\moeha\AppData\Local\Microsoft\WindowsApps;C:\Users\moeha\AppData\Local\Programs\Microsoft VS Code\bin;C:\Users\moeha\AppData\Roaming\npm;C:\Users\moeha\.dotnet\tools;C:\Program Files\JetBrains\PyCharm 2024.2.2\bin;;C:\msys64\mingw64\lib\python3.11\site-packages\pip;C:\Program Files\heroku\bin;C:\Program Files\JetBrains\IntelliJ IDEA 2024.3.1.1\bin;;C:\Users\moeha\AppData\Local\GitHubDesktop\bin;C:\Users\moeha\AppData\Local\Programs\cursor\resources\app\bin
USERNAME=BOBO
OS=Windows_NT
PROCESSOR_IDENTIFIER=Intel64 Family 6 Model 158 Stepping 10, GenuineIntel



---------------  S Y S T E M  ---------------

OS:
 Windows 10 , 64 bit Build 26100 (10.0.26100.7705)
OS uptime: 8 days 1:20 hours
Hyper-V role detected

CPU: total 12 (initial active 12) (6 cores per cpu, 2 threads per core) family 6 model 158 stepping 10 microcode 0xf8, cx8, cmov, fxsr, ht, mmx, 3dnowpref, sse, sse2, sse3, ssse3, sse4.1, sse4.2, popcnt, lzcnt, tsc, tscinvbit, avx, avx2, aes, erms, clmul, bmi1, bmi2, rtm, adx, fma, vzeroupper, clflush, clflushopt, hv

Memory: 4k page, system-wide physical 16175M (2154M free)
TotalPageFile size 28375M (AvailPageFile size 4M)
current process WorkingSet (physical memory assigned to process): 117M, peak: 117M
current process commit charge ("private bytes"): 384M, peak: 384M

vm_info: Java HotSpot(TM) 64-Bit Server VM (17.0.1+12-LTS-39) for windows-amd64 JRE (17.0.1+12-LTS-39), built on Sep 27 2021 18:41:35 by "mach5one" with MS VC++ 16.8 (VS2019)

END.
