#
# There is insufficient memory for the Java Runtime Environment to continue.
# Native memory allocation (malloc) failed to allocate 1253664 bytes for Chunk::new
# Possible reasons:
#   The system is out of physical RAM or swap space
#   The process is running with CompressedOops enabled, and the Java Heap may be blocking the growth of the native heap
# Possible solutions:
#   Reduce memory load on the system
#   Increase physical memory or swap space
#   Check if swap backing store is full
#   Decrease Java heap size (-Xmx/-Xms)
#   Decrease number of Java threads
#   Decrease Java thread stack sizes (-Xss)
#   Set larger code cache with -XX:ReservedCodeCacheSize=
#   JVM is running with Zero Based Compressed Oops mode in which the Java heap is
#     placed in the first 32GB address space. The Java Heap base address is the
#     maximum limit for the native heap growth. Please use -XX:HeapBaseMinAddress
#     to set the Java Heap base and to place the Java Heap above 32GB virtual address.
# This output file may be truncated or incomplete.
#
#  Out of Memory Error (arena.cpp:189), pid=18832, tid=31540
#
# JRE version: Java(TM) SE Runtime Environment (17.0.1+12) (build 17.0.1+12-LTS-39)
# Java VM: Java HotSpot(TM) 64-Bit Server VM (17.0.1+12-LTS-39, mixed mode, sharing, tiered, compressed oops, compressed class ptrs, g1 gc, windows-amd64)
# No core dump will be written. Minidumps are not enabled by default on client versions of Windows
#

---------------  S U M M A R Y ------------

Command Line: -Dclassworlds.conf=C:\apache-maven-3.9.5\bin\m2.conf -Dmaven.home=C:\apache-maven-3.9.5 -Dlibrary.jansi.path=C:\apache-maven-3.9.5\lib\jansi-native -Dmaven.multiModuleProjectDirectory=D:\BOB Projects\OlympicAcadmyManagement\olympic-academy-management org.codehaus.plexus.classworlds.launcher.Launcher generate-sources -Pservice-swagger-models -Dproject-name.dot-separated=service -Dservice-name.dot-separated=trainee -Dservice-name.dash-separated=trainee -Dservice-name.slash-separated=trainee

Host: Intel(R) Core(TM) i7-8850H CPU @ 2.60GHz, 12 cores, 15G,  Windows 10 , 64 bit Build 26100 (10.0.26100.7705)
Time: Sat Jun 20 16:58:20 2026 Egypt Daylight Time elapsed time: 7.800847 seconds (0d 0h 0m 7s)

---------------  T H R E A D  ---------------

Current thread (0x0000021aef1c76f0):  JavaThread "C2 CompilerThread0" daemon [_thread_in_native, id=31540, stack(0x000000e593f00000,0x000000e594000000)]


Current CompileTask:
C2:   7800 4451       4       jdk.internal.org.objectweb.asm.Frame::execute (2305 bytes)

Stack: [0x000000e593f00000,0x000000e594000000]
Native frames: (J=compiled Java code, j=interpreted, Vv=VM code, C=native code)
V  [jvm.dll+0x66fa1a]
V  [jvm.dll+0x7ce5a4]
V  [jvm.dll+0x7cfd4e]
V  [jvm.dll+0x7d03b3]
V  [jvm.dll+0x242b05]
V  [jvm.dll+0xaa05b]
V  [jvm.dll+0xaa5ec]
V  [jvm.dll+0x35fa07]
V  [jvm.dll+0x1b9918]
V  [jvm.dll+0x215d49]
V  [jvm.dll+0x215011]
V  [jvm.dll+0x1a168d]
V  [jvm.dll+0x224848]
V  [jvm.dll+0x2229ac]
V  [jvm.dll+0x78435b]
V  [jvm.dll+0x77e91a]
V  [jvm.dll+0x66e845]
C  [ucrtbase.dll+0x37b0]
C  [KERNEL32.DLL+0x2e8d7]
C  [ntdll.dll+0x8c40c]


---------------  P R O C E S S  ---------------

Threads class SMR info:
_java_thread_list=0x0000021af0f84440, length=13, elements={
0x0000021aca433fa0, 0x0000021aef1a9a90, 0x0000021aef1aa640, 0x0000021aef1c2d30,
0x0000021aef1c5600, 0x0000021aef1c5fb0, 0x0000021aef1c6960, 0x0000021aef1c76f0,
0x0000021aef1c8190, 0x0000021aef1cd260, 0x0000021aefd3b010, 0x0000021aefd3d900,
0x0000021af0528680
}

Java Threads: ( => current thread )
  0x0000021aca433fa0 JavaThread "main" [_thread_in_native, id=48156, stack(0x000000e593200000,0x000000e593300000)]
  0x0000021aef1a9a90 JavaThread "Reference Handler" daemon [_thread_blocked, id=35312, stack(0x000000e593900000,0x000000e593a00000)]
  0x0000021aef1aa640 JavaThread "Finalizer" daemon [_thread_blocked, id=42880, stack(0x000000e593a00000,0x000000e593b00000)]
  0x0000021aef1c2d30 JavaThread "Signal Dispatcher" daemon [_thread_blocked, id=39036, stack(0x000000e593b00000,0x000000e593c00000)]
  0x0000021aef1c5600 JavaThread "Attach Listener" daemon [_thread_blocked, id=53552, stack(0x000000e593c00000,0x000000e593d00000)]
  0x0000021aef1c5fb0 JavaThread "Service Thread" daemon [_thread_blocked, id=29816, stack(0x000000e593d00000,0x000000e593e00000)]
  0x0000021aef1c6960 JavaThread "Monitor Deflation Thread" daemon [_thread_blocked, id=53148, stack(0x000000e593e00000,0x000000e593f00000)]
=>0x0000021aef1c76f0 JavaThread "C2 CompilerThread0" daemon [_thread_in_native, id=31540, stack(0x000000e593f00000,0x000000e594000000)]
  0x0000021aef1c8190 JavaThread "C1 CompilerThread0" daemon [_thread_blocked, id=21612, stack(0x000000e594000000,0x000000e594100000)]
  0x0000021aef1cd260 JavaThread "Sweeper thread" daemon [_thread_blocked, id=35044, stack(0x000000e594100000,0x000000e594200000)]
  0x0000021aefd3b010 JavaThread "Notification Thread" daemon [_thread_blocked, id=38784, stack(0x000000e594200000,0x000000e594300000)]
  0x0000021aefd3d900 JavaThread "Common-Cleaner" daemon [_thread_blocked, id=24644, stack(0x000000e594400000,0x000000e594500000)]
  0x0000021af0528680 JavaThread "C2 CompilerThread1" daemon [_thread_blocked, id=33420, stack(0x000000e594500000,0x000000e594600000)]

Other Threads:
  0x0000021aef1a60f0 VMThread "VM Thread" [stack: 0x000000e593800000,0x000000e593900000] [id=42856]
  0x0000021aca4af840 WatcherThread [stack: 0x000000e594300000,0x000000e594400000] [id=22480]
  0x0000021aca4857e0 GCTaskThread "GC Thread#0" [stack: 0x000000e593300000,0x000000e593400000] [id=48616]
  0x0000021aef1b7170 GCTaskThread "GC Thread#1" [stack: 0x000000e594700000,0x000000e594800000] [id=39104]
  0x0000021aef1b5690 GCTaskThread "GC Thread#2" [stack: 0x000000e594800000,0x000000e594900000] [id=40540]
  0x0000021aef1b6400 GCTaskThread "GC Thread#3" [stack: 0x000000e594900000,0x000000e594a00000] [id=40984]
  0x0000021aef1b5940 GCTaskThread "GC Thread#4" [stack: 0x000000e594a00000,0x000000e594b00000] [id=46256]
  0x0000021aef1b5bf0 GCTaskThread "GC Thread#5" [stack: 0x000000e594b00000,0x000000e594c00000] [id=50908]
  0x0000021aef1b5ea0 GCTaskThread "GC Thread#6" [stack: 0x000000e594c00000,0x000000e594d00000] [id=50968]
  0x0000021aef1b6150 GCTaskThread "GC Thread#7" [stack: 0x000000e594d00000,0x000000e594e00000] [id=46044]
  0x0000021af0f60ab0 GCTaskThread "GC Thread#8" [stack: 0x000000e594600000,0x000000e594700000] [id=49212]
  0x0000021af0f635b0 GCTaskThread "GC Thread#9" [stack: 0x000000e594e00000,0x000000e594f00000] [id=42396]
  0x0000021aca4963e0 ConcurrentGCThread "G1 Main Marker" [stack: 0x000000e593400000,0x000000e593500000] [id=29912]
  0x0000021aca496f50 ConcurrentGCThread "G1 Conc#0" [stack: 0x000000e593500000,0x000000e593600000] [id=17524]
  0x0000021aef05e130 ConcurrentGCThread "G1 Refine#0" [stack: 0x000000e593600000,0x000000e593700000] [id=20324]
  0x0000021aef05e960 ConcurrentGCThread "G1 Service" [stack: 0x000000e593700000,0x000000e593800000] [id=24692]

Threads with active compile tasks:
C2 CompilerThread0     7833 4451       4       jdk.internal.org.objectweb.asm.Frame::execute (2305 bytes)

VM state: not at safepoint (normal execution)

VM Mutex/Monitor currently owned by a thread: None

Heap address: 0x0000000703400000, size: 4044 MB, Compressed Oops mode: Zero based, Oop shift amount: 3

CDS archive(s) mapped at: [0x0000000800000000-0x0000000800bc0000-0x0000000800bc0000), size 12320768, SharedBaseAddress: 0x0000000800000000, ArchiveRelocationMode: 0.
Compressed class space mapped at: 0x0000000800c00000-0x0000000840c00000, reserved size: 1073741824
Narrow klass base: 0x0000000800000000, Narrow klass shift: 0, Narrow klass range: 0x100000000

GC Precious Log:
 CPUs: 12 total, 12 available
 Memory: 16175M
 Large Page Support: Disabled
 NUMA Support: Disabled
 Compressed Oops: Enabled (Zero based)
 Heap Region Size: 2M
 Heap Min Capacity: 8M
 Heap Initial Capacity: 254M
 Heap Max Capacity: 4044M
 Pre-touch: Disabled
 Parallel Workers: 10
 Concurrent Workers: 3
 Concurrent Refinement Workers: 10
 Periodic GC: Disabled

Heap:
 garbage-first heap   total 260096K, used 35489K [0x0000000703400000, 0x0000000800000000)
  region size 2048K, 17 young (34816K), 8 survivors (16384K)
 Metaspace       used 21063K, committed 21376K, reserved 1073152K
  class space    used 2552K, committed 2688K, reserved 1048576K

Heap Regions: E=young(eden), S=young(survivor), O=old, HS=humongous(starts), HC=humongous(continues), CS=collection set, F=free, OA=open archive, CA=closed archive, TAMS=top-at-mark-start (previous, next)
|   0|0x0000000703400000, 0x0000000703600000, 0x0000000703600000|100%| O|  |TAMS 0x0000000703400000, 0x0000000703400000| Untracked 
|   1|0x0000000703600000, 0x0000000703779a00, 0x0000000703800000| 73%| O|  |TAMS 0x0000000703600000, 0x0000000703600000| Untracked 
|   2|0x0000000703800000, 0x0000000703800000, 0x0000000703a00000|  0%| F|  |TAMS 0x0000000703800000, 0x0000000703800000| Untracked 
|   3|0x0000000703a00000, 0x0000000703a00000, 0x0000000703c00000|  0%| F|  |TAMS 0x0000000703a00000, 0x0000000703a00000| Untracked 
|   4|0x0000000703c00000, 0x0000000703c00000, 0x0000000703e00000|  0%| F|  |TAMS 0x0000000703c00000, 0x0000000703c00000| Untracked 
|   5|0x0000000703e00000, 0x0000000703e00000, 0x0000000704000000|  0%| F|  |TAMS 0x0000000703e00000, 0x0000000703e00000| Untracked 
|   6|0x0000000704000000, 0x0000000704000000, 0x0000000704200000|  0%| F|  |TAMS 0x0000000704000000, 0x0000000704000000| Untracked 
|   7|0x0000000704200000, 0x0000000704200000, 0x0000000704400000|  0%| F|  |TAMS 0x0000000704200000, 0x0000000704200000| Untracked 
|   8|0x0000000704400000, 0x0000000704400000, 0x0000000704600000|  0%| F|  |TAMS 0x0000000704400000, 0x0000000704400000| Untracked 
|   9|0x0000000704600000, 0x0000000704600000, 0x0000000704800000|  0%| F|  |TAMS 0x0000000704600000, 0x0000000704600000| Untracked 
|  10|0x0000000704800000, 0x0000000704800000, 0x0000000704a00000|  0%| F|  |TAMS 0x0000000704800000, 0x0000000704800000| Untracked 
|  11|0x0000000704a00000, 0x0000000704a00000, 0x0000000704c00000|  0%| F|  |TAMS 0x0000000704a00000, 0x0000000704a00000| Untracked 
|  12|0x0000000704c00000, 0x0000000704c00000, 0x0000000704e00000|  0%| F|  |TAMS 0x0000000704c00000, 0x0000000704c00000| Untracked 
|  13|0x0000000704e00000, 0x0000000704e00000, 0x0000000705000000|  0%| F|  |TAMS 0x0000000704e00000, 0x0000000704e00000| Untracked 
|  14|0x0000000705000000, 0x0000000705000000, 0x0000000705200000|  0%| F|  |TAMS 0x0000000705000000, 0x0000000705000000| Untracked 
|  15|0x0000000705200000, 0x0000000705200000, 0x0000000705400000|  0%| F|  |TAMS 0x0000000705200000, 0x0000000705200000| Untracked 
|  16|0x0000000705400000, 0x0000000705400000, 0x0000000705600000|  0%| F|  |TAMS 0x0000000705400000, 0x0000000705400000| Untracked 
|  17|0x0000000705600000, 0x0000000705600000, 0x0000000705800000|  0%| F|  |TAMS 0x0000000705600000, 0x0000000705600000| Untracked 
|  18|0x0000000705800000, 0x0000000705800000, 0x0000000705a00000|  0%| F|  |TAMS 0x0000000705800000, 0x0000000705800000| Untracked 
|  19|0x0000000705a00000, 0x0000000705a00000, 0x0000000705c00000|  0%| F|  |TAMS 0x0000000705a00000, 0x0000000705a00000| Untracked 
|  20|0x0000000705c00000, 0x0000000705c00000, 0x0000000705e00000|  0%| F|  |TAMS 0x0000000705c00000, 0x0000000705c00000| Untracked 
|  21|0x0000000705e00000, 0x0000000705e00000, 0x0000000706000000|  0%| F|  |TAMS 0x0000000705e00000, 0x0000000705e00000| Untracked 
|  22|0x0000000706000000, 0x0000000706000000, 0x0000000706200000|  0%| F|  |TAMS 0x0000000706000000, 0x0000000706000000| Untracked 
|  23|0x0000000706200000, 0x0000000706200000, 0x0000000706400000|  0%| F|  |TAMS 0x0000000706200000, 0x0000000706200000| Untracked 
|  24|0x0000000706400000, 0x0000000706400000, 0x0000000706600000|  0%| F|  |TAMS 0x0000000706400000, 0x0000000706400000| Untracked 
|  25|0x0000000706600000, 0x0000000706600000, 0x0000000706800000|  0%| F|  |TAMS 0x0000000706600000, 0x0000000706600000| Untracked 
|  26|0x0000000706800000, 0x0000000706800000, 0x0000000706a00000|  0%| F|  |TAMS 0x0000000706800000, 0x0000000706800000| Untracked 
|  27|0x0000000706a00000, 0x0000000706a00000, 0x0000000706c00000|  0%| F|  |TAMS 0x0000000706a00000, 0x0000000706a00000| Untracked 
|  28|0x0000000706c00000, 0x0000000706c00000, 0x0000000706e00000|  0%| F|  |TAMS 0x0000000706c00000, 0x0000000706c00000| Untracked 
|  29|0x0000000706e00000, 0x0000000706e00000, 0x0000000707000000|  0%| F|  |TAMS 0x0000000706e00000, 0x0000000706e00000| Untracked 
|  30|0x0000000707000000, 0x0000000707000000, 0x0000000707200000|  0%| F|  |TAMS 0x0000000707000000, 0x0000000707000000| Untracked 
|  31|0x0000000707200000, 0x0000000707200000, 0x0000000707400000|  0%| F|  |TAMS 0x0000000707200000, 0x0000000707200000| Untracked 
|  32|0x0000000707400000, 0x0000000707400000, 0x0000000707600000|  0%| F|  |TAMS 0x0000000707400000, 0x0000000707400000| Untracked 
|  33|0x0000000707600000, 0x0000000707600000, 0x0000000707800000|  0%| F|  |TAMS 0x0000000707600000, 0x0000000707600000| Untracked 
|  34|0x0000000707800000, 0x0000000707800000, 0x0000000707a00000|  0%| F|  |TAMS 0x0000000707800000, 0x0000000707800000| Untracked 
|  35|0x0000000707a00000, 0x0000000707a00000, 0x0000000707c00000|  0%| F|  |TAMS 0x0000000707a00000, 0x0000000707a00000| Untracked 
|  36|0x0000000707c00000, 0x0000000707c00000, 0x0000000707e00000|  0%| F|  |TAMS 0x0000000707c00000, 0x0000000707c00000| Untracked 
|  37|0x0000000707e00000, 0x0000000707e00000, 0x0000000708000000|  0%| F|  |TAMS 0x0000000707e00000, 0x0000000707e00000| Untracked 
|  38|0x0000000708000000, 0x0000000708000000, 0x0000000708200000|  0%| F|  |TAMS 0x0000000708000000, 0x0000000708000000| Untracked 
|  39|0x0000000708200000, 0x0000000708200000, 0x0000000708400000|  0%| F|  |TAMS 0x0000000708200000, 0x0000000708200000| Untracked 
|  40|0x0000000708400000, 0x0000000708400000, 0x0000000708600000|  0%| F|  |TAMS 0x0000000708400000, 0x0000000708400000| Untracked 
|  41|0x0000000708600000, 0x0000000708600000, 0x0000000708800000|  0%| F|  |TAMS 0x0000000708600000, 0x0000000708600000| Untracked 
|  42|0x0000000708800000, 0x0000000708800000, 0x0000000708a00000|  0%| F|  |TAMS 0x0000000708800000, 0x0000000708800000| Untracked 
|  43|0x0000000708a00000, 0x0000000708b2ebc0, 0x0000000708c00000| 59%| S|CS|TAMS 0x0000000708a00000, 0x0000000708a00000| Complete 
|  44|0x0000000708c00000, 0x0000000708e00000, 0x0000000708e00000|100%| S|CS|TAMS 0x0000000708c00000, 0x0000000708c00000| Complete 
|  45|0x0000000708e00000, 0x0000000709000000, 0x0000000709000000|100%| S|CS|TAMS 0x0000000708e00000, 0x0000000708e00000| Complete 
|  46|0x0000000709000000, 0x0000000709200000, 0x0000000709200000|100%| S|CS|TAMS 0x0000000709000000, 0x0000000709000000| Complete 
|  47|0x0000000709200000, 0x0000000709400000, 0x0000000709400000|100%| S|CS|TAMS 0x0000000709200000, 0x0000000709200000| Complete 
|  48|0x0000000709400000, 0x0000000709600000, 0x0000000709600000|100%| S|CS|TAMS 0x0000000709400000, 0x0000000709400000| Complete 
|  49|0x0000000709600000, 0x0000000709800000, 0x0000000709800000|100%| S|CS|TAMS 0x0000000709600000, 0x0000000709600000| Complete 
|  50|0x0000000709800000, 0x0000000709a00000, 0x0000000709a00000|100%| S|CS|TAMS 0x0000000709800000, 0x0000000709800000| Complete 
|  51|0x0000000709a00000, 0x0000000709a00000, 0x0000000709c00000|  0%| F|  |TAMS 0x0000000709a00000, 0x0000000709a00000| Untracked 
|  52|0x0000000709c00000, 0x0000000709c00000, 0x0000000709e00000|  0%| F|  |TAMS 0x0000000709c00000, 0x0000000709c00000| Untracked 
|  53|0x0000000709e00000, 0x0000000709e00000, 0x000000070a000000|  0%| F|  |TAMS 0x0000000709e00000, 0x0000000709e00000| Untracked 
|  54|0x000000070a000000, 0x000000070a000000, 0x000000070a200000|  0%| F|  |TAMS 0x000000070a000000, 0x000000070a000000| Untracked 
|  55|0x000000070a200000, 0x000000070a200000, 0x000000070a400000|  0%| F|  |TAMS 0x000000070a200000, 0x000000070a200000| Untracked 
|  56|0x000000070a400000, 0x000000070a400000, 0x000000070a600000|  0%| F|  |TAMS 0x000000070a400000, 0x000000070a400000| Untracked 
|  57|0x000000070a600000, 0x000000070a600000, 0x000000070a800000|  0%| F|  |TAMS 0x000000070a600000, 0x000000070a600000| Untracked 
|  58|0x000000070a800000, 0x000000070a800000, 0x000000070aa00000|  0%| F|  |TAMS 0x000000070a800000, 0x000000070a800000| Untracked 
|  59|0x000000070aa00000, 0x000000070aa00000, 0x000000070ac00000|  0%| F|  |TAMS 0x000000070aa00000, 0x000000070aa00000| Untracked 
|  60|0x000000070ac00000, 0x000000070ac00000, 0x000000070ae00000|  0%| F|  |TAMS 0x000000070ac00000, 0x000000070ac00000| Untracked 
|  61|0x000000070ae00000, 0x000000070ae00000, 0x000000070b000000|  0%| F|  |TAMS 0x000000070ae00000, 0x000000070ae00000| Untracked 
|  62|0x000000070b000000, 0x000000070b000000, 0x000000070b200000|  0%| F|  |TAMS 0x000000070b000000, 0x000000070b000000| Untracked 
|  63|0x000000070b200000, 0x000000070b200000, 0x000000070b400000|  0%| F|  |TAMS 0x000000070b200000, 0x000000070b200000| Untracked 
|  64|0x000000070b400000, 0x000000070b400000, 0x000000070b600000|  0%| F|  |TAMS 0x000000070b400000, 0x000000070b400000| Untracked 
|  65|0x000000070b600000, 0x000000070b600000, 0x000000070b800000|  0%| F|  |TAMS 0x000000070b600000, 0x000000070b600000| Untracked 
|  66|0x000000070b800000, 0x000000070b800000, 0x000000070ba00000|  0%| F|  |TAMS 0x000000070b800000, 0x000000070b800000| Untracked 
|  67|0x000000070ba00000, 0x000000070ba00000, 0x000000070bc00000|  0%| F|  |TAMS 0x000000070ba00000, 0x000000070ba00000| Untracked 
|  68|0x000000070bc00000, 0x000000070bc00000, 0x000000070be00000|  0%| F|  |TAMS 0x000000070bc00000, 0x000000070bc00000| Untracked 
|  69|0x000000070be00000, 0x000000070be00000, 0x000000070c000000|  0%| F|  |TAMS 0x000000070be00000, 0x000000070be00000| Untracked 
|  70|0x000000070c000000, 0x000000070c000000, 0x000000070c200000|  0%| F|  |TAMS 0x000000070c000000, 0x000000070c000000| Untracked 
|  71|0x000000070c200000, 0x000000070c200000, 0x000000070c400000|  0%| F|  |TAMS 0x000000070c200000, 0x000000070c200000| Untracked 
|  72|0x000000070c400000, 0x000000070c400000, 0x000000070c600000|  0%| F|  |TAMS 0x000000070c400000, 0x000000070c400000| Untracked 
|  73|0x000000070c600000, 0x000000070c600000, 0x000000070c800000|  0%| F|  |TAMS 0x000000070c600000, 0x000000070c600000| Untracked 
|  74|0x000000070c800000, 0x000000070c800000, 0x000000070ca00000|  0%| F|  |TAMS 0x000000070c800000, 0x000000070c800000| Untracked 
|  75|0x000000070ca00000, 0x000000070ca00000, 0x000000070cc00000|  0%| F|  |TAMS 0x000000070ca00000, 0x000000070ca00000| Untracked 
|  76|0x000000070cc00000, 0x000000070cc00000, 0x000000070ce00000|  0%| F|  |TAMS 0x000000070cc00000, 0x000000070cc00000| Untracked 
|  77|0x000000070ce00000, 0x000000070ce00000, 0x000000070d000000|  0%| F|  |TAMS 0x000000070ce00000, 0x000000070ce00000| Untracked 
|  78|0x000000070d000000, 0x000000070d000000, 0x000000070d200000|  0%| F|  |TAMS 0x000000070d000000, 0x000000070d000000| Untracked 
|  79|0x000000070d200000, 0x000000070d200000, 0x000000070d400000|  0%| F|  |TAMS 0x000000070d200000, 0x000000070d200000| Untracked 
|  80|0x000000070d400000, 0x000000070d400000, 0x000000070d600000|  0%| F|  |TAMS 0x000000070d400000, 0x000000070d400000| Untracked 
|  81|0x000000070d600000, 0x000000070d600000, 0x000000070d800000|  0%| F|  |TAMS 0x000000070d600000, 0x000000070d600000| Untracked 
|  82|0x000000070d800000, 0x000000070d800000, 0x000000070da00000|  0%| F|  |TAMS 0x000000070d800000, 0x000000070d800000| Untracked 
|  83|0x000000070da00000, 0x000000070da00000, 0x000000070dc00000|  0%| F|  |TAMS 0x000000070da00000, 0x000000070da00000| Untracked 
|  84|0x000000070dc00000, 0x000000070dc00000, 0x000000070de00000|  0%| F|  |TAMS 0x000000070dc00000, 0x000000070dc00000| Untracked 
|  85|0x000000070de00000, 0x000000070de00000, 0x000000070e000000|  0%| F|  |TAMS 0x000000070de00000, 0x000000070de00000| Untracked 
|  86|0x000000070e000000, 0x000000070e000000, 0x000000070e200000|  0%| F|  |TAMS 0x000000070e000000, 0x000000070e000000| Untracked 
|  87|0x000000070e200000, 0x000000070e200000, 0x000000070e400000|  0%| F|  |TAMS 0x000000070e200000, 0x000000070e200000| Untracked 
|  88|0x000000070e400000, 0x000000070e400000, 0x000000070e600000|  0%| F|  |TAMS 0x000000070e400000, 0x000000070e400000| Untracked 
|  89|0x000000070e600000, 0x000000070e600000, 0x000000070e800000|  0%| F|  |TAMS 0x000000070e600000, 0x000000070e600000| Untracked 
|  90|0x000000070e800000, 0x000000070e800000, 0x000000070ea00000|  0%| F|  |TAMS 0x000000070e800000, 0x000000070e800000| Untracked 
|  91|0x000000070ea00000, 0x000000070ea00000, 0x000000070ec00000|  0%| F|  |TAMS 0x000000070ea00000, 0x000000070ea00000| Untracked 
|  92|0x000000070ec00000, 0x000000070ec00000, 0x000000070ee00000|  0%| F|  |TAMS 0x000000070ec00000, 0x000000070ec00000| Untracked 
|  93|0x000000070ee00000, 0x000000070ee00000, 0x000000070f000000|  0%| F|  |TAMS 0x000000070ee00000, 0x000000070ee00000| Untracked 
|  94|0x000000070f000000, 0x000000070f000000, 0x000000070f200000|  0%| F|  |TAMS 0x000000070f000000, 0x000000070f000000| Untracked 
|  95|0x000000070f200000, 0x000000070f200000, 0x000000070f400000|  0%| F|  |TAMS 0x000000070f200000, 0x000000070f200000| Untracked 
|  96|0x000000070f400000, 0x000000070f400000, 0x000000070f600000|  0%| F|  |TAMS 0x000000070f400000, 0x000000070f400000| Untracked 
|  97|0x000000070f600000, 0x000000070f600000, 0x000000070f800000|  0%| F|  |TAMS 0x000000070f600000, 0x000000070f600000| Untracked 
|  98|0x000000070f800000, 0x000000070f800000, 0x000000070fa00000|  0%| F|  |TAMS 0x000000070f800000, 0x000000070f800000| Untracked 
|  99|0x000000070fa00000, 0x000000070fa00000, 0x000000070fc00000|  0%| F|  |TAMS 0x000000070fa00000, 0x000000070fa00000| Untracked 
| 100|0x000000070fc00000, 0x000000070fc00000, 0x000000070fe00000|  0%| F|  |TAMS 0x000000070fc00000, 0x000000070fc00000| Untracked 
| 101|0x000000070fe00000, 0x000000070fe00000, 0x0000000710000000|  0%| F|  |TAMS 0x000000070fe00000, 0x000000070fe00000| Untracked 
| 102|0x0000000710000000, 0x0000000710000000, 0x0000000710200000|  0%| F|  |TAMS 0x0000000710000000, 0x0000000710000000| Untracked 
| 103|0x0000000710200000, 0x0000000710200000, 0x0000000710400000|  0%| F|  |TAMS 0x0000000710200000, 0x0000000710200000| Untracked 
| 104|0x0000000710400000, 0x0000000710400000, 0x0000000710600000|  0%| F|  |TAMS 0x0000000710400000, 0x0000000710400000| Untracked 
| 105|0x0000000710600000, 0x0000000710600000, 0x0000000710800000|  0%| F|  |TAMS 0x0000000710600000, 0x0000000710600000| Untracked 
| 106|0x0000000710800000, 0x0000000710800000, 0x0000000710a00000|  0%| F|  |TAMS 0x0000000710800000, 0x0000000710800000| Untracked 
| 107|0x0000000710a00000, 0x0000000710a00000, 0x0000000710c00000|  0%| F|  |TAMS 0x0000000710a00000, 0x0000000710a00000| Untracked 
| 108|0x0000000710c00000, 0x0000000710c00000, 0x0000000710e00000|  0%| F|  |TAMS 0x0000000710c00000, 0x0000000710c00000| Untracked 
| 109|0x0000000710e00000, 0x0000000710e00000, 0x0000000711000000|  0%| F|  |TAMS 0x0000000710e00000, 0x0000000710e00000| Untracked 
| 110|0x0000000711000000, 0x0000000711000000, 0x0000000711200000|  0%| F|  |TAMS 0x0000000711000000, 0x0000000711000000| Untracked 
| 111|0x0000000711200000, 0x0000000711200000, 0x0000000711400000|  0%| F|  |TAMS 0x0000000711200000, 0x0000000711200000| Untracked 
| 112|0x0000000711400000, 0x0000000711400000, 0x0000000711600000|  0%| F|  |TAMS 0x0000000711400000, 0x0000000711400000| Untracked 
| 113|0x0000000711600000, 0x0000000711600000, 0x0000000711800000|  0%| F|  |TAMS 0x0000000711600000, 0x0000000711600000| Untracked 
| 114|0x0000000711800000, 0x0000000711800000, 0x0000000711a00000|  0%| F|  |TAMS 0x0000000711800000, 0x0000000711800000| Untracked 
| 115|0x0000000711a00000, 0x0000000711a00000, 0x0000000711c00000|  0%| F|  |TAMS 0x0000000711a00000, 0x0000000711a00000| Untracked 
| 116|0x0000000711c00000, 0x0000000711c00000, 0x0000000711e00000|  0%| F|  |TAMS 0x0000000711c00000, 0x0000000711c00000| Untracked 
| 117|0x0000000711e00000, 0x0000000711f00800, 0x0000000712000000| 50%| E|  |TAMS 0x0000000711e00000, 0x0000000711e00000| Complete 
| 118|0x0000000712000000, 0x0000000712200000, 0x0000000712200000|100%| E|CS|TAMS 0x0000000712000000, 0x0000000712000000| Complete 
| 119|0x0000000712200000, 0x0000000712400000, 0x0000000712400000|100%| E|CS|TAMS 0x0000000712200000, 0x0000000712200000| Complete 
| 120|0x0000000712400000, 0x0000000712600000, 0x0000000712600000|100%| E|CS|TAMS 0x0000000712400000, 0x0000000712400000| Complete 
| 121|0x0000000712600000, 0x0000000712800000, 0x0000000712800000|100%| E|CS|TAMS 0x0000000712600000, 0x0000000712600000| Complete 
| 122|0x0000000712800000, 0x0000000712a00000, 0x0000000712a00000|100%| E|CS|TAMS 0x0000000712800000, 0x0000000712800000| Complete 
| 123|0x0000000712a00000, 0x0000000712c00000, 0x0000000712c00000|100%| E|CS|TAMS 0x0000000712a00000, 0x0000000712a00000| Complete 
| 124|0x0000000712c00000, 0x0000000712e00000, 0x0000000712e00000|100%| E|CS|TAMS 0x0000000712c00000, 0x0000000712c00000| Complete 
| 125|0x0000000712e00000, 0x0000000713000000, 0x0000000713000000|100%| E|CS|TAMS 0x0000000712e00000, 0x0000000712e00000| Complete 
| 126|0x0000000713000000, 0x0000000713200000, 0x0000000713200000|100%| E|CS|TAMS 0x0000000713000000, 0x0000000713000000| Complete 

Card table byte_map: [0x0000021ae3660000,0x0000021ae3e50000] _byte_map_base: 0x0000021adfe46000

Marking Bits (Prev, Next): (CMBitMap*) 0x0000021aca485df0, (CMBitMap*) 0x0000021aca485e30
 Prev Bits: [0x0000021ae4640000, 0x0000021ae8570000)
 Next Bits: [0x0000021ae8570000, 0x0000021aec4a0000)

Polling page: 0x0000021aca180000

Metaspace:

Usage:
  Non-class:     18.10 MB used.
      Class:      2.50 MB used.
       Both:     20.60 MB used.

Virtual space:
  Non-class space:       24.00 MB reserved,      18.25 MB ( 76%) committed,  3 nodes.
      Class space:        1.00 GB reserved,       2.62 MB ( <1%) committed,  1 nodes.
             Both:        1.02 GB reserved,      20.88 MB (  2%) committed. 

Chunk freelists:
   Non-Class:  1.75 MB
       Class:  1.29 MB
        Both:  3.04 MB

MaxMetaspaceSize: unlimited
CompressedClassSpaceSize: 1.00 GB
Initial GC threshold: 21.00 MB
Current GC threshold: 21.00 MB
CDS: on
MetaspaceReclaimPolicy: balanced
 - commit_granule_bytes: 65536.
 - commit_granule_words: 8192.
 - virtual_space_node_default_size: 1048576.
 - enlarge_chunks_in_place: 1.
 - new_chunks_are_fully_committed: 0.
 - uncommit_free_chunks: 1.
 - use_allocation_guard: 0.
 - handle_deallocations: 1.


Internal statistics:

num_allocs_failed_limit: 0.
num_arena_births: 178.
num_arena_deaths: 0.
num_vsnodes_births: 4.
num_vsnodes_deaths: 0.
num_space_committed: 334.
num_space_uncommitted: 0.
num_chunks_returned_to_freelist: 0.
num_chunks_taken_from_freelist: 894.
num_chunk_merges: 0.
num_chunk_splits: 639.
num_chunks_enlarged: 515.
num_purges: 0.
num_inconsistent_stats: 0.

CodeHeap 'non-profiled nmethods': size=120000Kb used=2397Kb max_used=2397Kb free=117602Kb
 bounds [0x0000021adacb0000, 0x0000021adaf20000, 0x0000021ae21e0000]
CodeHeap 'profiled nmethods': size=120000Kb used=9500Kb max_used=9500Kb free=110499Kb
 bounds [0x0000021ad3780000, 0x0000021ad40d0000, 0x0000021adacb0000]
CodeHeap 'non-nmethods': size=5760Kb used=1190Kb max_used=1248Kb free=4569Kb
 bounds [0x0000021ad31e0000, 0x0000021ad3450000, 0x0000021ad3780000]
 total_blobs=5028 nmethods=4542 adapters=397
 compilation: enabled
              stopped_count=0, restarted_count=0
 full_count=0

Compilation events (20 events):
Event: 7.715 Thread 0x0000021aef1c8190 nmethod 4516 0x0000021ad40ac990 code [0x0000021ad40acb40, 0x0000021ad40ace38]
Event: 7.715 Thread 0x0000021aef1c8190 4517       3       java.lang.invoke.LambdaForm::expressionCount (11 bytes)
Event: 7.715 Thread 0x0000021aef1c8190 nmethod 4517 0x0000021ad40acf90 code [0x0000021ad40ad120, 0x0000021ad40ad238]
Event: 7.721 Thread 0x0000021af0528680 nmethod 4518 0x0000021adaf05790 code [0x0000021adaf05960, 0x0000021adaf05d68]
Event: 7.726 Thread 0x0000021aef1c8190 4519       1       org.openapitools.codegen.CliOption::setEnum (6 bytes)
Event: 7.726 Thread 0x0000021aef1c8190 nmethod 4519 0x0000021adaf06210 code [0x0000021adaf063a0, 0x0000021adaf064b8]
Event: 7.756 Thread 0x0000021aef1c8190 4520       3       java.lang.invoke.LambdaFormEditor::bindArgumentType (101 bytes)
Event: 7.756 Thread 0x0000021aef1c8190 nmethod 4520 0x0000021ad40ad310 code [0x0000021ad40ad4c0, 0x0000021ad40ad6e8]
Event: 7.757 Thread 0x0000021aef1c8190 4521       3       java.lang.invoke.LambdaFormEditor::bindArgumentForm (269 bytes)
Event: 7.758 Thread 0x0000021aef1c8190 nmethod 4521 0x0000021ad40ad810 code [0x0000021ad40adbc0, 0x0000021ad40af4e8]
Event: 7.758 Thread 0x0000021aef1c8190 4524       1       org.openapitools.codegen.CliOption::getOpt (5 bytes)
Event: 7.758 Thread 0x0000021aef1c8190 nmethod 4524 0x0000021adaf06510 code [0x0000021adaf066a0, 0x0000021adaf06778]
Event: 7.758 Thread 0x0000021aef1c8190 4522       3       jdk.internal.reflect.NativeConstructorAccessorImpl::<init> (10 bytes)
Event: 7.758 Thread 0x0000021aef1c8190 nmethod 4522 0x0000021ad40aff90 code [0x0000021ad40b0140, 0x0000021ad40b03d8]
Event: 7.758 Thread 0x0000021aef1c8190 4523       3       jdk.internal.reflect.DelegatingConstructorAccessorImpl::<init> (10 bytes)
Event: 7.759 Thread 0x0000021aef1c8190 nmethod 4523 0x0000021ad40b0510 code [0x0000021ad40b06c0, 0x0000021ad40b0978]
Event: 7.766 Thread 0x0000021aef1c8190 4525       3       java.util.Arrays::equals (43 bytes)
Event: 7.766 Thread 0x0000021aef1c8190 nmethod 4525 0x0000021ad40b0a90 code [0x0000021ad40b0c60, 0x0000021ad40b0f48]
Event: 7.769 Thread 0x0000021aef1c8190 4526       1       com.google.common.collect.ImmutableMapEntry$NonTerminalImmutableMapEntry::getNextInKeyBucket (5 bytes)
Event: 7.769 Thread 0x0000021aef1c8190 nmethod 4526 0x0000021adaf06810 code [0x0000021adaf069a0, 0x0000021adaf06a78]

GC Heap History (6 events):
Event: 1.378 GC heap before
{Heap before GC invocations=0 (full 0):
 garbage-first heap   total 260096K, used 22528K [0x0000000703400000, 0x0000000800000000)
  region size 2048K, 11 young (22528K), 0 survivors (0K)
 Metaspace       used 5400K, committed 5632K, reserved 1056768K
  class space    used 651K, committed 768K, reserved 1048576K
}
Event: 1.384 GC heap after
{Heap after GC invocations=1 (full 0):
 garbage-first heap   total 260096K, used 3893K [0x0000000703400000, 0x0000000800000000)
  region size 2048K, 2 young (4096K), 2 survivors (4096K)
 Metaspace       used 5400K, committed 5632K, reserved 1056768K
  class space    used 651K, committed 768K, reserved 1048576K
}
Event: 2.476 GC heap before
{Heap before GC invocations=1 (full 0):
 garbage-first heap   total 260096K, used 34613K [0x0000000703400000, 0x0000000800000000)
  region size 2048K, 17 young (34816K), 2 survivors (4096K)
 Metaspace       used 9297K, committed 9472K, reserved 1064960K
  class space    used 1132K, committed 1216K, reserved 1048576K
}
Event: 2.481 GC heap after
{Heap after GC invocations=2 (full 0):
 garbage-first heap   total 260096K, used 5199K [0x0000000703400000, 0x0000000800000000)
  region size 2048K, 1 young (2048K), 1 survivors (2048K)
 Metaspace       used 9297K, committed 9472K, reserved 1064960K
  class space    used 1132K, committed 1216K, reserved 1048576K
}
Event: 7.150 GC heap before
{Heap before GC invocations=2 (full 0):
 garbage-first heap   total 260096K, used 158799K [0x0000000703400000, 0x0000000800000000)
  region size 2048K, 76 young (155648K), 1 survivors (2048K)
 Metaspace       used 16408K, committed 16576K, reserved 1064960K
  class space    used 1898K, committed 1984K, reserved 1048576K
}
Event: 7.163 GC heap after
{Heap after GC invocations=3 (full 0):
 garbage-first heap   total 260096K, used 19105K [0x0000000703400000, 0x0000000800000000)
  region size 2048K, 8 young (16384K), 8 survivors (16384K)
 Metaspace       used 16408K, committed 16576K, reserved 1064960K
  class space    used 1898K, committed 1984K, reserved 1048576K
}

Deoptimization events (20 events):
Event: 7.216 Thread 0x0000021aca433fa0 Uncommon trap: trap_request=0xffffff45 fr.pc=0x0000021adae1f04c relative=0x00000000000002ac
Event: 7.216 Thread 0x0000021aca433fa0 Uncommon trap: reason=unstable_if action=reinterpret pc=0x0000021adae1f04c method=java.util.regex.Matcher.reset()Ljava/util/regex/Matcher; @ 71 c2
Event: 7.216 Thread 0x0000021aca433fa0 DEOPT PACKING pc=0x0000021adae1f04c sp=0x000000e5932fd4e0
Event: 7.216 Thread 0x0000021aca433fa0 DEOPT UNPACKING pc=0x0000021ad32323a3 sp=0x000000e5932fd468 mode 2
Event: 7.391 Thread 0x0000021aca433fa0 Uncommon trap: trap_request=0xffffffde fr.pc=0x0000021adae05300 relative=0x0000000000000060
Event: 7.391 Thread 0x0000021aca433fa0 Uncommon trap: reason=class_check action=maybe_recompile pc=0x0000021adae05300 method=java.lang.invoke.Invokers$Holder.linkToTargetMethod(Ljava/lang/Object;Ljava/lang/Object;Ljava/lang/Object;)Ljava/lang/Object; @ 1 c2
Event: 7.391 Thread 0x0000021aca433fa0 DEOPT PACKING pc=0x0000021adae05300 sp=0x000000e5932fccf0
Event: 7.391 Thread 0x0000021aca433fa0 DEOPT UNPACKING pc=0x0000021ad32323a3 sp=0x000000e5932fcc78 mode 2
Event: 7.471 Thread 0x0000021aca433fa0 Uncommon trap: trap_request=0xffffffde fr.pc=0x0000021adae05300 relative=0x0000000000000060
Event: 7.471 Thread 0x0000021aca433fa0 Uncommon trap: reason=class_check action=maybe_recompile pc=0x0000021adae05300 method=java.lang.invoke.Invokers$Holder.linkToTargetMethod(Ljava/lang/Object;Ljava/lang/Object;Ljava/lang/Object;)Ljava/lang/Object; @ 1 c2
Event: 7.471 Thread 0x0000021aca433fa0 DEOPT PACKING pc=0x0000021adae05300 sp=0x000000e5932fcd50
Event: 7.471 Thread 0x0000021aca433fa0 DEOPT UNPACKING pc=0x0000021ad32323a3 sp=0x000000e5932fccd8 mode 2
Event: 7.547 Thread 0x0000021aca433fa0 Uncommon trap: trap_request=0xffffffde fr.pc=0x0000021adae05300 relative=0x0000000000000060
Event: 7.547 Thread 0x0000021aca433fa0 Uncommon trap: reason=class_check action=maybe_recompile pc=0x0000021adae05300 method=java.lang.invoke.Invokers$Holder.linkToTargetMethod(Ljava/lang/Object;Ljava/lang/Object;Ljava/lang/Object;)Ljava/lang/Object; @ 1 c2
Event: 7.547 Thread 0x0000021aca433fa0 DEOPT PACKING pc=0x0000021adae05300 sp=0x000000e5932fcd40
Event: 7.547 Thread 0x0000021aca433fa0 DEOPT UNPACKING pc=0x0000021ad32323a3 sp=0x000000e5932fccc8 mode 2
Event: 7.547 Thread 0x0000021aca433fa0 Uncommon trap: trap_request=0xffffffde fr.pc=0x0000021adae05300 relative=0x0000000000000060
Event: 7.547 Thread 0x0000021aca433fa0 Uncommon trap: reason=class_check action=maybe_recompile pc=0x0000021adae05300 method=java.lang.invoke.Invokers$Holder.linkToTargetMethod(Ljava/lang/Object;Ljava/lang/Object;Ljava/lang/Object;)Ljava/lang/Object; @ 1 c2
Event: 7.547 Thread 0x0000021aca433fa0 DEOPT PACKING pc=0x0000021adae05300 sp=0x000000e5932fcd40
Event: 7.547 Thread 0x0000021aca433fa0 DEOPT UNPACKING pc=0x0000021ad32323a3 sp=0x000000e5932fccc8 mode 2

Classes unloaded (0 events):
No events

Classes redefined (0 events):
No events

Internal exceptions (20 events):
Event: 1.229 Thread 0x0000021aca433fa0 Exception <a 'java/lang/NoClassDefFoundError'{0x00000007121c0550}: javax/enterprise/inject/Typed> (0x00000007121c0550) 
thrown [t:\workspace\open\src\hotspot\share\classfile\systemDictionary.cpp, line 245]
Event: 2.618 Thread 0x0000021aca433fa0 Exception <a 'java/lang/NoSuchMethodError'{0x0000000712c6e120}: 'void java.lang.invoke.DirectMethodHandle$Holder.invokeStaticInit(java.lang.Object, java.lang.Object, java.lang.Object)'> (0x0000000712c6e120) 
thrown [t:\workspace\open\src\hotspot\share\interpreter\linkResolver.cpp, line 766]
Event: 2.627 Thread 0x0000021aca433fa0 Exception <a 'java/lang/ExceptionInInitializerError'{0x0000000712c988c8}> (0x0000000712c988c8) 
thrown [t:\workspace\open\src\hotspot\share\oops\instanceKlass.cpp, line 1163]
Event: 2.660 Thread 0x0000021aca433fa0 Implicit null exception at 0x0000021adad2b92f to 0x0000021adad2ba94
Event: 2.671 Thread 0x0000021aca433fa0 Exception <a 'java/lang/NoSuchMethodError'{0x0000000712da0a00}: 'java.lang.Object java.lang.invoke.Invokers$Holder.invokeExact_MT(java.lang.Object, int, java.lang.Object)'> (0x0000000712da0a00) 
thrown [t:\workspace\open\src\hotspot\share\interpreter\linkResolver.cpp, line 766]
Event: 2.702 Thread 0x0000021aca433fa0 Exception <a 'java/lang/NoSuchMethodError'{0x0000000712a15250}: 'void java.lang.invoke.DirectMethodHandle$Holder.invokeStatic(java.lang.Object, java.lang.Object)'> (0x0000000712a15250) 
thrown [t:\workspace\open\src\hotspot\share\interpreter\linkResolver.cpp, line 766]
Event: 2.707 Thread 0x0000021aca433fa0 Exception <a 'java/lang/NoSuchMethodError'{0x0000000712a24a58}: 'int java.lang.invoke.DirectMethodHandle$Holder.invokeSpecial(java.lang.Object, java.lang.Object, java.lang.Object, java.lang.Object)'> (0x0000000712a24a58) 
thrown [t:\workspace\open\src\hotspot\share\interpreter\linkResolver.cpp, line 766]
Event: 3.363 Thread 0x0000021aca433fa0 Exception <a 'java/lang/NoClassDefFoundError'{0x0000000712305e50}: com/google/inject/servlet/ServletModuleTargetVisitor> (0x0000000712305e50) 
thrown [t:\workspace\open\src\hotspot\share\classfile\systemDictionary.cpp, line 245]
Event: 3.451 Thread 0x0000021aca433fa0 Exception <a 'java/lang/NoSuchMethodError'{0x000000071208fbf8}: 'void java.lang.invoke.DirectMethodHandle$Holder.invokeVirtual(java.lang.Object, java.lang.Object)'> (0x000000071208fbf8) 
thrown [t:\workspace\open\src\hotspot\share\interpreter\linkResolver.cpp, line 766]
Event: 3.486 Thread 0x0000021aca433fa0 Exception <a 'java/lang/NoSuchMethodError'{0x0000000712109078}: 'java.lang.Object java.lang.invoke.DirectMethodHandle$Holder.invokeStaticInit(java.lang.Object, int, int, int, int)'> (0x0000000712109078) 
thrown [t:\workspace\open\src\hotspot\share\interpreter\linkResolver.cpp, line 766]
Event: 3.678 Thread 0x0000021aca433fa0 Implicit null exception at 0x0000021adacda7f2 to 0x0000021adacdae4c
Event: 3.678 Thread 0x0000021aca433fa0 Implicit null exception at 0x0000021adace9ff2 to 0x0000021adacea66c
Event: 4.992 Thread 0x0000021aca433fa0 Exception <a 'java/lang/NoSuchMethodError'{0x000000070ed69ba8}: 'java.lang.Object java.lang.invoke.DirectMethodHandle$Holder.newInvokeSpecial(java.lang.Object, java.lang.Object, java.lang.Object, java.lang.Object, java.lang.Object, java.lang.Object, java.lang.Object)'> (0x000000070ed69ba8) 
thrown [t:\workspace\open\src\hotspot\share\interpreter\linkResolver.cpp, line 766]
Event: 4.993 Thread 0x0000021aca433fa0 Exception <a 'java/lang/NoSuchMethodError'{0x000000070ed6e4b8}: 'java.lang.Object java.lang.invoke.Invokers$Holder.linkToTargetMethod(java.lang.Object, java.lang.Object, java.lang.Object, java.lang.Object, java.lang.Object, java.lang.Object, java.lang.Object)'> (0x000000070ed6e4b8) 
thrown [t:\workspace\open\src\hotspot\share\interpreter\linkResolver.cpp, line 766]
Event: 6.983 Thread 0x0000021aca433fa0 Implicit null exception at 0x0000021adae60bd4 to 0x0000021adae61378
Event: 6.995 Thread 0x0000021aca433fa0 Exception <a 'java/lang/NoSuchMethodError'{0x0000000709f4db78}: 'java.lang.Object java.lang.invoke.DirectMethodHandle$Holder.invokeVirtual(java.lang.Object, java.lang.Object, java.lang.Object)'> (0x0000000709f4db78) 
thrown [t:\workspace\open\src\hotspot\share\interpreter\linkResolver.cpp, line 766]
Event: 6.996 Thread 0x0000021aca433fa0 Exception <a 'java/lang/NoSuchMethodError'{0x0000000709f550e0}: 'void java.lang.invoke.DirectMethodHandle$Holder.invokeSpecial(java.lang.Object, java.lang.Object, java.lang.Object, java.lang.Object, java.lang.Object, java.lang.Object)'> (0x0000000709f550e0) 
thrown [t:\workspace\open\src\hotspot\share\interpreter\linkResolver.cpp, line 766]
Event: 6.999 Thread 0x0000021aca433fa0 Exception <a 'java/lang/NoSuchMethodError'{0x0000000709f606f8}: 'int java.lang.invoke.DirectMethodHandle$Holder.invokeVirtual(java.lang.Object, java.lang.Object)'> (0x0000000709f606f8) 
thrown [t:\workspace\open\src\hotspot\share\interpreter\linkResolver.cpp, line 766]
Event: 7.188 Thread 0x0000021aca433fa0 Exception <a 'java/lang/NoSuchMethodError'{0x00000007130e13c8}: 'java.lang.Object java.lang.invoke.DirectMethodHandle$Holder.invokeSpecial(java.lang.Object, java.lang.Object, java.lang.Object, int, java.lang.Object)'> (0x00000007130e13c8) 
thrown [t:\workspace\open\src\hotspot\share\interpreter\linkResolver.cpp, line 766]
Event: 7.465 Thread 0x0000021aca433fa0 Exception <a 'java/lang/NoSuchMethodError'{0x000000071297c730}: 'java.lang.Object java.lang.invoke.DirectMethodHandle$Holder.invokeStaticInit(java.lang.Object, java.lang.Object, int, int, int, int)'> (0x000000071297c730) 
thrown [t:\workspace\open\src\hotspot\share\interpreter\linkResolver.cpp, line 766]

VM Operations (20 events):
Event: 3.728 Executing VM operation: HandshakeAllThreads
Event: 3.728 Executing VM operation: HandshakeAllThreads done
Event: 3.964 Executing VM operation: ICBufferFull
Event: 3.964 Executing VM operation: ICBufferFull done
Event: 4.620 Executing VM operation: HandshakeAllThreads
Event: 4.620 Executing VM operation: HandshakeAllThreads done
Event: 4.622 Executing VM operation: ICBufferFull
Event: 4.622 Executing VM operation: ICBufferFull done
Event: 5.204 Executing VM operation: ICBufferFull
Event: 5.204 Executing VM operation: ICBufferFull done
Event: 6.206 Executing VM operation: Cleanup
Event: 6.207 Executing VM operation: Cleanup done
Event: 7.150 Executing VM operation: G1CollectForAllocation
Event: 7.163 Executing VM operation: G1CollectForAllocation done
Event: 7.309 Executing VM operation: HandshakeAllThreads
Event: 7.309 Executing VM operation: HandshakeAllThreads done
Event: 7.405 Executing VM operation: HandshakeAllThreads
Event: 7.405 Executing VM operation: HandshakeAllThreads done
Event: 7.457 Executing VM operation: HandshakeAllThreads
Event: 7.457 Executing VM operation: HandshakeAllThreads done

Events (20 events):
Event: 7.456 loading class java/nio/file/DirectoryStream$Filter done
Event: 7.456 loading class java/nio/file/Files$AcceptAllFilter done
Event: 7.456 loading class sun/nio/fs/WindowsDirectoryStream
Event: 7.456 loading class java/nio/file/DirectoryStream
Event: 7.456 loading class java/nio/file/DirectoryStream done
Event: 7.456 loading class sun/nio/fs/WindowsDirectoryStream done
Event: 7.457 loading class sun/nio/fs/WindowsDirectoryStream$WindowsDirectoryIterator
Event: 7.457 loading class sun/nio/fs/WindowsDirectoryStream$WindowsDirectoryIterator done
Event: 7.457 loading class sun/nio/fs/WindowsPath$WindowsPathWithAttributes
Event: 7.457 loading class sun/nio/fs/BasicFileAttributesHolder
Event: 7.457 loading class sun/nio/fs/BasicFileAttributesHolder done
Event: 7.457 loading class sun/nio/fs/WindowsPath$WindowsPathWithAttributes done
Event: 7.468 loading class sun/security/provider/AbstractDrbg$NonceProvider
Event: 7.468 loading class sun/security/provider/AbstractDrbg$NonceProvider done
Event: 7.468 loading class sun/security/provider/SHA2$SHA256
Event: 7.468 loading class sun/security/provider/SHA2
Event: 7.468 loading class sun/security/provider/SHA2 done
Event: 7.468 loading class sun/security/provider/SHA2$SHA256 done
Event: 7.547 loading class java/util/RegularEnumSet$EnumSetIterator
Event: 7.547 loading class java/util/RegularEnumSet$EnumSetIterator done


Dynamic libraries:
0x00007ff64e500000 - 0x00007ff64e510000 	C:\Program Files\Java\jdk-17.0.1\bin\java.exe
0x00007ffa58060000 - 0x00007ffa582c8000 	C:\WINDOWS\SYSTEM32\ntdll.dll
0x00007ffa57200000 - 0x00007ffa572c9000 	C:\WINDOWS\System32\KERNEL32.DLL
0x00007ffa54940000 - 0x00007ffa54d31000 	C:\WINDOWS\System32\KERNELBASE.dll
0x00007ffa54e00000 - 0x00007ffa54f4b000 	C:\WINDOWS\System32\ucrtbase.dll
0x00007ffa4f630000 - 0x00007ffa4f648000 	C:\Program Files\Java\jdk-17.0.1\bin\jli.dll
0x00007ffa50080000 - 0x00007ffa5009a000 	C:\Program Files\Java\jdk-17.0.1\bin\VCRUNTIME140.dll
0x00007ffa56240000 - 0x00007ffa562f4000 	C:\WINDOWS\System32\ADVAPI32.dll
0x00007ffa57880000 - 0x00007ffa57929000 	C:\WINDOWS\System32\msvcrt.dll
0x00007ffa55ec0000 - 0x00007ffa55f66000 	C:\WINDOWS\System32\sechost.dll
0x00007ffa57d50000 - 0x00007ffa57e68000 	C:\WINDOWS\System32\RPCRT4.dll
0x00007ffa56300000 - 0x00007ffa564c6000 	C:\WINDOWS\System32\USER32.dll
0x00007ffa31c50000 - 0x00007ffa31ee3000 	C:\WINDOWS\WinSxS\amd64_microsoft.windows.common-controls_6595b64144ccf1df_6.0.26100.7824_none_3e0870b2e3345462\COMCTL32.dll
0x00007ffa55b00000 - 0x00007ffa55b27000 	C:\WINDOWS\System32\win32u.dll
0x00007ffa56210000 - 0x00007ffa5623b000 	C:\WINDOWS\System32\GDI32.dll
0x00007ffa54fe0000 - 0x00007ffa5510b000 	C:\WINDOWS\System32\gdi32full.dll
0x00007ffa4cf40000 - 0x00007ffa4cf4b000 	C:\WINDOWS\SYSTEM32\VERSION.dll
0x00007ffa55b30000 - 0x00007ffa55bd3000 	C:\WINDOWS\System32\msvcp_win.dll
0x00007ffa566a0000 - 0x00007ffa566d1000 	C:\WINDOWS\System32\IMM32.DLL
0x00007ffa500e0000 - 0x00007ffa500ec000 	C:\Program Files\Java\jdk-17.0.1\bin\vcruntime140_1.dll
0x00007ffa49570000 - 0x00007ffa495fd000 	C:\Program Files\Java\jdk-17.0.1\bin\msvcp140.dll
0x00007ff9fca00000 - 0x00007ff9fd5be000 	C:\Program Files\Java\jdk-17.0.1\bin\server\jvm.dll
0x00007ffa56200000 - 0x00007ffa56208000 	C:\WINDOWS\System32\PSAPI.DLL
0x00007ffa4db70000 - 0x00007ffa4db7a000 	C:\WINDOWS\SYSTEM32\WSOCK32.dll
0x00007ffa45650000 - 0x00007ffa45685000 	C:\WINDOWS\SYSTEM32\WINMM.dll
0x00007ffa57930000 - 0x00007ffa579a4000 	C:\WINDOWS\System32\WS2_32.dll
0x00007ffa537c0000 - 0x00007ffa537db000 	C:\WINDOWS\SYSTEM32\kernel.appcore.dll
0x00007ffa4f620000 - 0x00007ffa4f62a000 	C:\Program Files\Java\jdk-17.0.1\bin\jimage.dll
0x00007ffa52850000 - 0x00007ffa52a92000 	C:\WINDOWS\SYSTEM32\DBGHELP.DLL
0x00007ffa579b0000 - 0x00007ffa57d36000 	C:\WINDOWS\System32\combase.dll
0x00007ffa55fa0000 - 0x00007ffa56077000 	C:\WINDOWS\System32\OLEAUT32.dll
0x00007ffa37360000 - 0x00007ffa3739b000 	C:\WINDOWS\SYSTEM32\dbgcore.DLL
0x00007ffa55d50000 - 0x00007ffa55df5000 	C:\WINDOWS\System32\bcryptPrimitives.dll
0x00007ffa49520000 - 0x00007ffa49545000 	C:\Program Files\Java\jdk-17.0.1\bin\java.dll
0x00007ffa25480000 - 0x00007ffa25556000 	C:\Program Files\Java\jdk-17.0.1\bin\svml.dll
0x00007ffa568c0000 - 0x00007ffa57012000 	C:\WINDOWS\System32\SHELL32.dll
0x00007ffa55be0000 - 0x00007ffa55d4a000 	C:\WINDOWS\System32\wintypes.dll
0x00007ffa55290000 - 0x00007ffa55af3000 	C:\WINDOWS\System32\windows.storage.dll
0x00007ffa57760000 - 0x00007ffa57856000 	C:\WINDOWS\System32\SHCORE.dll
0x00007ffa55e00000 - 0x00007ffa55e67000 	C:\WINDOWS\System32\shlwapi.dll
0x00007ffa54860000 - 0x00007ffa54889000 	C:\WINDOWS\SYSTEM32\profapi.dll
0x00007ffa4f600000 - 0x00007ffa4f619000 	C:\Program Files\Java\jdk-17.0.1\bin\net.dll
0x00007ffa4cbf0000 - 0x00007ffa4cd17000 	C:\WINDOWS\SYSTEM32\WINHTTP.dll
0x00007ffa53d10000 - 0x00007ffa53d7b000 	C:\WINDOWS\system32\mswsock.dll
0x00007ffa49a40000 - 0x00007ffa49a55000 	C:\Program Files\Java\jdk-17.0.1\bin\nio.dll
0x00007ffa48da0000 - 0x00007ffa48db8000 	C:\Program Files\Java\jdk-17.0.1\bin\zip.dll
0x0000000069ac0000 - 0x0000000069ae4000 	C:\apache-maven-3.9.5\lib\jansi-native\Windows\x86_64\jansi.dll
0x00007ffa45030000 - 0x00007ffa45040000 	C:\Program Files\Java\jdk-17.0.1\bin\verify.dll
0x00007ffa54100000 - 0x00007ffa5411b000 	C:\WINDOWS\SYSTEM32\CRYPTSP.dll
0x00007ffa53720000 - 0x00007ffa53759000 	C:\WINDOWS\system32\rsaenh.dll
0x00007ffa53dc0000 - 0x00007ffa53deb000 	C:\WINDOWS\SYSTEM32\USERENV.dll
0x00007ffa54830000 - 0x00007ffa5485a000 	C:\WINDOWS\SYSTEM32\bcrypt.dll
0x00007ffa53f60000 - 0x00007ffa53f6c000 	C:\WINDOWS\SYSTEM32\CRYPTBASE.dll
0x00007ffa53130000 - 0x00007ffa53164000 	C:\WINDOWS\SYSTEM32\IPHLPAPI.DLL
0x00007ffa57e70000 - 0x00007ffa57e7a000 	C:\WINDOWS\System32\NSI.dll
0x00007ffa4cf50000 - 0x00007ffa4cf6e000 	C:\WINDOWS\SYSTEM32\dhcpcsvc6.DLL
0x00007ffa4cd90000 - 0x00007ffa4cdb3000 	C:\WINDOWS\SYSTEM32\dhcpcsvc.DLL
0x00007ffa531c0000 - 0x00007ffa532ec000 	C:\WINDOWS\SYSTEM32\DNSAPI.dll

dbghelp: loaded successfully - version: 4.0.5 - missing functions: none
symbol engine: initialized successfully - sym options: 0x614 - pdb path: .;C:\Program Files\Java\jdk-17.0.1\bin;C:\WINDOWS\SYSTEM32;C:\WINDOWS\WinSxS\amd64_microsoft.windows.common-controls_6595b64144ccf1df_6.0.26100.7824_none_3e0870b2e3345462;C:\Program Files\Java\jdk-17.0.1\bin\server;C:\apache-maven-3.9.5\lib\jansi-native\Windows\x86_64

VM Arguments:
jvm_args: -Dclassworlds.conf=C:\apache-maven-3.9.5\bin\m2.conf -Dmaven.home=C:\apache-maven-3.9.5 -Dlibrary.jansi.path=C:\apache-maven-3.9.5\lib\jansi-native -Dmaven.multiModuleProjectDirectory=D:\BOB Projects\OlympicAcadmyManagement\olympic-academy-management 
java_command: org.codehaus.plexus.classworlds.launcher.Launcher generate-sources -Pservice-swagger-models -Dproject-name.dot-separated=service -Dservice-name.dot-separated=trainee -Dservice-name.dash-separated=trainee -Dservice-name.slash-separated=trainee
java_class_path (initial): C:\apache-maven-3.9.5\boot\plexus-classworlds-2.7.0.jar
Launcher Type: SUN_STANDARD

[Global flags]
     intx CICompilerCount                          = 4                                         {product} {ergonomic}
     uint ConcGCThreads                            = 3                                         {product} {ergonomic}
     uint G1ConcRefinementThreads                  = 10                                        {product} {ergonomic}
   size_t G1HeapRegionSize                         = 2097152                                   {product} {ergonomic}
    uintx GCDrainStackTargetSize                   = 64                                        {product} {ergonomic}
   size_t InitialHeapSize                          = 266338304                                 {product} {ergonomic}
   size_t MarkStackSize                            = 4194304                                   {product} {ergonomic}
   size_t MaxHeapSize                              = 4240441344                                {product} {ergonomic}
   size_t MaxNewSize                               = 2543845376                                {product} {ergonomic}
   size_t MinHeapDeltaBytes                        = 2097152                                   {product} {ergonomic}
   size_t MinHeapSize                              = 8388608                                   {product} {ergonomic}
    uintx NonNMethodCodeHeapSize                   = 5839372                                {pd product} {ergonomic}
    uintx NonProfiledCodeHeapSize                  = 122909434                              {pd product} {ergonomic}
    uintx ProfiledCodeHeapSize                     = 122909434                              {pd product} {ergonomic}
    uintx ReservedCodeCacheSize                    = 251658240                              {pd product} {ergonomic}
     bool SegmentedCodeCache                       = true                                      {product} {ergonomic}
   size_t SoftMaxHeapSize                          = 4240441344                             {manageable} {ergonomic}
     bool UseCompressedClassPointers               = true                           {product lp64_product} {ergonomic}
     bool UseCompressedOops                        = true                           {product lp64_product} {ergonomic}
     bool UseG1GC                                  = true                                      {product} {ergonomic}
     bool UseLargePagesIndividualAllocation        = false                                  {pd product} {ergonomic}

Logging:
Log output configuration:
 #0: stdout all=warning uptime,level,tags
 #1: stderr all=off uptime,level,tags

Environment Variables:
JAVA_HOME=C:\Program Files\Java\jdk-17.0.1
PATH=C:\Program Files\Java\jdk-17.0.1\bin;C:\Program Files\Java\jdk-17.0.1\bin;C:\Program Files\Common Files\Oracle\Java\javapath;C:\Program Files (x86)\Common Files\Oracle\Java\javapath;C:\WINDOWS\system32;C:\WINDOWS;C:\WINDOWS\System32\Wbem;C:\WINDOWS\System32\WindowsPowerShell\v1.0\;C:\WINDOWS\System32\OpenSSH\;C:\Program Files\nodejs\;C:\ProgramData\chocolatey\bin;C:\apache-maven-3.9.5\bin;C:\xampp\php;C:\Users\moeha\AppData\Local\Programs\Python\Python311\Scripts;C:\Program Files\Git\cmd;C:\Program Files (x86)\Microsoft SQL Server\160\DTS\Binn\;C:\Program Files\PuTTY\;C:\Users\moeha\AppData\Local\Programs\Python\Python311\;C:\msys64\mingw64\bin;C:\Program Files\dotnet\;C:\Users\moeha\AppData\Roaming\Python\Scripts;C:\Program Files\Heroku\bin;C:\Program Files\Java\jdk-23.0.1\bin;C:\Program Files\Docker\Docker\resources\bin;C:\Program Files\PowerShell\7-preview\preview;C:\Program Files\PowerShell\7\;c:\Users\moeha\AppData\Local\Programs\cursor\resources\app\codeBin;c:\Users\moeha\AppData\Local\Programs\Trae\bin;%PYTHON_HOME%;C:\Users\moeha\AppData\Local\Programs\Python\Python312\Scripts\;C:\Users\moeha\AppData\Local\Programs\Python\Python312\;C:\Program Files\MySQL\MySQL Shell 8.0\bin\;C:\Users\moeha\AppData\Local\Microsoft\WindowsApps;C:\Users\moeha\AppData\Local\Programs\Microsoft VS Code\bin;C:\Users\moeha\AppData\Roaming\npm;C:\Users\moeha\.dotnet\tools;C:\Program Files\JetBrains\PyCharm 2024.2.2\bin;;C:\msys64\mingw64\lib\python3.11\site-packages\pip;C:\Program Files\heroku\bin;C:\Program Files\JetBrains\IntelliJ IDEA 2024.3.1.1\bin;;C:\Users\moeha\AppData\Local\GitHubDesktop\bin;C:\Users\moeha\AppData\Local\Programs\cursor\resources\app\bin
USERNAME=BOBO
OS=Windows_NT
PROCESSOR_IDENTIFIER=Intel64 Family 6 Model 158 Stepping 10, GenuineIntel



---------------  S Y S T E M  ---------------

OS:
 Windows 10 , 64 bit Build 26100 (10.0.26100.7705)
OS uptime: 8 days 1:32 hours
Hyper-V role detected

CPU: total 12 (initial active 12) (6 cores per cpu, 2 threads per core) family 6 model 158 stepping 10 microcode 0xf8, cx8, cmov, fxsr, ht, mmx, 3dnowpref, sse, sse2, sse3, ssse3, sse4.1, sse4.2, popcnt, lzcnt, tsc, tscinvbit, avx, avx2, aes, erms, clmul, bmi1, bmi2, rtm, adx, fma, vzeroupper, clflush, clflushopt, hv

Memory: 4k page, system-wide physical 16175M (1817M free)
TotalPageFile size 28375M (AvailPageFile size 4M)
current process WorkingSet (physical memory assigned to process): 284M, peak: 285M
current process commit charge ("private bytes"): 416M, peak: 417M

vm_info: Java HotSpot(TM) 64-Bit Server VM (17.0.1+12-LTS-39) for windows-amd64 JRE (17.0.1+12-LTS-39), built on Sep 27 2021 18:41:35 by "mach5one" with MS VC++ 16.8 (VS2019)

END.
